<?xml version="1.0" encoding="UTF-8"?>
<testsuite name="com.alone.my.springboot.domain.posts.PostsRepositoryTest" tests="2" skipped="0" failures="0" errors="0" timestamp="2021-04-04T22:59:22" hostname="DESKTOP-5G2C5JO" time="0.532">
  <properties/>
  <testcase name="게시글저장_불러오기" classname="com.alone.my.springboot.domain.posts.PostsRepositoryTest" time="0.522"/>
  <testcase name="BaseTimeEntity_등록" classname="com.alone.my.springboot.domain.posts.PostsRepositoryTest" time="0.009"/>
  <system-out><![CDATA[2021-04-05 07:59:20.163  INFO 16172 --- [    Test worker] .b.t.c.SpringBootTestContextBootstrapper : Neither @ContextConfiguration nor @ContextHierarchy found for test class [com.alone.my.springboot.domain.posts.PostsRepositoryTest], using SpringBootContextLoader
2021-04-05 07:59:20.164  INFO 16172 --- [    Test worker] o.s.t.c.support.AbstractContextLoader    : Could not detect default resource locations for test class [com.alone.my.springboot.domain.posts.PostsRepositoryTest]: no resource found for suffixes {-context.xml, Context.groovy}.
2021-04-05 07:59:20.167  INFO 16172 --- [    Test worker] t.c.s.AnnotationConfigContextLoaderUtils : Could not detect default configuration classes for test class [com.alone.my.springboot.domain.posts.PostsRepositoryTest]: PostsRepositoryTest does not declare any static, non-private, non-final, nested classes annotated with @Configuration.
2021-04-05 07:59:20.182  INFO 16172 --- [    Test worker] .b.t.c.SpringBootTestContextBootstrapper : Found @SpringBootConfiguration com.alone.my.springboot.Application for test class com.alone.my.springboot.domain.posts.PostsRepositoryTest
2021-04-05 07:59:20.183  INFO 16172 --- [    Test worker] .b.t.c.SpringBootTestContextBootstrapper : Loaded default TestExecutionListener class names from location [META-INF/spring.factories]: [org.springframework.security.test.context.support.WithSecurityContextTestExecutionListener, org.springframework.security.test.context.support.ReactorContextTestExecutionListener, org.springframework.boot.test.autoconfigure.restdocs.RestDocsTestExecutionListener, org.springframework.boot.test.autoconfigure.web.client.MockRestServiceServerResetTestExecutionListener, org.springframework.boot.test.autoconfigure.web.servlet.MockMvcPrintOnlyOnFailureTestExecutionListener, org.springframework.boot.test.autoconfigure.web.servlet.WebDriverTestExecutionListener, org.springframework.boot.test.mock.mockito.MockitoTestExecutionListener, org.springframework.boot.test.mock.mockito.ResetMocksTestExecutionListener, org.springframework.test.context.web.ServletTestExecutionListener, org.springframework.test.context.support.DirtiesContextBeforeModesTestExecutionListener, org.springframework.test.context.support.DependencyInjectionTestExecutionListener, org.springframework.test.context.support.DirtiesContextTestExecutionListener, org.springframework.test.context.transaction.TransactionalTestExecutionListener, org.springframework.test.context.jdbc.SqlScriptsTestExecutionListener]
2021-04-05 07:59:20.184  INFO 16172 --- [    Test worker] .b.t.c.SpringBootTestContextBootstrapper : Using TestExecutionListeners: [org.springframework.test.context.web.ServletTestExecutionListener@644341b2, org.springframework.test.context.support.DirtiesContextBeforeModesTestExecutionListener@5970e0f6, org.springframework.boot.test.mock.mockito.MockitoTestExecutionListener@2cc119a1, org.springframework.boot.test.autoconfigure.SpringBootDependencyInjectionTestExecutionListener@8d4d26c, org.springframework.test.context.support.DirtiesContextTestExecutionListener@76645c15, org.springframework.test.context.transaction.TransactionalTestExecutionListener@28cd757f, org.springframework.test.context.jdbc.SqlScriptsTestExecutionListener@c657dd6, org.springframework.security.test.context.support.WithSecurityContextTestExecutionListener@220c8984, org.springframework.security.test.context.support.ReactorContextTestExecutionListener@76dcfd24, org.springframework.boot.test.autoconfigure.restdocs.RestDocsTestExecutionListener@3579180d, org.springframework.boot.test.autoconfigure.web.client.MockRestServiceServerResetTestExecutionListener@12d548b9, org.springframework.boot.test.autoconfigure.web.servlet.MockMvcPrintOnlyOnFailureTestExecutionListener@54d3b3ce, org.springframework.boot.test.autoconfigure.web.servlet.WebDriverTestExecutionListener@457741ad, org.springframework.boot.test.mock.mockito.ResetMocksTestExecutionListener@38b3807e]

  .   ____          _            __ _ _
 /\\ / ___'_ __ _ _(_)_ __  __ _ \ \ \ \
( ( )\___ | '_ | '_| | '_ \/ _` | \ \ \ \
 \\/  ___)| |_)| | | | | || (_| |  ) ) ) )
  '  |____| .__|_| |_|_| |_\__, | / / / /
 =========|_|==============|___/=/_/_/_/
 :: Spring Boot ::        (v2.1.7.RELEASE)

2021-04-05 07:59:20.267  INFO 16172 --- [    Test worker] c.a.m.s.d.posts.PostsRepositoryTest      : Starting PostsRepositoryTest on DESKTOP-5G2C5JO with PID 16172 (started by KIMSG in C:\Users\KIMSG\Desktop\code\인텔리제이+aws\alone00)
2021-04-05 07:59:20.268  INFO 16172 --- [    Test worker] c.a.m.s.d.posts.PostsRepositoryTest      : The following profiles are active: oauth
2021-04-05 07:59:20.749  INFO 16172 --- [    Test worker] .s.d.r.c.RepositoryConfigurationDelegate : Bootstrapping Spring Data repositories in DEFAULT mode.
2021-04-05 07:59:20.792  INFO 16172 --- [    Test worker] .s.d.r.c.RepositoryConfigurationDelegate : Finished Spring Data repository scanning in 43ms. Found 2 repository interfaces.
2021-04-05 07:59:20.934  INFO 16172 --- [    Test worker] trationDelegate$BeanPostProcessorChecker : Bean 'org.springframework.transaction.annotation.ProxyTransactionManagementConfiguration' of type [org.springframework.transaction.annotation.ProxyTransactionManagementConfiguration$$EnhancerBySpringCGLIB$$e4e9d41f] is not eligible for getting processed by all BeanPostProcessors (for example: not eligible for auto-proxying)
2021-04-05 07:59:21.047  INFO 16172 --- [    Test worker] com.zaxxer.hikari.HikariDataSource       : HikariPool-2 - Starting...
2021-04-05 07:59:21.049  INFO 16172 --- [    Test worker] com.zaxxer.hikari.HikariDataSource       : HikariPool-2 - Start completed.
2021-04-05 07:59:21.096  INFO 16172 --- [    Test worker] o.hibernate.jpa.internal.util.LogHelper  : HHH000204: Processing PersistenceUnitInfo [
	name: default
	...]
2021-04-05 07:59:21.110  INFO 16172 --- [    Test worker] org.hibernate.dialect.Dialect            : HHH000400: Using dialect: org.hibernate.dialect.MySQL5InnoDBDialect
Hibernate: drop table if exists posts
Hibernate: drop table if exists user
Hibernate: create table posts (id bigint not null auto_increment, created_date datetime, modified_date datetime, author varchar(255), content TEXT not null, title varchar(500) not null, primary key (id)) engine=InnoDB
Hibernate: create table user (id bigint not null auto_increment, created_date datetime, modified_date datetime, email varchar(255) not null, name varchar(255) not null, picture varchar(255), role varchar(255) not null, primary key (id)) engine=InnoDB
2021-04-05 07:59:21.206  INFO 16172 --- [    Test worker] o.h.t.schema.internal.SchemaCreatorImpl  : HHH000476: Executing import script 'org.hibernate.tool.schema.internal.exec.ScriptSourceInputNonExistentImpl@2106d1d6'
2021-04-05 07:59:21.206  INFO 16172 --- [    Test worker] j.LocalContainerEntityManagerFactoryBean : Initialized JPA EntityManagerFactory for persistence unit 'default'
2021-04-05 07:59:21.500  INFO 16172 --- [    Test worker] o.h.h.i.QueryTranslatorFactoryInitiator  : HHH000397: Using ASTQueryTranslatorFactory
2021-04-05 07:59:21.726  INFO 16172 --- [    Test worker] o.s.s.web.DefaultSecurityFilterChain     : Creating filter chain: any request, [org.springframework.security.web.context.request.async.WebAsyncManagerIntegrationFilter@1a6b4f93, org.springframework.security.web.context.SecurityContextPersistenceFilter@7c1d761, org.springframework.security.web.header.HeaderWriterFilter@65275f45, org.springframework.security.web.authentication.logout.LogoutFilter@4537ab6d, org.springframework.security.oauth2.client.web.OAuth2AuthorizationRequestRedirectFilter@166470d, org.springframework.security.oauth2.client.web.OAuth2LoginAuthenticationFilter@2ea708e8, org.springframework.security.web.authentication.ui.DefaultLoginPageGeneratingFilter@4cc4074b, org.springframework.security.web.authentication.ui.DefaultLogoutPageGeneratingFilter@6ed5a8ad, org.springframework.security.web.savedrequest.RequestCacheAwareFilter@3dcd7b7a, org.springframework.security.web.servletapi.SecurityContextHolderAwareRequestFilter@624fc6f1, org.springframework.security.web.authentication.AnonymousAuthenticationFilter@5db8c455, org.springframework.security.web.session.SessionManagementFilter@325a00b, org.springframework.security.web.access.ExceptionTranslationFilter@1425c269, org.springframework.security.web.access.intercept.FilterSecurityInterceptor@167c46dd]
2021-04-05 07:59:22.041  INFO 16172 --- [    Test worker] o.s.s.concurrent.ThreadPoolTaskExecutor  : Initializing ExecutorService 'applicationTaskExecutor'
2021-04-05 07:59:22.058  WARN 16172 --- [    Test worker] aWebConfiguration$JpaWebMvcConfiguration : spring.jpa.open-in-view is enabled by default. Therefore, database queries may be performed during view rendering. Explicitly configure spring.jpa.open-in-view to disable this warning
2021-04-05 07:59:22.101  INFO 16172 --- [    Test worker] o.s.b.a.w.s.WelcomePageHandlerMapping    : Adding welcome page template: index
2021-04-05 07:59:22.874  INFO 16172 --- [    Test worker] s.a.ScheduledAnnotationBeanPostProcessor : No TaskScheduler/ScheduledExecutorService bean found for scheduled processing
2021-04-05 07:59:22.876  INFO 16172 --- [    Test worker] c.a.m.s.d.posts.PostsRepositoryTest      : Started PostsRepositoryTest in 2.678 seconds (JVM running for 13.334)
Hibernate: insert into posts (created_date, modified_date, author, content, title) values (?, ?, ?, ?, ?)
Hibernate: select posts0_.id as id1_0_, posts0_.created_date as created_2_0_, posts0_.modified_date as modified3_0_, posts0_.author as author4_0_, posts0_.content as content5_0_, posts0_.title as title6_0_ from posts posts0_
Hibernate: select posts0_.id as id1_0_, posts0_.created_date as created_2_0_, posts0_.modified_date as modified3_0_, posts0_.author as author4_0_, posts0_.content as content5_0_, posts0_.title as title6_0_ from posts posts0_
Hibernate: delete from posts where id=?
Hibernate: insert into posts (created_date, modified_date, author, content, title) values (?, ?, ?, ?, ?)
Hibernate: select posts0_.id as id1_0_, posts0_.created_date as created_2_0_, posts0_.modified_date as modified3_0_, posts0_.author as author4_0_, posts0_.content as content5_0_, posts0_.title as title6_0_ from posts posts0_
>>>>>>>>> createDate=2021-04-05T07:59:23.412, modifiedDate=2021-04-05T07:59:23.412
Hibernate: select posts0_.id as id1_0_, posts0_.created_date as created_2_0_, posts0_.modified_date as modified3_0_, posts0_.author as author4_0_, posts0_.content as content5_0_, posts0_.title as title6_0_ from posts posts0_
Hibernate: delete from posts where id=?
]]></system-out>
  <system-err><![CDATA[]]></system-err>
</testsuite>
