<?xml version="1.0" encoding="UTF-8"?>
<testsuite name="com.alone.my.springboot.web.HelloControllerTest" tests="2" skipped="0" failures="0" errors="0" timestamp="2021-04-02T20:35:52" hostname="DESKTOP-5G2C5JO" time="0.199">
  <properties/>
  <testcase name="hello가_리턴된다" classname="com.alone.my.springboot.web.HelloControllerTest" time="0.098"/>
  <testcase name="helloDto가_리턴된다" classname="com.alone.my.springboot.web.HelloControllerTest" time="0.1"/>
  <system-out><![CDATA[2021-04-03 05:35:51.078  INFO 14732 --- [    Test worker] .b.t.a.w.s.WebMvcTestContextBootstrapper : Neither @ContextConfiguration nor @ContextHierarchy found for test class [com.alone.my.springboot.web.HelloControllerTest], using SpringBootContextLoader
2021-04-03 05:35:51.080  INFO 14732 --- [    Test worker] o.s.t.c.support.AbstractContextLoader    : Could not detect default resource locations for test class [com.alone.my.springboot.web.HelloControllerTest]: no resource found for suffixes {-context.xml, Context.groovy}.
2021-04-03 05:35:51.082  INFO 14732 --- [    Test worker] t.c.s.AnnotationConfigContextLoaderUtils : Could not detect default configuration classes for test class [com.alone.my.springboot.web.HelloControllerTest]: HelloControllerTest does not declare any static, non-private, non-final, nested classes annotated with @Configuration.
2021-04-03 05:35:51.265  INFO 14732 --- [    Test worker] .b.t.c.SpringBootTestContextBootstrapper : Found @SpringBootConfiguration com.alone.my.springboot.Application for test class com.alone.my.springboot.web.HelloControllerTest
2021-04-03 05:35:51.267  INFO 14732 --- [    Test worker] .b.t.a.w.s.WebMvcTestContextBootstrapper : Loaded default TestExecutionListener class names from location [META-INF/spring.factories]: [org.springframework.security.test.context.support.WithSecurityContextTestExecutionListener, org.springframework.security.test.context.support.ReactorContextTestExecutionListener, org.springframework.boot.test.autoconfigure.restdocs.RestDocsTestExecutionListener, org.springframework.boot.test.autoconfigure.web.client.MockRestServiceServerResetTestExecutionListener, org.springframework.boot.test.autoconfigure.web.servlet.MockMvcPrintOnlyOnFailureTestExecutionListener, org.springframework.boot.test.autoconfigure.web.servlet.WebDriverTestExecutionListener, org.springframework.boot.test.mock.mockito.MockitoTestExecutionListener, org.springframework.boot.test.mock.mockito.ResetMocksTestExecutionListener, org.springframework.test.context.web.ServletTestExecutionListener, org.springframework.test.context.support.DirtiesContextBeforeModesTestExecutionListener, org.springframework.test.context.support.DependencyInjectionTestExecutionListener, org.springframework.test.context.support.DirtiesContextTestExecutionListener, org.springframework.test.context.transaction.TransactionalTestExecutionListener, org.springframework.test.context.jdbc.SqlScriptsTestExecutionListener]
2021-04-03 05:35:51.269  INFO 14732 --- [    Test worker] .b.t.a.w.s.WebMvcTestContextBootstrapper : Using TestExecutionListeners: [org.springframework.test.context.web.ServletTestExecutionListener@345612e1, org.springframework.test.context.support.DirtiesContextBeforeModesTestExecutionListener@402299fa, org.springframework.boot.test.mock.mockito.MockitoTestExecutionListener@6b2eb838, org.springframework.boot.test.autoconfigure.SpringBootDependencyInjectionTestExecutionListener@672304d8, org.springframework.test.context.support.DirtiesContextTestExecutionListener@6366d3c7, org.springframework.test.context.transaction.TransactionalTestExecutionListener@37df6b18, org.springframework.test.context.jdbc.SqlScriptsTestExecutionListener@29aeeaa3, org.springframework.security.test.context.support.WithSecurityContextTestExecutionListener@56d42e8a, org.springframework.security.test.context.support.ReactorContextTestExecutionListener@3f9377c, org.springframework.boot.test.autoconfigure.restdocs.RestDocsTestExecutionListener@4f320bb0, org.springframework.boot.test.autoconfigure.web.client.MockRestServiceServerResetTestExecutionListener@11971b07, org.springframework.boot.test.autoconfigure.web.servlet.MockMvcPrintOnlyOnFailureTestExecutionListener@66c0d7c1, org.springframework.boot.test.autoconfigure.web.servlet.WebDriverTestExecutionListener@2cc84eb2, org.springframework.boot.test.mock.mockito.ResetMocksTestExecutionListener@73f8af10]

  .   ____          _            __ _ _
 /\\ / ___'_ __ _ _(_)_ __  __ _ \ \ \ \
( ( )\___ | '_ | '_| | '_ \/ _` | \ \ \ \
 \\/  ___)| |_)| | | | | || (_| |  ) ) ) )
  '  |____| .__|_| |_|_| |_\__, | / / / /
 =========|_|==============|___/=/_/_/_/
 :: Spring Boot ::        (v2.1.7.RELEASE)

2021-04-03 05:35:51.363  INFO 14732 --- [    Test worker] c.a.m.s.web.HelloControllerTest          : Starting HelloControllerTest on DESKTOP-5G2C5JO with PID 14732 (started by KIMSG in C:\Users\KIMSG\Desktop\code\인텔리제이+aws\alone00)
2021-04-03 05:35:51.364  INFO 14732 --- [    Test worker] c.a.m.s.web.HelloControllerTest          : The following profiles are active: oauth
2021-04-03 05:35:51.990  INFO 14732 --- [    Test worker] o.s.s.concurrent.ThreadPoolTaskExecutor  : Initializing ExecutorService 'applicationTaskExecutor'
2021-04-03 05:35:52.031  INFO 14732 --- [    Test worker] o.s.b.a.w.s.WelcomePageHandlerMapping    : Adding welcome page template: index
2021-04-03 05:35:52.340  INFO 14732 --- [    Test worker] .s.s.UserDetailsServiceAutoConfiguration : 

Using generated security password: ce7c1725-acf7-48ed-b2e2-6f40606f07c0

2021-04-03 05:35:52.491  INFO 14732 --- [    Test worker] o.s.s.web.DefaultSecurityFilterChain     : Creating filter chain: any request, [org.springframework.security.web.context.request.async.WebAsyncManagerIntegrationFilter@15e812e3, org.springframework.security.web.context.SecurityContextPersistenceFilter@67a04fbb, org.springframework.security.web.header.HeaderWriterFilter@5e534ce6, org.springframework.security.web.csrf.CsrfFilter@7ea22968, org.springframework.security.web.authentication.logout.LogoutFilter@242d624d, org.springframework.security.web.authentication.UsernamePasswordAuthenticationFilter@5ad1c6d0, org.springframework.security.web.authentication.ui.DefaultLoginPageGeneratingFilter@7bbf8df, org.springframework.security.web.authentication.ui.DefaultLogoutPageGeneratingFilter@3b3d1cb0, org.springframework.security.web.authentication.www.BasicAuthenticationFilter@6330986f, org.springframework.security.web.savedrequest.RequestCacheAwareFilter@5cb8eb59, org.springframework.security.web.servletapi.SecurityContextHolderAwareRequestFilter@18c8b854, org.springframework.security.web.authentication.AnonymousAuthenticationFilter@5ca90858, org.springframework.security.web.session.SessionManagementFilter@3155d72d, org.springframework.security.web.access.ExceptionTranslationFilter@64bbe31d, org.springframework.security.web.access.intercept.FilterSecurityInterceptor@663da9b3]
2021-04-03 05:35:52.527  INFO 14732 --- [    Test worker] o.s.b.t.m.w.SpringBootMockServletContext : Initializing Spring TestDispatcherServlet ''
2021-04-03 05:35:52.527  INFO 14732 --- [    Test worker] o.s.t.web.servlet.TestDispatcherServlet  : Initializing Servlet ''
2021-04-03 05:35:52.546  INFO 14732 --- [    Test worker] o.s.t.web.servlet.TestDispatcherServlet  : Completed initialization in 19 ms
2021-04-03 05:35:52.627  INFO 14732 --- [    Test worker] c.a.m.s.web.HelloControllerTest          : Started HelloControllerTest in 1.353 seconds (JVM running for 15.668)
악....시바라루짱시바라루짱시바라루짱시바라루짱
]]></system-out>
  <system-err><![CDATA[]]></system-err>
</testsuite>
