<?xml version="1.0" encoding="UTF-8"?>
<testsuite name="com.alone.my.springboot.web.HelloControllerTest" tests="2" skipped="0" failures="0" errors="0" timestamp="2021-04-04T23:03:13" hostname="DESKTOP-5G2C5JO" time="0.238">
  <properties/>
  <testcase name="hello가_리턴된다" classname="com.alone.my.springboot.web.HelloControllerTest" time="0.079"/>
  <testcase name="helloDto가_리턴된다" classname="com.alone.my.springboot.web.HelloControllerTest" time="0.157"/>
  <system-out><![CDATA[2021-04-05 08:03:11.796  INFO 10892 --- [    Test worker] .b.t.a.w.s.WebMvcTestContextBootstrapper : Neither @ContextConfiguration nor @ContextHierarchy found for test class [com.alone.my.springboot.web.HelloControllerTest], using SpringBootContextLoader
2021-04-05 08:03:11.797  INFO 10892 --- [    Test worker] o.s.t.c.support.AbstractContextLoader    : Could not detect default resource locations for test class [com.alone.my.springboot.web.HelloControllerTest]: no resource found for suffixes {-context.xml, Context.groovy}.
2021-04-05 08:03:11.799  INFO 10892 --- [    Test worker] t.c.s.AnnotationConfigContextLoaderUtils : Could not detect default configuration classes for test class [com.alone.my.springboot.web.HelloControllerTest]: HelloControllerTest does not declare any static, non-private, non-final, nested classes annotated with @Configuration.
2021-04-05 08:03:11.828  INFO 10892 --- [    Test worker] .b.t.c.SpringBootTestContextBootstrapper : Found @SpringBootConfiguration com.alone.my.springboot.Application for test class com.alone.my.springboot.web.HelloControllerTest
2021-04-05 08:03:11.829  INFO 10892 --- [    Test worker] .b.t.a.w.s.WebMvcTestContextBootstrapper : Loaded default TestExecutionListener class names from location [META-INF/spring.factories]: [org.springframework.security.test.context.support.WithSecurityContextTestExecutionListener, org.springframework.security.test.context.support.ReactorContextTestExecutionListener, org.springframework.boot.test.autoconfigure.restdocs.RestDocsTestExecutionListener, org.springframework.boot.test.autoconfigure.web.client.MockRestServiceServerResetTestExecutionListener, org.springframework.boot.test.autoconfigure.web.servlet.MockMvcPrintOnlyOnFailureTestExecutionListener, org.springframework.boot.test.autoconfigure.web.servlet.WebDriverTestExecutionListener, org.springframework.boot.test.mock.mockito.MockitoTestExecutionListener, org.springframework.boot.test.mock.mockito.ResetMocksTestExecutionListener, org.springframework.test.context.web.ServletTestExecutionListener, org.springframework.test.context.support.DirtiesContextBeforeModesTestExecutionListener, org.springframework.test.context.support.DependencyInjectionTestExecutionListener, org.springframework.test.context.support.DirtiesContextTestExecutionListener, org.springframework.test.context.transaction.TransactionalTestExecutionListener, org.springframework.test.context.jdbc.SqlScriptsTestExecutionListener]
2021-04-05 08:03:11.835  INFO 10892 --- [    Test worker] .b.t.a.w.s.WebMvcTestContextBootstrapper : Using TestExecutionListeners: [org.springframework.test.context.web.ServletTestExecutionListener@6f1bb293, org.springframework.test.context.support.DirtiesContextBeforeModesTestExecutionListener@60093629, org.springframework.boot.test.mock.mockito.MockitoTestExecutionListener@3e64cdd9, org.springframework.boot.test.autoconfigure.SpringBootDependencyInjectionTestExecutionListener@37686d1c, org.springframework.test.context.support.DirtiesContextTestExecutionListener@5d5ce48, org.springframework.test.context.transaction.TransactionalTestExecutionListener@2cc408a5, org.springframework.test.context.jdbc.SqlScriptsTestExecutionListener@345612e1, org.springframework.security.test.context.support.WithSecurityContextTestExecutionListener@402299fa, org.springframework.security.test.context.support.ReactorContextTestExecutionListener@6b2eb838, org.springframework.boot.test.autoconfigure.restdocs.RestDocsTestExecutionListener@672304d8, org.springframework.boot.test.autoconfigure.web.client.MockRestServiceServerResetTestExecutionListener@6366d3c7, org.springframework.boot.test.autoconfigure.web.servlet.MockMvcPrintOnlyOnFailureTestExecutionListener@37df6b18, org.springframework.boot.test.autoconfigure.web.servlet.WebDriverTestExecutionListener@29aeeaa3, org.springframework.boot.test.mock.mockito.ResetMocksTestExecutionListener@56d42e8a]

  .   ____          _            __ _ _
 /\\ / ___'_ __ _ _(_)_ __  __ _ \ \ \ \
( ( )\___ | '_ | '_| | '_ \/ _` | \ \ \ \
 \\/  ___)| |_)| | | | | || (_| |  ) ) ) )
  '  |____| .__|_| |_|_| |_\__, | / / / /
 =========|_|==============|___/=/_/_/_/
 :: Spring Boot ::        (v2.1.7.RELEASE)

2021-04-05 08:03:11.910  INFO 10892 --- [    Test worker] c.a.m.s.web.HelloControllerTest          : Starting HelloControllerTest on DESKTOP-5G2C5JO with PID 10892 (started by KIMSG in C:\Users\KIMSG\Desktop\code\인텔리제이+aws\alone00)
2021-04-05 08:03:11.910  INFO 10892 --- [    Test worker] c.a.m.s.web.HelloControllerTest          : The following profiles are active: oauth
2021-04-05 08:03:12.860  INFO 10892 --- [    Test worker] o.s.s.concurrent.ThreadPoolTaskExecutor  : Initializing ExecutorService 'applicationTaskExecutor'
2021-04-05 08:03:12.960  INFO 10892 --- [    Test worker] o.s.b.a.w.s.WelcomePageHandlerMapping    : Adding welcome page template: index
2021-04-05 08:03:13.274  INFO 10892 --- [    Test worker] .s.s.UserDetailsServiceAutoConfiguration : 

Using generated security password: f23126ad-6f6e-4186-8176-5e860ecf0967

2021-04-05 08:03:13.442  INFO 10892 --- [    Test worker] o.s.s.web.DefaultSecurityFilterChain     : Creating filter chain: any request, [org.springframework.security.web.context.request.async.WebAsyncManagerIntegrationFilter@663da9b3, org.springframework.security.web.context.SecurityContextPersistenceFilter@26dda451, org.springframework.security.web.header.HeaderWriterFilter@34c00917, org.springframework.security.web.csrf.CsrfFilter@5ad1882d, org.springframework.security.web.authentication.logout.LogoutFilter@3155d72d, org.springframework.security.web.authentication.UsernamePasswordAuthenticationFilter@6203b204, org.springframework.security.web.authentication.ui.DefaultLoginPageGeneratingFilter@2f0f3581, org.springframework.security.web.authentication.ui.DefaultLogoutPageGeneratingFilter@5ad1c6d0, org.springframework.security.web.authentication.www.BasicAuthenticationFilter@3640510, org.springframework.security.web.savedrequest.RequestCacheAwareFilter@4a9e199d, org.springframework.security.web.servletapi.SecurityContextHolderAwareRequestFilter@7ea22968, org.springframework.security.web.authentication.AnonymousAuthenticationFilter@79be041f, org.springframework.security.web.session.SessionManagementFilter@62066f42, org.springframework.security.web.access.ExceptionTranslationFilter@10df8e11, org.springframework.security.web.access.intercept.FilterSecurityInterceptor@7bbf8df]
2021-04-05 08:03:13.490  INFO 10892 --- [    Test worker] o.s.b.t.m.w.SpringBootMockServletContext : Initializing Spring TestDispatcherServlet ''
2021-04-05 08:03:13.490  INFO 10892 --- [    Test worker] o.s.t.web.servlet.TestDispatcherServlet  : Initializing Servlet ''
2021-04-05 08:03:13.506  INFO 10892 --- [    Test worker] o.s.t.web.servlet.TestDispatcherServlet  : Completed initialization in 16 ms
2021-04-05 08:03:13.543  INFO 10892 --- [    Test worker] c.a.m.s.web.HelloControllerTest          : Started HelloControllerTest in 1.706 seconds (JVM running for 12.24)
악....시바라루짱시바라루짱시바라루짱시바라루짱
]]></system-out>
  <system-err><![CDATA[]]></system-err>
</testsuite>
