<?xml version="1.0" encoding="UTF-8"?>
<testsuite name="com.alone.my.springboot.web.HelloControllerTest" tests="2" skipped="0" failures="0" errors="0" timestamp="2021-04-04T22:50:21" hostname="DESKTOP-5G2C5JO" time="0.243">
  <properties/>
  <testcase name="hello가_리턴된다" classname="com.alone.my.springboot.web.HelloControllerTest" time="0.109"/>
  <testcase name="helloDto가_리턴된다" classname="com.alone.my.springboot.web.HelloControllerTest" time="0.133"/>
  <system-out><![CDATA[2021-04-05 07:50:20.110  INFO 16676 --- [    Test worker] .b.t.a.w.s.WebMvcTestContextBootstrapper : Neither @ContextConfiguration nor @ContextHierarchy found for test class [com.alone.my.springboot.web.HelloControllerTest], using SpringBootContextLoader
2021-04-05 07:50:20.112  INFO 16676 --- [    Test worker] o.s.t.c.support.AbstractContextLoader    : Could not detect default resource locations for test class [com.alone.my.springboot.web.HelloControllerTest]: no resource found for suffixes {-context.xml, Context.groovy}.
2021-04-05 07:50:20.112  INFO 16676 --- [    Test worker] t.c.s.AnnotationConfigContextLoaderUtils : Could not detect default configuration classes for test class [com.alone.my.springboot.web.HelloControllerTest]: HelloControllerTest does not declare any static, non-private, non-final, nested classes annotated with @Configuration.
2021-04-05 07:50:20.138  INFO 16676 --- [    Test worker] .b.t.c.SpringBootTestContextBootstrapper : Found @SpringBootConfiguration com.alone.my.springboot.Application for test class com.alone.my.springboot.web.HelloControllerTest
2021-04-05 07:50:20.138  INFO 16676 --- [    Test worker] .b.t.a.w.s.WebMvcTestContextBootstrapper : Loaded default TestExecutionListener class names from location [META-INF/spring.factories]: [org.springframework.security.test.context.support.WithSecurityContextTestExecutionListener, org.springframework.security.test.context.support.ReactorContextTestExecutionListener, org.springframework.boot.test.autoconfigure.restdocs.RestDocsTestExecutionListener, org.springframework.boot.test.autoconfigure.web.client.MockRestServiceServerResetTestExecutionListener, org.springframework.boot.test.autoconfigure.web.servlet.MockMvcPrintOnlyOnFailureTestExecutionListener, org.springframework.boot.test.autoconfigure.web.servlet.WebDriverTestExecutionListener, org.springframework.boot.test.mock.mockito.MockitoTestExecutionListener, org.springframework.boot.test.mock.mockito.ResetMocksTestExecutionListener, org.springframework.test.context.web.ServletTestExecutionListener, org.springframework.test.context.support.DirtiesContextBeforeModesTestExecutionListener, org.springframework.test.context.support.DependencyInjectionTestExecutionListener, org.springframework.test.context.support.DirtiesContextTestExecutionListener, org.springframework.test.context.transaction.TransactionalTestExecutionListener, org.springframework.test.context.jdbc.SqlScriptsTestExecutionListener]
2021-04-05 07:50:20.141  INFO 16676 --- [    Test worker] .b.t.a.w.s.WebMvcTestContextBootstrapper : Using TestExecutionListeners: [org.springframework.test.context.web.ServletTestExecutionListener@beb7a65, org.springframework.test.context.support.DirtiesContextBeforeModesTestExecutionListener@f88f2ce, org.springframework.boot.test.mock.mockito.MockitoTestExecutionListener@94dc5ba, org.springframework.boot.test.autoconfigure.SpringBootDependencyInjectionTestExecutionListener@18194085, org.springframework.test.context.support.DirtiesContextTestExecutionListener@48f139b1, org.springframework.test.context.transaction.TransactionalTestExecutionListener@a7ace3, org.springframework.test.context.jdbc.SqlScriptsTestExecutionListener@67a0d958, org.springframework.security.test.context.support.WithSecurityContextTestExecutionListener@35efa041, org.springframework.security.test.context.support.ReactorContextTestExecutionListener@74122bfc, org.springframework.boot.test.autoconfigure.restdocs.RestDocsTestExecutionListener@49ef4129, org.springframework.boot.test.autoconfigure.web.client.MockRestServiceServerResetTestExecutionListener@28e42b55, org.springframework.boot.test.autoconfigure.web.servlet.MockMvcPrintOnlyOnFailureTestExecutionListener@60417ba0, org.springframework.boot.test.autoconfigure.web.servlet.WebDriverTestExecutionListener@569e19f, org.springframework.boot.test.mock.mockito.ResetMocksTestExecutionListener@363c1e12]

  .   ____          _            __ _ _
 /\\ / ___'_ __ _ _(_)_ __  __ _ \ \ \ \
( ( )\___ | '_ | '_| | '_ \/ _` | \ \ \ \
 \\/  ___)| |_)| | | | | || (_| |  ) ) ) )
  '  |____| .__|_| |_|_| |_\__, | / / / /
 =========|_|==============|___/=/_/_/_/
 :: Spring Boot ::        (v2.1.7.RELEASE)

2021-04-05 07:50:20.193  INFO 16676 --- [    Test worker] c.a.m.s.web.HelloControllerTest          : Starting HelloControllerTest on DESKTOP-5G2C5JO with PID 16676 (started by KIMSG in C:\Users\KIMSG\Desktop\code\인텔리제이+aws\alone00)
2021-04-05 07:50:20.193  INFO 16676 --- [    Test worker] c.a.m.s.web.HelloControllerTest          : The following profiles are active: oauth
2021-04-05 07:50:20.619  INFO 16676 --- [    Test worker] o.s.s.concurrent.ThreadPoolTaskExecutor  : Initializing ExecutorService 'applicationTaskExecutor'
2021-04-05 07:50:20.651  INFO 16676 --- [    Test worker] o.s.b.a.w.s.WelcomePageHandlerMapping    : Adding welcome page template: index
2021-04-05 07:50:20.872  INFO 16676 --- [    Test worker] .s.s.UserDetailsServiceAutoConfiguration : 

Using generated security password: f4fd85b1-9e27-4d05-857f-fbff162787a1

2021-04-05 07:50:21.013  INFO 16676 --- [    Test worker] o.s.s.web.DefaultSecurityFilterChain     : Creating filter chain: any request, [org.springframework.security.web.context.request.async.WebAsyncManagerIntegrationFilter@5782304d, org.springframework.security.web.context.SecurityContextPersistenceFilter@2c86fcae, org.springframework.security.web.header.HeaderWriterFilter@82a9c25, org.springframework.security.web.csrf.CsrfFilter@20a771e5, org.springframework.security.web.authentication.logout.LogoutFilter@45656ca5, org.springframework.security.web.authentication.UsernamePasswordAuthenticationFilter@591f77a1, org.springframework.security.web.authentication.ui.DefaultLoginPageGeneratingFilter@39a8a770, org.springframework.security.web.authentication.ui.DefaultLogoutPageGeneratingFilter@4f361008, org.springframework.security.web.authentication.www.BasicAuthenticationFilter@765949f6, org.springframework.security.web.savedrequest.RequestCacheAwareFilter@391ea2e3, org.springframework.security.web.servletapi.SecurityContextHolderAwareRequestFilter@6509da51, org.springframework.security.web.authentication.AnonymousAuthenticationFilter@739ce6e1, org.springframework.security.web.session.SessionManagementFilter@1399fc9c, org.springframework.security.web.access.ExceptionTranslationFilter@79fd8e0b, org.springframework.security.web.access.intercept.FilterSecurityInterceptor@36784910]
2021-04-05 07:50:21.114  INFO 16676 --- [    Test worker] o.s.b.t.m.w.SpringBootMockServletContext : Initializing Spring TestDispatcherServlet ''
2021-04-05 07:50:21.114  INFO 16676 --- [    Test worker] o.s.t.web.servlet.TestDispatcherServlet  : Initializing Servlet ''
2021-04-05 07:50:21.138  INFO 16676 --- [    Test worker] o.s.t.web.servlet.TestDispatcherServlet  : Completed initialization in 24 ms
2021-04-05 07:50:21.174  INFO 16676 --- [    Test worker] c.a.m.s.web.HelloControllerTest          : Started HelloControllerTest in 1.023 seconds (JVM running for 11.708)
악....시바라루짱시바라루짱시바라루짱시바라루짱
]]></system-out>
  <system-err><![CDATA[]]></system-err>
</testsuite>
