<?xml version="1.0" encoding="UTF-8"?>
<testsuite name="com.alone.my.springboot.web.PostsApiControllerTest" tests="2" skipped="0" failures="0" errors="0" timestamp="2021-04-01T09:20:57" hostname="DESKTOP-5G2C5JO" time="0.244">
  <properties/>
  <testcase name="Posts_등록된다" classname="com.alone.my.springboot.web.PostsApiControllerTest" time="0.142"/>
  <testcase name="Posts_수정된다" classname="com.alone.my.springboot.web.PostsApiControllerTest" time="0.101"/>
  <system-out><![CDATA[2021-04-01 18:20:57.923  INFO 9852 --- [    Test worker] .b.t.c.SpringBootTestContextBootstrapper : Neither @ContextConfiguration nor @ContextHierarchy found for test class [com.alone.my.springboot.web.PostsApiControllerTest], using SpringBootContextLoader
2021-04-01 18:20:57.925  INFO 9852 --- [    Test worker] o.s.t.c.support.AbstractContextLoader    : Could not detect default resource locations for test class [com.alone.my.springboot.web.PostsApiControllerTest]: no resource found for suffixes {-context.xml, Context.groovy}.
2021-04-01 18:20:57.925  INFO 9852 --- [    Test worker] t.c.s.AnnotationConfigContextLoaderUtils : Could not detect default configuration classes for test class [com.alone.my.springboot.web.PostsApiControllerTest]: PostsApiControllerTest does not declare any static, non-private, non-final, nested classes annotated with @Configuration.
2021-04-01 18:20:57.926  INFO 9852 --- [    Test worker] .b.t.c.SpringBootTestContextBootstrapper : Found @SpringBootConfiguration com.alone.my.springboot.Application for test class com.alone.my.springboot.web.PostsApiControllerTest
2021-04-01 18:20:57.928  INFO 9852 --- [    Test worker] .b.t.c.SpringBootTestContextBootstrapper : Loaded default TestExecutionListener class names from location [META-INF/spring.factories]: [org.springframework.security.test.context.support.WithSecurityContextTestExecutionListener, org.springframework.security.test.context.support.ReactorContextTestExecutionListener, org.springframework.boot.test.autoconfigure.restdocs.RestDocsTestExecutionListener, org.springframework.boot.test.autoconfigure.web.client.MockRestServiceServerResetTestExecutionListener, org.springframework.boot.test.autoconfigure.web.servlet.MockMvcPrintOnlyOnFailureTestExecutionListener, org.springframework.boot.test.autoconfigure.web.servlet.WebDriverTestExecutionListener, org.springframework.boot.test.mock.mockito.MockitoTestExecutionListener, org.springframework.boot.test.mock.mockito.ResetMocksTestExecutionListener, org.springframework.test.context.web.ServletTestExecutionListener, org.springframework.test.context.support.DirtiesContextBeforeModesTestExecutionListener, org.springframework.test.context.support.DependencyInjectionTestExecutionListener, org.springframework.test.context.support.DirtiesContextTestExecutionListener, org.springframework.test.context.transaction.TransactionalTestExecutionListener, org.springframework.test.context.jdbc.SqlScriptsTestExecutionListener]
2021-04-01 18:20:57.929  INFO 9852 --- [    Test worker] .b.t.c.SpringBootTestContextBootstrapper : Using TestExecutionListeners: [org.springframework.test.context.web.ServletTestExecutionListener@38b9b1da, org.springframework.test.context.support.DirtiesContextBeforeModesTestExecutionListener@71271ba, org.springframework.boot.test.mock.mockito.MockitoTestExecutionListener@2ab473c3, org.springframework.boot.test.autoconfigure.SpringBootDependencyInjectionTestExecutionListener@3d9d9fe6, org.springframework.test.context.support.DirtiesContextTestExecutionListener@48dfceee, org.springframework.test.context.transaction.TransactionalTestExecutionListener@5c54f9ee, org.springframework.test.context.jdbc.SqlScriptsTestExecutionListener@55f7b3cc, org.springframework.security.test.context.support.WithSecurityContextTestExecutionListener@444643b, org.springframework.security.test.context.support.ReactorContextTestExecutionListener@325a72e3, org.springframework.boot.test.autoconfigure.restdocs.RestDocsTestExecutionListener@493a76cf, org.springframework.boot.test.autoconfigure.web.client.MockRestServiceServerResetTestExecutionListener@213bc5f7, org.springframework.boot.test.autoconfigure.web.servlet.MockMvcPrintOnlyOnFailureTestExecutionListener@6791857, org.springframework.boot.test.autoconfigure.web.servlet.WebDriverTestExecutionListener@67d5bf11, org.springframework.boot.test.mock.mockito.ResetMocksTestExecutionListener@7dc3312a]
2021-04-01 18:20:57.938  INFO 9852 --- [    Test worker] o.a.c.c.C.[Tomcat].[localhost].[/]       : Initializing Spring TestDispatcherServlet ''
2021-04-01 18:20:57.938  INFO 9852 --- [    Test worker] o.s.t.web.servlet.TestDispatcherServlet  : Initializing Servlet ''
2021-04-01 18:20:57.942  INFO 9852 --- [    Test worker] o.s.t.web.servlet.TestDispatcherServlet  : Completed initialization in 4 ms
Hibernate: insert into posts (created_date, modified_date, author, content, title) values (?, ?, ?, ?, ?)
Hibernate: select posts0_.id as id1_0_, posts0_.created_date as created_2_0_, posts0_.modified_date as modified3_0_, posts0_.author as author4_0_, posts0_.content as content5_0_, posts0_.title as title6_0_ from posts posts0_
Hibernate: select posts0_.id as id1_0_, posts0_.created_date as created_2_0_, posts0_.modified_date as modified3_0_, posts0_.author as author4_0_, posts0_.content as content5_0_, posts0_.title as title6_0_ from posts posts0_
Hibernate: delete from posts where id=?
2021-04-01 18:20:58.077  INFO 9852 --- [    Test worker] o.a.c.c.C.[Tomcat].[localhost].[/]       : Initializing Spring TestDispatcherServlet ''
2021-04-01 18:20:58.078  INFO 9852 --- [    Test worker] o.s.t.web.servlet.TestDispatcherServlet  : Initializing Servlet ''
2021-04-01 18:20:58.080  INFO 9852 --- [    Test worker] o.s.t.web.servlet.TestDispatcherServlet  : Completed initialization in 2 ms
Hibernate: insert into posts (created_date, modified_date, author, content, title) values (?, ?, ?, ?, ?)
Hibernate: select posts0_.id as id1_0_0_, posts0_.created_date as created_2_0_0_, posts0_.modified_date as modified3_0_0_, posts0_.author as author4_0_0_, posts0_.content as content5_0_0_, posts0_.title as title6_0_0_ from posts posts0_ where posts0_.id=?
Hibernate: update posts set created_date=?, modified_date=?, author=?, content=?, title=? where id=?
Hibernate: select posts0_.id as id1_0_, posts0_.created_date as created_2_0_, posts0_.modified_date as modified3_0_, posts0_.author as author4_0_, posts0_.content as content5_0_, posts0_.title as title6_0_ from posts posts0_
Hibernate: select posts0_.id as id1_0_, posts0_.created_date as created_2_0_, posts0_.modified_date as modified3_0_, posts0_.author as author4_0_, posts0_.content as content5_0_, posts0_.title as title6_0_ from posts posts0_
Hibernate: delete from posts where id=?
]]></system-out>
  <system-err><![CDATA[]]></system-err>
</testsuite>
