<?xml version="1.0" encoding="UTF-8"?>
<testsuite name="com.alone.my.springboot.web.IndexControllerTest" tests="1" skipped="0" failures="0" errors="0" timestamp="2021-04-02T20:35:59" hostname="DESKTOP-5G2C5JO" time="0.162">
  <properties/>
  <testcase name="메인페이지_로딩" classname="com.alone.my.springboot.web.IndexControllerTest" time="0.162"/>
  <system-out><![CDATA[2021-04-03 05:35:52.834  INFO 14732 --- [    Test worker] .b.t.c.SpringBootTestContextBootstrapper : Neither @ContextConfiguration nor @ContextHierarchy found for test class [com.alone.my.springboot.web.IndexControllerTest], using SpringBootContextLoader
2021-04-03 05:35:52.834  INFO 14732 --- [    Test worker] o.s.t.c.support.AbstractContextLoader    : Could not detect default resource locations for test class [com.alone.my.springboot.web.IndexControllerTest]: no resource found for suffixes {-context.xml, Context.groovy}.
2021-04-03 05:35:52.834  INFO 14732 --- [    Test worker] t.c.s.AnnotationConfigContextLoaderUtils : Could not detect default configuration classes for test class [com.alone.my.springboot.web.IndexControllerTest]: IndexControllerTest does not declare any static, non-private, non-final, nested classes annotated with @Configuration.
2021-04-03 05:35:52.834  INFO 14732 --- [    Test worker] .b.t.c.SpringBootTestContextBootstrapper : Found @SpringBootConfiguration com.alone.my.springboot.Application for test class com.alone.my.springboot.web.IndexControllerTest
2021-04-03 05:35:52.834  INFO 14732 --- [    Test worker] .b.t.c.SpringBootTestContextBootstrapper : Loaded default TestExecutionListener class names from location [META-INF/spring.factories]: [org.springframework.security.test.context.support.WithSecurityContextTestExecutionListener, org.springframework.security.test.context.support.ReactorContextTestExecutionListener, org.springframework.boot.test.autoconfigure.restdocs.RestDocsTestExecutionListener, org.springframework.boot.test.autoconfigure.web.client.MockRestServiceServerResetTestExecutionListener, org.springframework.boot.test.autoconfigure.web.servlet.MockMvcPrintOnlyOnFailureTestExecutionListener, org.springframework.boot.test.autoconfigure.web.servlet.WebDriverTestExecutionListener, org.springframework.boot.test.mock.mockito.MockitoTestExecutionListener, org.springframework.boot.test.mock.mockito.ResetMocksTestExecutionListener, org.springframework.test.context.web.ServletTestExecutionListener, org.springframework.test.context.support.DirtiesContextBeforeModesTestExecutionListener, org.springframework.test.context.support.DependencyInjectionTestExecutionListener, org.springframework.test.context.support.DirtiesContextTestExecutionListener, org.springframework.test.context.transaction.TransactionalTestExecutionListener, org.springframework.test.context.jdbc.SqlScriptsTestExecutionListener]
2021-04-03 05:35:52.834  INFO 14732 --- [    Test worker] .b.t.c.SpringBootTestContextBootstrapper : Using TestExecutionListeners: [org.springframework.test.context.web.ServletTestExecutionListener@29614093, org.springframework.test.context.support.DirtiesContextBeforeModesTestExecutionListener@438ddfe7, org.springframework.boot.test.mock.mockito.MockitoTestExecutionListener@9600001, org.springframework.boot.test.autoconfigure.SpringBootDependencyInjectionTestExecutionListener@574178c, org.springframework.test.context.support.DirtiesContextTestExecutionListener@26b2aa69, org.springframework.test.context.transaction.TransactionalTestExecutionListener@b6d2bbf, org.springframework.test.context.jdbc.SqlScriptsTestExecutionListener@20442db, org.springframework.security.test.context.support.WithSecurityContextTestExecutionListener@2769fd60, org.springframework.security.test.context.support.ReactorContextTestExecutionListener@14bbea06, org.springframework.boot.test.autoconfigure.restdocs.RestDocsTestExecutionListener@76e91bfd, org.springframework.boot.test.autoconfigure.web.client.MockRestServiceServerResetTestExecutionListener@56db8d61, org.springframework.boot.test.autoconfigure.web.servlet.MockMvcPrintOnlyOnFailureTestExecutionListener@3eb1e827, org.springframework.boot.test.autoconfigure.web.servlet.WebDriverTestExecutionListener@7511de2d, org.springframework.boot.test.mock.mockito.ResetMocksTestExecutionListener@4b991581]

  .   ____          _            __ _ _
 /\\ / ___'_ __ _ _(_)_ __  __ _ \ \ \ \
( ( )\___ | '_ | '_| | '_ \/ _` | \ \ \ \
 \\/  ___)| |_)| | | | | || (_| |  ) ) ) )
  '  |____| .__|_| |_|_| |_\__, | / / / /
 =========|_|==============|___/=/_/_/_/
 :: Spring Boot ::        (v2.1.7.RELEASE)

2021-04-03 05:35:52.881  INFO 14732 --- [    Test worker] c.a.m.s.web.IndexControllerTest          : Starting IndexControllerTest on DESKTOP-5G2C5JO with PID 14732 (started by KIMSG in C:\Users\KIMSG\Desktop\code\인텔리제이+aws\alone00)
2021-04-03 05:35:52.881  INFO 14732 --- [    Test worker] c.a.m.s.web.IndexControllerTest          : The following profiles are active: oauth
2021-04-03 05:35:53.741  INFO 14732 --- [    Test worker] .s.d.r.c.RepositoryConfigurationDelegate : Bootstrapping Spring Data repositories in DEFAULT mode.
2021-04-03 05:35:53.772  INFO 14732 --- [    Test worker] .s.d.r.c.RepositoryConfigurationDelegate : Finished Spring Data repository scanning in 31ms. Found 2 repository interfaces.
2021-04-03 05:35:53.952  INFO 14732 --- [    Test worker] trationDelegate$BeanPostProcessorChecker : Bean 'org.springframework.transaction.annotation.ProxyTransactionManagementConfiguration' of type [org.springframework.transaction.annotation.ProxyTransactionManagementConfiguration$$EnhancerBySpringCGLIB$$7cf993cb] is not eligible for getting processed by all BeanPostProcessors (for example: not eligible for auto-proxying)
2021-04-03 05:35:54.770  INFO 14732 --- [    Test worker] o.s.b.w.embedded.tomcat.TomcatWebServer  : Tomcat initialized with port(s): 0 (http)
2021-04-03 05:35:54.905  INFO 14732 --- [    Test worker] o.apache.catalina.core.StandardService   : Starting service [Tomcat]
2021-04-03 05:35:54.907  INFO 14732 --- [    Test worker] org.apache.catalina.core.StandardEngine  : Starting Servlet engine: [Apache Tomcat/9.0.22]
2021-04-03 05:35:54.924  INFO 14732 --- [    Test worker] o.a.catalina.core.AprLifecycleListener   : An older version [1.2.14] of the APR based Apache Tomcat Native library is installed, while Tomcat recommends a minimum version of [1.2.23]
2021-04-03 05:35:54.925  INFO 14732 --- [    Test worker] o.a.catalina.core.AprLifecycleListener   : Loaded APR based Apache Tomcat Native library [1.2.14] using APR version [1.6.2].
2021-04-03 05:35:54.925  INFO 14732 --- [    Test worker] o.a.catalina.core.AprLifecycleListener   : APR capabilities: IPv6 [true], sendfile [true], accept filters [false], random [true].
2021-04-03 05:35:54.926  INFO 14732 --- [    Test worker] o.a.catalina.core.AprLifecycleListener   : APR/OpenSSL configuration: useAprConnector [false], useOpenSSL [true]
2021-04-03 05:35:56.287  INFO 14732 --- [    Test worker] o.a.catalina.core.AprLifecycleListener   : OpenSSL successfully initialized [OpenSSL 1.0.2l  25 May 2017]
2021-04-03 05:35:56.604  INFO 14732 --- [    Test worker] o.a.c.c.C.[Tomcat].[localhost].[/]       : Initializing Spring embedded WebApplicationContext
2021-04-03 05:35:56.604  INFO 14732 --- [    Test worker] o.s.web.context.ContextLoader            : Root WebApplicationContext: initialization completed in 3707 ms
2021-04-03 05:35:57.620  INFO 14732 --- [    Test worker] com.zaxxer.hikari.HikariDataSource       : HikariPool-2 - Starting...
2021-04-03 05:35:57.625  INFO 14732 --- [    Test worker] com.zaxxer.hikari.HikariDataSource       : HikariPool-2 - Start completed.
2021-04-03 05:35:57.742  INFO 14732 --- [    Test worker] o.hibernate.jpa.internal.util.LogHelper  : HHH000204: Processing PersistenceUnitInfo [
	name: default
	...]
2021-04-03 05:35:57.808  INFO 14732 --- [    Test worker] org.hibernate.dialect.Dialect            : HHH000400: Using dialect: org.hibernate.dialect.MySQL5InnoDBDialect
Hibernate: drop table if exists posts
Hibernate: drop table if exists user
Hibernate: create table posts (id bigint not null auto_increment, created_date datetime, modified_date datetime, author varchar(255), content TEXT not null, title varchar(500) not null, primary key (id)) engine=InnoDB
Hibernate: create table user (id bigint not null auto_increment, created_date datetime, modified_date datetime, email varchar(255) not null, name varchar(255) not null, picture varchar(255), role varchar(255) not null, primary key (id)) engine=InnoDB
2021-04-03 05:35:58.185  INFO 14732 --- [    Test worker] o.h.t.schema.internal.SchemaCreatorImpl  : HHH000476: Executing import script 'org.hibernate.tool.schema.internal.exec.ScriptSourceInputNonExistentImpl@4e2ae811'
2021-04-03 05:35:58.185  INFO 14732 --- [    Test worker] j.LocalContainerEntityManagerFactoryBean : Initialized JPA EntityManagerFactory for persistence unit 'default'
2021-04-03 05:35:58.917  INFO 14732 --- [    Test worker] o.h.h.i.QueryTranslatorFactoryInitiator  : HHH000397: Using ASTQueryTranslatorFactory
2021-04-03 05:35:59.134  INFO 14732 --- [    Test worker] o.s.s.web.DefaultSecurityFilterChain     : Creating filter chain: any request, [org.springframework.security.web.context.request.async.WebAsyncManagerIntegrationFilter@47957880, org.springframework.security.web.context.SecurityContextPersistenceFilter@1fbb208c, org.springframework.security.web.header.HeaderWriterFilter@70e18857, org.springframework.security.web.authentication.logout.LogoutFilter@552f0f42, org.springframework.security.oauth2.client.web.OAuth2AuthorizationRequestRedirectFilter@5bc9a0b4, org.springframework.security.oauth2.client.web.OAuth2LoginAuthenticationFilter@153cd825, org.springframework.security.web.authentication.ui.DefaultLoginPageGeneratingFilter@1356e2e4, org.springframework.security.web.authentication.ui.DefaultLogoutPageGeneratingFilter@4e727c22, org.springframework.security.web.savedrequest.RequestCacheAwareFilter@6f4dde6f, org.springframework.security.web.servletapi.SecurityContextHolderAwareRequestFilter@131250e1, org.springframework.security.web.authentication.AnonymousAuthenticationFilter@5828a958, org.springframework.security.web.session.SessionManagementFilter@27a4ec13, org.springframework.security.web.access.ExceptionTranslationFilter@3c1983ef, org.springframework.security.web.access.intercept.FilterSecurityInterceptor@76fff232]
2021-04-03 05:35:59.416  INFO 14732 --- [    Test worker] o.s.s.concurrent.ThreadPoolTaskExecutor  : Initializing ExecutorService 'applicationTaskExecutor'
2021-04-03 05:35:59.432  WARN 14732 --- [    Test worker] aWebConfiguration$JpaWebMvcConfiguration : spring.jpa.open-in-view is enabled by default. Therefore, database queries may be performed during view rendering. Explicitly configure spring.jpa.open-in-view to disable this warning
2021-04-03 05:35:59.474  INFO 14732 --- [    Test worker] o.s.b.a.w.s.WelcomePageHandlerMapping    : Adding welcome page template: index
2021-04-03 05:35:59.772  INFO 14732 --- [    Test worker] s.a.ScheduledAnnotationBeanPostProcessor : No TaskScheduler/ScheduledExecutorService bean found for scheduled processing
2021-04-03 05:35:59.791  INFO 14732 --- [    Test worker] o.s.b.w.embedded.tomcat.TomcatWebServer  : Tomcat started on port(s): 11259 (http) with context path ''
2021-04-03 05:35:59.791  INFO 14732 --- [    Test worker] c.a.m.s.web.IndexControllerTest          : Started IndexControllerTest in 6.957 seconds (JVM running for 22.832)
2021-04-03 05:35:59.861  INFO 14732 --- [o-auto-1-exec-1] o.a.c.c.C.[Tomcat].[localhost].[/]       : Initializing Spring DispatcherServlet 'dispatcherServlet'
2021-04-03 05:35:59.861  INFO 14732 --- [o-auto-1-exec-1] o.s.web.servlet.DispatcherServlet        : Initializing Servlet 'dispatcherServlet'
2021-04-03 05:35:59.877  INFO 14732 --- [o-auto-1-exec-1] o.s.web.servlet.DispatcherServlet        : Completed initialization in 16 ms
Hibernate: select posts0_.id as id1_0_, posts0_.created_date as created_2_0_, posts0_.modified_date as modified3_0_, posts0_.author as author4_0_, posts0_.content as content5_0_, posts0_.title as title6_0_ from posts posts0_ order by posts0_.id DESC
]]></system-out>
  <system-err><![CDATA[]]></system-err>
</testsuite>
