<?xml version="1.0" encoding="UTF-8"?>
<testsuite name="com.alone.my.springboot.web.PostsApiControllerTest" tests="2" skipped="0" failures="0" errors="0" timestamp="2021-03-31T05:14:28" hostname="DESKTOP-5G2C5JO" time="0.177">
  <properties/>
  <testcase name="Posts_등록된다" classname="com.alone.my.springboot.web.PostsApiControllerTest" time="0.098"/>
  <testcase name="Posts_수정된다" classname="com.alone.my.springboot.web.PostsApiControllerTest" time="0.078"/>
  <system-out><![CDATA[2021-03-31 14:14:28.260  INFO 8228 --- [    Test worker] .b.t.c.SpringBootTestContextBootstrapper : Neither @ContextConfiguration nor @ContextHierarchy found for test class [com.alone.my.springboot.web.PostsApiControllerTest], using SpringBootContextLoader
2021-03-31 14:14:28.260  INFO 8228 --- [    Test worker] o.s.t.c.support.AbstractContextLoader    : Could not detect default resource locations for test class [com.alone.my.springboot.web.PostsApiControllerTest]: no resource found for suffixes {-context.xml, Context.groovy}.
2021-03-31 14:14:28.261  INFO 8228 --- [    Test worker] t.c.s.AnnotationConfigContextLoaderUtils : Could not detect default configuration classes for test class [com.alone.my.springboot.web.PostsApiControllerTest]: PostsApiControllerTest does not declare any static, non-private, non-final, nested classes annotated with @Configuration.
2021-03-31 14:14:28.262  INFO 8228 --- [    Test worker] .b.t.c.SpringBootTestContextBootstrapper : Found @SpringBootConfiguration com.alone.my.springboot.Application for test class com.alone.my.springboot.web.PostsApiControllerTest
2021-03-31 14:14:28.263  INFO 8228 --- [    Test worker] .b.t.c.SpringBootTestContextBootstrapper : Loaded default TestExecutionListener class names from location [META-INF/spring.factories]: [org.springframework.security.test.context.support.WithSecurityContextTestExecutionListener, org.springframework.security.test.context.support.ReactorContextTestExecutionListener, org.springframework.boot.test.autoconfigure.restdocs.RestDocsTestExecutionListener, org.springframework.boot.test.autoconfigure.web.client.MockRestServiceServerResetTestExecutionListener, org.springframework.boot.test.autoconfigure.web.servlet.MockMvcPrintOnlyOnFailureTestExecutionListener, org.springframework.boot.test.autoconfigure.web.servlet.WebDriverTestExecutionListener, org.springframework.boot.test.mock.mockito.MockitoTestExecutionListener, org.springframework.boot.test.mock.mockito.ResetMocksTestExecutionListener, org.springframework.test.context.web.ServletTestExecutionListener, org.springframework.test.context.support.DirtiesContextBeforeModesTestExecutionListener, org.springframework.test.context.support.DependencyInjectionTestExecutionListener, org.springframework.test.context.support.DirtiesContextTestExecutionListener, org.springframework.test.context.transaction.TransactionalTestExecutionListener, org.springframework.test.context.jdbc.SqlScriptsTestExecutionListener]
2021-03-31 14:14:28.264  INFO 8228 --- [    Test worker] .b.t.c.SpringBootTestContextBootstrapper : Using TestExecutionListeners: [org.springframework.test.context.web.ServletTestExecutionListener@15470982, org.springframework.test.context.support.DirtiesContextBeforeModesTestExecutionListener@883f7a4, org.springframework.boot.test.mock.mockito.MockitoTestExecutionListener@38b9b1da, org.springframework.boot.test.autoconfigure.SpringBootDependencyInjectionTestExecutionListener@71271ba, org.springframework.test.context.support.DirtiesContextTestExecutionListener@2ab473c3, org.springframework.test.context.transaction.TransactionalTestExecutionListener@3d9d9fe6, org.springframework.test.context.jdbc.SqlScriptsTestExecutionListener@48dfceee, org.springframework.security.test.context.support.WithSecurityContextTestExecutionListener@5c54f9ee, org.springframework.security.test.context.support.ReactorContextTestExecutionListener@55f7b3cc, org.springframework.boot.test.autoconfigure.restdocs.RestDocsTestExecutionListener@444643b, org.springframework.boot.test.autoconfigure.web.client.MockRestServiceServerResetTestExecutionListener@325a72e3, org.springframework.boot.test.autoconfigure.web.servlet.MockMvcPrintOnlyOnFailureTestExecutionListener@493a76cf, org.springframework.boot.test.autoconfigure.web.servlet.WebDriverTestExecutionListener@213bc5f7, org.springframework.boot.test.mock.mockito.ResetMocksTestExecutionListener@6791857]
2021-03-31 14:14:28.274  INFO 8228 --- [    Test worker] o.a.c.c.C.[Tomcat].[localhost].[/]       : Initializing Spring TestDispatcherServlet ''
2021-03-31 14:14:28.274  INFO 8228 --- [    Test worker] o.s.t.web.servlet.TestDispatcherServlet  : Initializing Servlet ''
2021-03-31 14:14:28.276  INFO 8228 --- [    Test worker] o.s.t.web.servlet.TestDispatcherServlet  : Completed initialization in 2 ms
Hibernate: insert into posts (created_date, modified_date, author, content, title) values (?, ?, ?, ?, ?)
Hibernate: select posts0_.id as id1_0_, posts0_.created_date as created_2_0_, posts0_.modified_date as modified3_0_, posts0_.author as author4_0_, posts0_.content as content5_0_, posts0_.title as title6_0_ from posts posts0_
Hibernate: select posts0_.id as id1_0_, posts0_.created_date as created_2_0_, posts0_.modified_date as modified3_0_, posts0_.author as author4_0_, posts0_.content as content5_0_, posts0_.title as title6_0_ from posts posts0_
Hibernate: delete from posts where id=?
2021-03-31 14:14:28.370  INFO 8228 --- [    Test worker] o.a.c.c.C.[Tomcat].[localhost].[/]       : Initializing Spring TestDispatcherServlet ''
2021-03-31 14:14:28.371  INFO 8228 --- [    Test worker] o.s.t.web.servlet.TestDispatcherServlet  : Initializing Servlet ''
2021-03-31 14:14:28.385  INFO 8228 --- [    Test worker] o.s.t.web.servlet.TestDispatcherServlet  : Completed initialization in 14 ms
Hibernate: insert into posts (created_date, modified_date, author, content, title) values (?, ?, ?, ?, ?)
Hibernate: select posts0_.id as id1_0_0_, posts0_.created_date as created_2_0_0_, posts0_.modified_date as modified3_0_0_, posts0_.author as author4_0_0_, posts0_.content as content5_0_0_, posts0_.title as title6_0_0_ from posts posts0_ where posts0_.id=?
Hibernate: update posts set created_date=?, modified_date=?, author=?, content=?, title=? where id=?
Hibernate: select posts0_.id as id1_0_, posts0_.created_date as created_2_0_, posts0_.modified_date as modified3_0_, posts0_.author as author4_0_, posts0_.content as content5_0_, posts0_.title as title6_0_ from posts posts0_
Hibernate: select posts0_.id as id1_0_, posts0_.created_date as created_2_0_, posts0_.modified_date as modified3_0_, posts0_.author as author4_0_, posts0_.content as content5_0_, posts0_.title as title6_0_ from posts posts0_
Hibernate: delete from posts where id=?
]]></system-out>
  <system-err><![CDATA[]]></system-err>
</testsuite>
