<?xml version="1.0" encoding="UTF-8"?>
<testsuite name="com.alone.my.springboot.web.dto.HelloResponseDtoTest" tests="1" skipped="0" failures="0" errors="0" timestamp="2021-04-04T19:23:05" hostname="DESKTOP-5G2C5JO" time="0.009">
  <properties/>
  <testcase name="롬복_기능_테스트" classname="com.alone.my.springboot.web.dto.HelloResponseDtoTest" time="0.009"/>
  <system-out><![CDATA[악....시바라루짱시바라루짱시바라루짱시바라루짱
]]></system-out>
  <system-err><![CDATA[]]></system-err>
</testsuite>
