<?xml version="1.0" encoding="UTF-8"?>
<testsuite name="com.alone.my.springboot.domain.posts.PostsRepositoryTest" tests="2" skipped="0" failures="0" errors="0" timestamp="2021-04-01T09:31:24" hostname="DESKTOP-5G2C5JO" time="0.297">
  <properties/>
  <testcase name="게시글저장_불러오기" classname="com.alone.my.springboot.domain.posts.PostsRepositoryTest" time="0.282"/>
  <testcase name="BaseTimeEntity_등록" classname="com.alone.my.springboot.domain.posts.PostsRepositoryTest" time="0.014"/>
  <system-out><![CDATA[18:31:16.625 [Test worker] DEBUG org.springframework.test.context.junit4.SpringJUnit4ClassRunner - SpringJUnit4ClassRunner constructor called with [class com.alone.my.springboot.domain.posts.PostsRepositoryTest]
18:31:16.643 [Test worker] DEBUG org.springframework.test.context.BootstrapUtils - Instantiating CacheAwareContextLoaderDelegate from class [org.springframework.test.context.cache.DefaultCacheAwareContextLoaderDelegate]
18:31:16.651 [Test worker] DEBUG org.springframework.test.context.BootstrapUtils - Instantiating BootstrapContext using constructor [public org.springframework.test.context.support.DefaultBootstrapContext(java.lang.Class,org.springframework.test.context.CacheAwareContextLoaderDelegate)]
18:31:16.667 [Test worker] DEBUG org.springframework.test.context.BootstrapUtils - Instantiating TestContextBootstrapper for test class [com.alone.my.springboot.domain.posts.PostsRepositoryTest] from class [org.springframework.boot.test.context.SpringBootTestContextBootstrapper]
18:31:16.681 [Test worker] INFO org.springframework.boot.test.context.SpringBootTestContextBootstrapper - Neither @ContextConfiguration nor @ContextHierarchy found for test class [com.alone.my.springboot.domain.posts.PostsRepositoryTest], using SpringBootContextLoader
18:31:16.684 [Test worker] DEBUG org.springframework.test.context.support.AbstractContextLoader - Did not detect default resource location for test class [com.alone.my.springboot.domain.posts.PostsRepositoryTest]: class path resource [com/alone/my/springboot/domain/posts/PostsRepositoryTest-context.xml] does not exist
18:31:16.684 [Test worker] DEBUG org.springframework.test.context.support.AbstractContextLoader - Did not detect default resource location for test class [com.alone.my.springboot.domain.posts.PostsRepositoryTest]: class path resource [com/alone/my/springboot/domain/posts/PostsRepositoryTestContext.groovy] does not exist
18:31:16.684 [Test worker] INFO org.springframework.test.context.support.AbstractContextLoader - Could not detect default resource locations for test class [com.alone.my.springboot.domain.posts.PostsRepositoryTest]: no resource found for suffixes {-context.xml, Context.groovy}.
18:31:16.685 [Test worker] INFO org.springframework.test.context.support.AnnotationConfigContextLoaderUtils - Could not detect default configuration classes for test class [com.alone.my.springboot.domain.posts.PostsRepositoryTest]: PostsRepositoryTest does not declare any static, non-private, non-final, nested classes annotated with @Configuration.
18:31:16.733 [Test worker] DEBUG org.springframework.test.context.support.ActiveProfilesUtils - Could not find an 'annotation declaring class' for annotation type [org.springframework.test.context.ActiveProfiles] and class [com.alone.my.springboot.domain.posts.PostsRepositoryTest]
18:31:16.837 [Test worker] DEBUG org.springframework.context.annotation.ClassPathScanningCandidateComponentProvider - Identified candidate component class: file [C:\Users\KIMSG\Desktop\code\인텔리제이+aws\alone00\build\classes\java\main\com\alone\my\springboot\Application.class]
18:31:16.838 [Test worker] INFO org.springframework.boot.test.context.SpringBootTestContextBootstrapper - Found @SpringBootConfiguration com.alone.my.springboot.Application for test class com.alone.my.springboot.domain.posts.PostsRepositoryTest
18:31:16.943 [Test worker] DEBUG org.springframework.boot.test.context.SpringBootTestContextBootstrapper - @TestExecutionListeners is not present for class [com.alone.my.springboot.domain.posts.PostsRepositoryTest]: using defaults.
18:31:16.944 [Test worker] INFO org.springframework.boot.test.context.SpringBootTestContextBootstrapper - Loaded default TestExecutionListener class names from location [META-INF/spring.factories]: [org.springframework.security.test.context.support.WithSecurityContextTestExecutionListener, org.springframework.security.test.context.support.ReactorContextTestExecutionListener, org.springframework.boot.test.autoconfigure.restdocs.RestDocsTestExecutionListener, org.springframework.boot.test.autoconfigure.web.client.MockRestServiceServerResetTestExecutionListener, org.springframework.boot.test.autoconfigure.web.servlet.MockMvcPrintOnlyOnFailureTestExecutionListener, org.springframework.boot.test.autoconfigure.web.servlet.WebDriverTestExecutionListener, org.springframework.boot.test.mock.mockito.MockitoTestExecutionListener, org.springframework.boot.test.mock.mockito.ResetMocksTestExecutionListener, org.springframework.test.context.web.ServletTestExecutionListener, org.springframework.test.context.support.DirtiesContextBeforeModesTestExecutionListener, org.springframework.test.context.support.DependencyInjectionTestExecutionListener, org.springframework.test.context.support.DirtiesContextTestExecutionListener, org.springframework.test.context.transaction.TransactionalTestExecutionListener, org.springframework.test.context.jdbc.SqlScriptsTestExecutionListener]
18:31:16.982 [Test worker] INFO org.springframework.boot.test.context.SpringBootTestContextBootstrapper - Using TestExecutionListeners: [org.springframework.test.context.web.ServletTestExecutionListener@8477ee1, org.springframework.test.context.support.DirtiesContextBeforeModesTestExecutionListener@2bf28581, org.springframework.boot.test.mock.mockito.MockitoTestExecutionListener@7238f6ca, org.springframework.boot.test.autoconfigure.SpringBootDependencyInjectionTestExecutionListener@1c20720a, org.springframework.test.context.support.DirtiesContextTestExecutionListener@2f23a719, org.springframework.test.context.transaction.TransactionalTestExecutionListener@10c2f1f1, org.springframework.test.context.jdbc.SqlScriptsTestExecutionListener@25f9db85, org.springframework.security.test.context.support.WithSecurityContextTestExecutionListener@3ad65d12, org.springframework.security.test.context.support.ReactorContextTestExecutionListener@8ff2e3e, org.springframework.boot.test.autoconfigure.restdocs.RestDocsTestExecutionListener@fb51ba9, org.springframework.boot.test.autoconfigure.web.client.MockRestServiceServerResetTestExecutionListener@64fbcc29, org.springframework.boot.test.autoconfigure.web.servlet.MockMvcPrintOnlyOnFailureTestExecutionListener@6c4d3369, org.springframework.boot.test.autoconfigure.web.servlet.WebDriverTestExecutionListener@1d327e00, org.springframework.boot.test.mock.mockito.ResetMocksTestExecutionListener@3afd465c]
18:31:16.987 [Test worker] DEBUG org.springframework.test.annotation.ProfileValueUtils - Retrieved @ProfileValueSourceConfiguration [null] for test class [com.alone.my.springboot.domain.posts.PostsRepositoryTest]
18:31:16.987 [Test worker] DEBUG org.springframework.test.annotation.ProfileValueUtils - Retrieved ProfileValueSource type [class org.springframework.test.annotation.SystemProfileValueSource] for class [com.alone.my.springboot.domain.posts.PostsRepositoryTest]
18:31:16.995 [Test worker] DEBUG org.springframework.test.annotation.ProfileValueUtils - Retrieved @ProfileValueSourceConfiguration [null] for test class [com.alone.my.springboot.domain.posts.PostsRepositoryTest]
18:31:16.995 [Test worker] DEBUG org.springframework.test.annotation.ProfileValueUtils - Retrieved ProfileValueSource type [class org.springframework.test.annotation.SystemProfileValueSource] for class [com.alone.my.springboot.domain.posts.PostsRepositoryTest]
18:31:17.002 [Test worker] DEBUG org.springframework.test.context.support.AbstractDirtiesContextTestExecutionListener - Before test class: context [DefaultTestContext@1bcc539f testClass = PostsRepositoryTest, testInstance = [null], testMethod = [null], testException = [null], mergedContextConfiguration = [WebMergedContextConfiguration@460e051f testClass = PostsRepositoryTest, locations = '{}', classes = '{class com.alone.my.springboot.Application}', contextInitializerClasses = '[]', activeProfiles = '{}', propertySourceLocations = '{}', propertySourceProperties = '{org.springframework.boot.test.context.SpringBootTestContextBootstrapper=true}', contextCustomizers = set[org.springframework.boot.test.autoconfigure.properties.PropertyMappingContextCustomizer@0, org.springframework.boot.test.autoconfigure.web.servlet.WebDriverContextCustomizerFactory$Customizer@5acbf0d0, org.springframework.boot.test.context.filter.ExcludeFilterContextCustomizer@1c5dc4ed, org.springframework.boot.test.json.DuplicateJsonObjectContextCustomizerFactory$DuplicateJsonObjectContextCustomizer@30be30ed, org.springframework.boot.test.mock.mockito.MockitoContextCustomizer@0, org.springframework.boot.test.web.client.TestRestTemplateContextCustomizer@1d9f9634], resourceBasePath = 'src/main/webapp', contextLoader = 'org.springframework.boot.test.context.SpringBootContextLoader', parent = [null]], attributes = map['org.springframework.test.context.web.ServletTestExecutionListener.activateListener' -> true]], class annotated with @DirtiesContext [false] with mode [null].
18:31:17.003 [Test worker] DEBUG org.springframework.test.annotation.ProfileValueUtils - Retrieved @ProfileValueSourceConfiguration [null] for test class [com.alone.my.springboot.domain.posts.PostsRepositoryTest]
18:31:17.003 [Test worker] DEBUG org.springframework.test.annotation.ProfileValueUtils - Retrieved ProfileValueSource type [class org.springframework.test.annotation.SystemProfileValueSource] for class [com.alone.my.springboot.domain.posts.PostsRepositoryTest]
18:31:17.024 [Test worker] DEBUG org.springframework.test.context.support.TestPropertySourceUtils - Adding inlined properties to environment: {spring.jmx.enabled=false, org.springframework.boot.test.context.SpringBootTestContextBootstrapper=true, server.port=-1}

  .   ____          _            __ _ _
 /\\ / ___'_ __ _ _(_)_ __  __ _ \ \ \ \
( ( )\___ | '_ | '_| | '_ \/ _` | \ \ \ \
 \\/  ___)| |_)| | | | | || (_| |  ) ) ) )
  '  |____| .__|_| |_|_| |_\__, | / / / /
 =========|_|==============|___/=/_/_/_/
 :: Spring Boot ::        (v2.1.7.RELEASE)

2021-04-01 18:31:17.347  INFO 12148 --- [    Test worker] c.a.m.s.d.posts.PostsRepositoryTest      : Starting PostsRepositoryTest on DESKTOP-5G2C5JO with PID 12148 (started by KIMSG in C:\Users\KIMSG\Desktop\code\인텔리제이+aws\alone00)
2021-04-01 18:31:17.348  INFO 12148 --- [    Test worker] c.a.m.s.d.posts.PostsRepositoryTest      : The following profiles are active: oauth
2021-04-01 18:31:18.834  INFO 12148 --- [    Test worker] .s.d.r.c.RepositoryConfigurationDelegate : Bootstrapping Spring Data repositories in DEFAULT mode.
2021-04-01 18:31:18.931  INFO 12148 --- [    Test worker] .s.d.r.c.RepositoryConfigurationDelegate : Finished Spring Data repository scanning in 85ms. Found 2 repository interfaces.
2021-04-01 18:31:19.568  INFO 12148 --- [    Test worker] trationDelegate$BeanPostProcessorChecker : Bean 'org.springframework.transaction.annotation.ProxyTransactionManagementConfiguration' of type [org.springframework.transaction.annotation.ProxyTransactionManagementConfiguration$$EnhancerBySpringCGLIB$$add574e2] is not eligible for getting processed by all BeanPostProcessors (for example: not eligible for auto-proxying)
2021-04-01 18:31:19.909  INFO 12148 --- [    Test worker] com.zaxxer.hikari.HikariDataSource       : HikariPool-1 - Starting...
2021-04-01 18:31:20.121  INFO 12148 --- [    Test worker] com.zaxxer.hikari.HikariDataSource       : HikariPool-1 - Start completed.
2021-04-01 18:31:20.208  INFO 12148 --- [    Test worker] o.hibernate.jpa.internal.util.LogHelper  : HHH000204: Processing PersistenceUnitInfo [
	name: default
	...]
2021-04-01 18:31:20.291  INFO 12148 --- [    Test worker] org.hibernate.Version                    : HHH000412: Hibernate Core {5.3.10.Final}
2021-04-01 18:31:20.293  INFO 12148 --- [    Test worker] org.hibernate.cfg.Environment            : HHH000206: hibernate.properties not found
2021-04-01 18:31:20.478  INFO 12148 --- [    Test worker] o.hibernate.annotations.common.Version   : HCANN000001: Hibernate Commons Annotations {5.0.4.Final}
2021-04-01 18:31:20.681  INFO 12148 --- [    Test worker] org.hibernate.dialect.Dialect            : HHH000400: Using dialect: org.hibernate.dialect.MySQL5InnoDBDialect
Hibernate: drop table if exists posts
Hibernate: drop table if exists user
Hibernate: create table posts (id bigint not null auto_increment, created_date datetime, modified_date datetime, author varchar(255), content TEXT not null, title varchar(500) not null, primary key (id)) engine=InnoDB
Hibernate: create table user (id bigint not null auto_increment, created_date datetime, modified_date datetime, email varchar(255) not null, name varchar(255) not null, picture varchar(255), role varchar(255) not null, primary key (id)) engine=InnoDB
2021-04-01 18:31:21.526  INFO 12148 --- [    Test worker] o.h.t.schema.internal.SchemaCreatorImpl  : HHH000476: Executing import script 'org.hibernate.tool.schema.internal.exec.ScriptSourceInputNonExistentImpl@7997ce2d'
2021-04-01 18:31:21.529  INFO 12148 --- [    Test worker] j.LocalContainerEntityManagerFactoryBean : Initialized JPA EntityManagerFactory for persistence unit 'default'
2021-04-01 18:31:22.478  INFO 12148 --- [    Test worker] o.h.h.i.QueryTranslatorFactoryInitiator  : HHH000397: Using ASTQueryTranslatorFactory
2021-04-01 18:31:23.112  INFO 12148 --- [    Test worker] o.s.s.web.DefaultSecurityFilterChain     : Creating filter chain: any request, [org.springframework.security.web.context.request.async.WebAsyncManagerIntegrationFilter@46c1040f, org.springframework.security.web.context.SecurityContextPersistenceFilter@619eb22c, org.springframework.security.web.header.HeaderWriterFilter@4184178b, org.springframework.security.web.authentication.logout.LogoutFilter@2235813a, org.springframework.security.oauth2.client.web.OAuth2AuthorizationRequestRedirectFilter@a2c756f, org.springframework.security.oauth2.client.web.OAuth2LoginAuthenticationFilter@739ae719, org.springframework.security.web.authentication.ui.DefaultLoginPageGeneratingFilter@6430e4f2, org.springframework.security.web.authentication.ui.DefaultLogoutPageGeneratingFilter@4878eafe, org.springframework.security.web.savedrequest.RequestCacheAwareFilter@642f3990, org.springframework.security.web.servletapi.SecurityContextHolderAwareRequestFilter@29cb1b50, org.springframework.security.web.authentication.AnonymousAuthenticationFilter@760d18d, org.springframework.security.web.session.SessionManagementFilter@4ee857fe, org.springframework.security.web.access.ExceptionTranslationFilter@1b82d9b0, org.springframework.security.web.access.intercept.FilterSecurityInterceptor@14492d18]
2021-04-01 18:31:23.725  INFO 12148 --- [    Test worker] o.s.s.concurrent.ThreadPoolTaskExecutor  : Initializing ExecutorService 'applicationTaskExecutor'
2021-04-01 18:31:23.786  WARN 12148 --- [    Test worker] aWebConfiguration$JpaWebMvcConfiguration : spring.jpa.open-in-view is enabled by default. Therefore, database queries may be performed during view rendering. Explicitly configure spring.jpa.open-in-view to disable this warning
2021-04-01 18:31:23.837  INFO 12148 --- [    Test worker] o.s.b.a.w.s.WelcomePageHandlerMapping    : Adding welcome page template: index
2021-04-01 18:31:24.443  INFO 12148 --- [    Test worker] s.a.ScheduledAnnotationBeanPostProcessor : No TaskScheduler/ScheduledExecutorService bean found for scheduled processing
2021-04-01 18:31:24.454  INFO 12148 --- [    Test worker] c.a.m.s.d.posts.PostsRepositoryTest      : Started PostsRepositoryTest in 7.422 seconds (JVM running for 8.611)
Hibernate: insert into posts (created_date, modified_date, author, content, title) values (?, ?, ?, ?, ?)
Hibernate: select posts0_.id as id1_0_, posts0_.created_date as created_2_0_, posts0_.modified_date as modified3_0_, posts0_.author as author4_0_, posts0_.content as content5_0_, posts0_.title as title6_0_ from posts posts0_
Hibernate: select posts0_.id as id1_0_, posts0_.created_date as created_2_0_, posts0_.modified_date as modified3_0_, posts0_.author as author4_0_, posts0_.content as content5_0_, posts0_.title as title6_0_ from posts posts0_
Hibernate: delete from posts where id=?
Hibernate: insert into posts (created_date, modified_date, author, content, title) values (?, ?, ?, ?, ?)
Hibernate: select posts0_.id as id1_0_, posts0_.created_date as created_2_0_, posts0_.modified_date as modified3_0_, posts0_.author as author4_0_, posts0_.content as content5_0_, posts0_.title as title6_0_ from posts posts0_
>>>>>>>>> createDate=2021-04-01T18:31:24.760, modifiedDate=2021-04-01T18:31:24.760
Hibernate: select posts0_.id as id1_0_, posts0_.created_date as created_2_0_, posts0_.modified_date as modified3_0_, posts0_.author as author4_0_, posts0_.content as content5_0_, posts0_.title as title6_0_ from posts posts0_
Hibernate: delete from posts where id=?
]]></system-out>
  <system-err><![CDATA[]]></system-err>
</testsuite>
