<?xml version="1.0" encoding="UTF-8"?>
<testsuite name="com.alone.my.springboot.web.HelloControllerTest" tests="2" skipped="0" failures="0" errors="0" timestamp="2021-03-28T21:50:26" hostname="DESKTOP-5G2C5JO" time="0.434">
  <properties/>
  <testcase name="hello가_리턴된다" classname="com.alone.my.springboot.web.HelloControllerTest" time="0.184"/>
  <testcase name="helloDto가_리턴된다" classname="com.alone.my.springboot.web.HelloControllerTest" time="0.248"/>
  <system-out><![CDATA[2021-03-29 06:50:24.923  INFO 14860 --- [    Test worker] .b.t.a.w.s.WebMvcTestContextBootstrapper : Neither @ContextConfiguration nor @ContextHierarchy found for test class [com.alone.my.springboot.web.HelloControllerTest], using SpringBootContextLoader
2021-03-29 06:50:24.923  INFO 14860 --- [    Test worker] o.s.t.c.support.AbstractContextLoader    : Could not detect default resource locations for test class [com.alone.my.springboot.web.HelloControllerTest]: no resource found for suffixes {-context.xml, Context.groovy}.
2021-03-29 06:50:24.923  INFO 14860 --- [    Test worker] t.c.s.AnnotationConfigContextLoaderUtils : Could not detect default configuration classes for test class [com.alone.my.springboot.web.HelloControllerTest]: HelloControllerTest does not declare any static, non-private, non-final, nested classes annotated with @Configuration.
2021-03-29 06:50:24.945  INFO 14860 --- [    Test worker] .b.t.c.SpringBootTestContextBootstrapper : Found @SpringBootConfiguration com.alone.my.springboot.Application for test class com.alone.my.springboot.web.HelloControllerTest
2021-03-29 06:50:24.946  INFO 14860 --- [    Test worker] .b.t.a.w.s.WebMvcTestContextBootstrapper : Loaded default TestExecutionListener class names from location [META-INF/spring.factories]: [org.springframework.security.test.context.support.WithSecurityContextTestExecutionListener, org.springframework.security.test.context.support.ReactorContextTestExecutionListener, org.springframework.boot.test.autoconfigure.restdocs.RestDocsTestExecutionListener, org.springframework.boot.test.autoconfigure.web.client.MockRestServiceServerResetTestExecutionListener, org.springframework.boot.test.autoconfigure.web.servlet.MockMvcPrintOnlyOnFailureTestExecutionListener, org.springframework.boot.test.autoconfigure.web.servlet.WebDriverTestExecutionListener, org.springframework.boot.test.mock.mockito.MockitoTestExecutionListener, org.springframework.boot.test.mock.mockito.ResetMocksTestExecutionListener, org.springframework.test.context.web.ServletTestExecutionListener, org.springframework.test.context.support.DirtiesContextBeforeModesTestExecutionListener, org.springframework.test.context.support.DependencyInjectionTestExecutionListener, org.springframework.test.context.support.DirtiesContextTestExecutionListener, org.springframework.test.context.transaction.TransactionalTestExecutionListener, org.springframework.test.context.jdbc.SqlScriptsTestExecutionListener]
2021-03-29 06:50:24.948  INFO 14860 --- [    Test worker] .b.t.a.w.s.WebMvcTestContextBootstrapper : Using TestExecutionListeners: [org.springframework.test.context.web.ServletTestExecutionListener@e6a0c2f, org.springframework.test.context.support.DirtiesContextBeforeModesTestExecutionListener@7d277f7d, org.springframework.boot.test.mock.mockito.MockitoTestExecutionListener@7b409469, org.springframework.boot.test.autoconfigure.SpringBootDependencyInjectionTestExecutionListener@1a7f5ecb, org.springframework.test.context.support.DirtiesContextTestExecutionListener@442a22df, org.springframework.test.context.transaction.TransactionalTestExecutionListener@2b061b0, org.springframework.test.context.jdbc.SqlScriptsTestExecutionListener@7dac5e53, org.springframework.security.test.context.support.WithSecurityContextTestExecutionListener@1dc5ce2b, org.springframework.security.test.context.support.ReactorContextTestExecutionListener@8ec2b96, org.springframework.boot.test.autoconfigure.restdocs.RestDocsTestExecutionListener@9d076da, org.springframework.boot.test.autoconfigure.web.client.MockRestServiceServerResetTestExecutionListener@1611ff75, org.springframework.boot.test.autoconfigure.web.servlet.MockMvcPrintOnlyOnFailureTestExecutionListener@2596df0a, org.springframework.boot.test.autoconfigure.web.servlet.WebDriverTestExecutionListener@4c4ff0b5, org.springframework.boot.test.mock.mockito.ResetMocksTestExecutionListener@46233940]

  .   ____          _            __ _ _
 /\\ / ___'_ __ _ _(_)_ __  __ _ \ \ \ \
( ( )\___ | '_ | '_| | '_ \/ _` | \ \ \ \
 \\/  ___)| |_)| | | | | || (_| |  ) ) ) )
  '  |____| .__|_| |_|_| |_\__, | / / / /
 =========|_|==============|___/=/_/_/_/
 :: Spring Boot ::        (v2.1.7.RELEASE)

2021-03-29 06:50:24.990  INFO 14860 --- [    Test worker] c.a.m.s.web.HelloControllerTest          : Starting HelloControllerTest on DESKTOP-5G2C5JO with PID 14860 (started by KIMSG in C:\Users\KIMSG\Desktop\code\인텔리제이+aws\alone00)
2021-03-29 06:50:24.991  INFO 14860 --- [    Test worker] c.a.m.s.web.HelloControllerTest          : The following profiles are active: oauth
2021-03-29 06:50:25.610  INFO 14860 --- [    Test worker] o.s.s.concurrent.ThreadPoolTaskExecutor  : Initializing ExecutorService 'applicationTaskExecutor'
2021-03-29 06:50:25.652  INFO 14860 --- [    Test worker] o.s.b.a.w.s.WelcomePageHandlerMapping    : Adding welcome page template: index
2021-03-29 06:50:26.099  INFO 14860 --- [    Test worker] .s.s.UserDetailsServiceAutoConfiguration : 

Using generated security password: ab00791f-7c60-4ec4-b53b-b61b11aac2fa

2021-03-29 06:50:26.260  INFO 14860 --- [    Test worker] o.s.s.web.DefaultSecurityFilterChain     : Creating filter chain: any request, [org.springframework.security.web.context.request.async.WebAsyncManagerIntegrationFilter@29d3f166, org.springframework.security.web.context.SecurityContextPersistenceFilter@516035e9, org.springframework.security.web.header.HeaderWriterFilter@432c323f, org.springframework.security.web.csrf.CsrfFilter@5a82dc59, org.springframework.security.web.authentication.logout.LogoutFilter@7a1b3932, org.springframework.security.web.authentication.UsernamePasswordAuthenticationFilter@3e56f26d, org.springframework.security.web.authentication.ui.DefaultLoginPageGeneratingFilter@7321f5ab, org.springframework.security.web.authentication.ui.DefaultLogoutPageGeneratingFilter@72d3f954, org.springframework.security.web.authentication.www.BasicAuthenticationFilter@3f21fff4, org.springframework.security.web.savedrequest.RequestCacheAwareFilter@5c4300ec, org.springframework.security.web.servletapi.SecurityContextHolderAwareRequestFilter@7e5c7c91, org.springframework.security.web.authentication.AnonymousAuthenticationFilter@423d76a5, org.springframework.security.web.session.SessionManagementFilter@f805e17, org.springframework.security.web.access.ExceptionTranslationFilter@33a7d138, org.springframework.security.web.access.intercept.FilterSecurityInterceptor@605811ae]
2021-03-29 06:50:26.310  INFO 14860 --- [    Test worker] o.s.b.t.m.w.SpringBootMockServletContext : Initializing Spring TestDispatcherServlet ''
2021-03-29 06:50:26.310  INFO 14860 --- [    Test worker] o.s.t.web.servlet.TestDispatcherServlet  : Initializing Servlet ''
2021-03-29 06:50:26.327  INFO 14860 --- [    Test worker] o.s.t.web.servlet.TestDispatcherServlet  : Completed initialization in 16 ms
2021-03-29 06:50:26.366  INFO 14860 --- [    Test worker] c.a.m.s.web.HelloControllerTest          : Started HelloControllerTest in 1.415 seconds (JVM running for 11.56)
악....시바라루짱시바라루짱시바라루짱시바라루짱
]]></system-out>
  <system-err><![CDATA[]]></system-err>
</testsuite>
