<?xml version="1.0" encoding="UTF-8"?>
<testsuite name="com.alone.my.springboot.web.HelloControllerTest" tests="2" skipped="0" failures="0" errors="0" timestamp="2021-04-03T02:11:20" hostname="DESKTOP-5G2C5JO" time="0.164">
  <properties/>
  <testcase name="hello가_리턴된다" classname="com.alone.my.springboot.web.HelloControllerTest" time="0.068"/>
  <testcase name="helloDto가_리턴된다" classname="com.alone.my.springboot.web.HelloControllerTest" time="0.095"/>
  <system-out><![CDATA[2021-04-03 11:11:19.770  INFO 12784 --- [    Test worker] .b.t.a.w.s.WebMvcTestContextBootstrapper : Neither @ContextConfiguration nor @ContextHierarchy found for test class [com.alone.my.springboot.web.HelloControllerTest], using SpringBootContextLoader
2021-04-03 11:11:19.771  INFO 12784 --- [    Test worker] o.s.t.c.support.AbstractContextLoader    : Could not detect default resource locations for test class [com.alone.my.springboot.web.HelloControllerTest]: no resource found for suffixes {-context.xml, Context.groovy}.
2021-04-03 11:11:19.771  INFO 12784 --- [    Test worker] t.c.s.AnnotationConfigContextLoaderUtils : Could not detect default configuration classes for test class [com.alone.my.springboot.web.HelloControllerTest]: HelloControllerTest does not declare any static, non-private, non-final, nested classes annotated with @Configuration.
2021-04-03 11:11:19.800  INFO 12784 --- [    Test worker] .b.t.c.SpringBootTestContextBootstrapper : Found @SpringBootConfiguration com.alone.my.springboot.Application for test class com.alone.my.springboot.web.HelloControllerTest
2021-04-03 11:11:19.800  INFO 12784 --- [    Test worker] .b.t.a.w.s.WebMvcTestContextBootstrapper : Loaded default TestExecutionListener class names from location [META-INF/spring.factories]: [org.springframework.security.test.context.support.WithSecurityContextTestExecutionListener, org.springframework.security.test.context.support.ReactorContextTestExecutionListener, org.springframework.boot.test.autoconfigure.restdocs.RestDocsTestExecutionListener, org.springframework.boot.test.autoconfigure.web.client.MockRestServiceServerResetTestExecutionListener, org.springframework.boot.test.autoconfigure.web.servlet.MockMvcPrintOnlyOnFailureTestExecutionListener, org.springframework.boot.test.autoconfigure.web.servlet.WebDriverTestExecutionListener, org.springframework.boot.test.mock.mockito.MockitoTestExecutionListener, org.springframework.boot.test.mock.mockito.ResetMocksTestExecutionListener, org.springframework.test.context.web.ServletTestExecutionListener, org.springframework.test.context.support.DirtiesContextBeforeModesTestExecutionListener, org.springframework.test.context.support.DependencyInjectionTestExecutionListener, org.springframework.test.context.support.DirtiesContextTestExecutionListener, org.springframework.test.context.transaction.TransactionalTestExecutionListener, org.springframework.test.context.jdbc.SqlScriptsTestExecutionListener]
2021-04-03 11:11:19.801  INFO 12784 --- [    Test worker] .b.t.a.w.s.WebMvcTestContextBootstrapper : Using TestExecutionListeners: [org.springframework.test.context.web.ServletTestExecutionListener@7b8cbf24, org.springframework.test.context.support.DirtiesContextBeforeModesTestExecutionListener@5cb095a2, org.springframework.boot.test.mock.mockito.MockitoTestExecutionListener@451c2e0, org.springframework.boot.test.autoconfigure.SpringBootDependencyInjectionTestExecutionListener@3513836a, org.springframework.test.context.support.DirtiesContextTestExecutionListener@2b787f73, org.springframework.test.context.transaction.TransactionalTestExecutionListener@73bdf23b, org.springframework.test.context.jdbc.SqlScriptsTestExecutionListener@79f1786e, org.springframework.security.test.context.support.WithSecurityContextTestExecutionListener@50d0ace9, org.springframework.security.test.context.support.ReactorContextTestExecutionListener@383bc267, org.springframework.boot.test.autoconfigure.restdocs.RestDocsTestExecutionListener@248bc371, org.springframework.boot.test.autoconfigure.web.client.MockRestServiceServerResetTestExecutionListener@564bed86, org.springframework.boot.test.autoconfigure.web.servlet.MockMvcPrintOnlyOnFailureTestExecutionListener@329b442, org.springframework.boot.test.autoconfigure.web.servlet.WebDriverTestExecutionListener@65e776ba, org.springframework.boot.test.mock.mockito.ResetMocksTestExecutionListener@1f8da13c]

  .   ____          _            __ _ _
 /\\ / ___'_ __ _ _(_)_ __  __ _ \ \ \ \
( ( )\___ | '_ | '_| | '_ \/ _` | \ \ \ \
 \\/  ___)| |_)| | | | | || (_| |  ) ) ) )
  '  |____| .__|_| |_|_| |_\__, | / / / /
 =========|_|==============|___/=/_/_/_/
 :: Spring Boot ::        (v2.1.7.RELEASE)

2021-04-03 11:11:19.855  INFO 12784 --- [    Test worker] c.a.m.s.web.HelloControllerTest          : Starting HelloControllerTest on DESKTOP-5G2C5JO with PID 12784 (started by KIMSG in C:\Users\KIMSG\Desktop\code\인텔리제이+aws\alone00)
2021-04-03 11:11:19.866  INFO 12784 --- [    Test worker] c.a.m.s.web.HelloControllerTest          : The following profiles are active: oauth
2021-04-03 11:11:20.356  INFO 12784 --- [    Test worker] o.s.s.concurrent.ThreadPoolTaskExecutor  : Initializing ExecutorService 'applicationTaskExecutor'
2021-04-03 11:11:20.393  INFO 12784 --- [    Test worker] o.s.b.a.w.s.WelcomePageHandlerMapping    : Adding welcome page template: index
2021-04-03 11:11:20.621  INFO 12784 --- [    Test worker] .s.s.UserDetailsServiceAutoConfiguration : 

Using generated security password: 7a91d745-226e-4bac-a4be-4e7f6af25c31

2021-04-03 11:11:20.763  INFO 12784 --- [    Test worker] o.s.s.web.DefaultSecurityFilterChain     : Creating filter chain: any request, [org.springframework.security.web.context.request.async.WebAsyncManagerIntegrationFilter@71dcde64, org.springframework.security.web.context.SecurityContextPersistenceFilter@72d3f954, org.springframework.security.web.header.HeaderWriterFilter@7f1bf057, org.springframework.security.web.csrf.CsrfFilter@161800c2, org.springframework.security.web.authentication.logout.LogoutFilter@57038fff, org.springframework.security.web.authentication.UsernamePasswordAuthenticationFilter@e204e50, org.springframework.security.web.authentication.ui.DefaultLoginPageGeneratingFilter@546a2a1a, org.springframework.security.web.authentication.ui.DefaultLogoutPageGeneratingFilter@67635212, org.springframework.security.web.authentication.www.BasicAuthenticationFilter@eac07b6, org.springframework.security.web.savedrequest.RequestCacheAwareFilter@423d76a5, org.springframework.security.web.servletapi.SecurityContextHolderAwareRequestFilter@6204affd, org.springframework.security.web.authentication.AnonymousAuthenticationFilter@91c68ff, org.springframework.security.web.session.SessionManagementFilter@29d3f166, org.springframework.security.web.access.ExceptionTranslationFilter@3f21fff4, org.springframework.security.web.access.intercept.FilterSecurityInterceptor@3e8367c2]
2021-04-03 11:11:20.825  INFO 12784 --- [    Test worker] o.s.b.t.m.w.SpringBootMockServletContext : Initializing Spring TestDispatcherServlet ''
2021-04-03 11:11:20.825  INFO 12784 --- [    Test worker] o.s.t.web.servlet.TestDispatcherServlet  : Initializing Servlet ''
2021-04-03 11:11:20.838  INFO 12784 --- [    Test worker] o.s.t.web.servlet.TestDispatcherServlet  : Completed initialization in 12 ms
2021-04-03 11:11:20.866  INFO 12784 --- [    Test worker] c.a.m.s.web.HelloControllerTest          : Started HelloControllerTest in 1.063 seconds (JVM running for 13.086)
악....시바라루짱시바라루짱시바라루짱시바라루짱
]]></system-out>
  <system-err><![CDATA[]]></system-err>
</testsuite>
