<?xml version="1.0" encoding="UTF-8"?>
<testsuite name="com.alone.my.springboot.web.HelloControllerTest" tests="2" skipped="0" failures="0" errors="0" timestamp="2021-04-02T20:24:49" hostname="DESKTOP-5G2C5JO" time="0.141">
  <properties/>
  <testcase name="hello가_리턴된다" classname="com.alone.my.springboot.web.HelloControllerTest" time="0.061"/>
  <testcase name="helloDto가_리턴된다" classname="com.alone.my.springboot.web.HelloControllerTest" time="0.079"/>
  <system-out><![CDATA[2021-04-03 05:24:48.719  INFO 11780 --- [    Test worker] .b.t.a.w.s.WebMvcTestContextBootstrapper : Neither @ContextConfiguration nor @ContextHierarchy found for test class [com.alone.my.springboot.web.HelloControllerTest], using SpringBootContextLoader
2021-04-03 05:24:48.719  INFO 11780 --- [    Test worker] o.s.t.c.support.AbstractContextLoader    : Could not detect default resource locations for test class [com.alone.my.springboot.web.HelloControllerTest]: no resource found for suffixes {-context.xml, Context.groovy}.
2021-04-03 05:24:48.719  INFO 11780 --- [    Test worker] t.c.s.AnnotationConfigContextLoaderUtils : Could not detect default configuration classes for test class [com.alone.my.springboot.web.HelloControllerTest]: HelloControllerTest does not declare any static, non-private, non-final, nested classes annotated with @Configuration.
2021-04-03 05:24:48.734  INFO 11780 --- [    Test worker] .b.t.c.SpringBootTestContextBootstrapper : Found @SpringBootConfiguration com.alone.my.springboot.Application for test class com.alone.my.springboot.web.HelloControllerTest
2021-04-03 05:24:48.734  INFO 11780 --- [    Test worker] .b.t.a.w.s.WebMvcTestContextBootstrapper : Loaded default TestExecutionListener class names from location [META-INF/spring.factories]: [org.springframework.security.test.context.support.WithSecurityContextTestExecutionListener, org.springframework.security.test.context.support.ReactorContextTestExecutionListener, org.springframework.boot.test.autoconfigure.restdocs.RestDocsTestExecutionListener, org.springframework.boot.test.autoconfigure.web.client.MockRestServiceServerResetTestExecutionListener, org.springframework.boot.test.autoconfigure.web.servlet.MockMvcPrintOnlyOnFailureTestExecutionListener, org.springframework.boot.test.autoconfigure.web.servlet.WebDriverTestExecutionListener, org.springframework.boot.test.mock.mockito.MockitoTestExecutionListener, org.springframework.boot.test.mock.mockito.ResetMocksTestExecutionListener, org.springframework.test.context.web.ServletTestExecutionListener, org.springframework.test.context.support.DirtiesContextBeforeModesTestExecutionListener, org.springframework.test.context.support.DependencyInjectionTestExecutionListener, org.springframework.test.context.support.DirtiesContextTestExecutionListener, org.springframework.test.context.transaction.TransactionalTestExecutionListener, org.springframework.test.context.jdbc.SqlScriptsTestExecutionListener]
2021-04-03 05:24:48.734  INFO 11780 --- [    Test worker] .b.t.a.w.s.WebMvcTestContextBootstrapper : Using TestExecutionListeners: [org.springframework.test.context.web.ServletTestExecutionListener@3c515b6c, org.springframework.test.context.support.DirtiesContextBeforeModesTestExecutionListener@6fba7fda, org.springframework.boot.test.mock.mockito.MockitoTestExecutionListener@7d02432c, org.springframework.boot.test.autoconfigure.SpringBootDependencyInjectionTestExecutionListener@73ce0437, org.springframework.test.context.support.DirtiesContextTestExecutionListener@4572ab19, org.springframework.test.context.transaction.TransactionalTestExecutionListener@790a58c2, org.springframework.test.context.jdbc.SqlScriptsTestExecutionListener@167e7fec, org.springframework.security.test.context.support.WithSecurityContextTestExecutionListener@15123ea8, org.springframework.security.test.context.support.ReactorContextTestExecutionListener@45687570, org.springframework.boot.test.autoconfigure.restdocs.RestDocsTestExecutionListener@6e0ff957, org.springframework.boot.test.autoconfigure.web.client.MockRestServiceServerResetTestExecutionListener@beb7a65, org.springframework.boot.test.autoconfigure.web.servlet.MockMvcPrintOnlyOnFailureTestExecutionListener@f88f2ce, org.springframework.boot.test.autoconfigure.web.servlet.WebDriverTestExecutionListener@94dc5ba, org.springframework.boot.test.mock.mockito.ResetMocksTestExecutionListener@18194085]

  .   ____          _            __ _ _
 /\\ / ___'_ __ _ _(_)_ __  __ _ \ \ \ \
( ( )\___ | '_ | '_| | '_ \/ _` | \ \ \ \
 \\/  ___)| |_)| | | | | || (_| |  ) ) ) )
  '  |____| .__|_| |_|_| |_\__, | / / / /
 =========|_|==============|___/=/_/_/_/
 :: Spring Boot ::        (v2.1.7.RELEASE)

2021-04-03 05:24:48.781  INFO 11780 --- [    Test worker] c.a.m.s.web.HelloControllerTest          : Starting HelloControllerTest on DESKTOP-5G2C5JO with PID 11780 (started by KIMSG in C:\Users\KIMSG\Desktop\code\인텔리제이+aws\alone00)
2021-04-03 05:24:48.781  INFO 11780 --- [    Test worker] c.a.m.s.web.HelloControllerTest          : The following profiles are active: oauth
2021-04-03 05:24:49.203  INFO 11780 --- [    Test worker] o.s.s.concurrent.ThreadPoolTaskExecutor  : Initializing ExecutorService 'applicationTaskExecutor'
2021-04-03 05:24:49.250  INFO 11780 --- [    Test worker] o.s.b.a.w.s.WelcomePageHandlerMapping    : Adding welcome page template: index
2021-04-03 05:24:49.437  INFO 11780 --- [    Test worker] .s.s.UserDetailsServiceAutoConfiguration : 

Using generated security password: 9b9cd155-a8e9-4c42-854b-cf79977fb5d1

2021-04-03 05:24:49.594  INFO 11780 --- [    Test worker] o.s.s.web.DefaultSecurityFilterChain     : Creating filter chain: any request, [org.springframework.security.web.context.request.async.WebAsyncManagerIntegrationFilter@398ad05e, org.springframework.security.web.context.SecurityContextPersistenceFilter@39c25137, org.springframework.security.web.header.HeaderWriterFilter@6fda98ed, org.springframework.security.web.csrf.CsrfFilter@2dc99e7, org.springframework.security.web.authentication.logout.LogoutFilter@26f33a63, org.springframework.security.web.authentication.UsernamePasswordAuthenticationFilter@391ea2e3, org.springframework.security.web.authentication.ui.DefaultLoginPageGeneratingFilter@11bc947, org.springframework.security.web.authentication.ui.DefaultLogoutPageGeneratingFilter@19810b7f, org.springframework.security.web.authentication.www.BasicAuthenticationFilter@6e15f864, org.springframework.security.web.savedrequest.RequestCacheAwareFilter@4ad801d9, org.springframework.security.web.servletapi.SecurityContextHolderAwareRequestFilter@71fef59f, org.springframework.security.web.authentication.AnonymousAuthenticationFilter@581616f3, org.springframework.security.web.session.SessionManagementFilter@92f3750, org.springframework.security.web.access.ExceptionTranslationFilter@241afe68, org.springframework.security.web.access.intercept.FilterSecurityInterceptor@2c86fcae]
2021-04-03 05:24:49.625  INFO 11780 --- [    Test worker] o.s.b.t.m.w.SpringBootMockServletContext : Initializing Spring TestDispatcherServlet ''
2021-04-03 05:24:49.625  INFO 11780 --- [    Test worker] o.s.t.web.servlet.TestDispatcherServlet  : Initializing Servlet ''
2021-04-03 05:24:49.641  INFO 11780 --- [    Test worker] o.s.t.web.servlet.TestDispatcherServlet  : Completed initialization in 16 ms
2021-04-03 05:24:49.672  INFO 11780 --- [    Test worker] c.a.m.s.web.HelloControllerTest          : Started HelloControllerTest in 0.938 seconds (JVM running for 8.211)
악....시바라루짱시바라루짱시바라루짱시바라루짱
]]></system-out>
  <system-err><![CDATA[]]></system-err>
</testsuite>
