<?xml version="1.0" encoding="UTF-8"?>
<testsuite name="com.alone.my.springboot.web.ProfileControllerTest" tests="1" skipped="0" failures="0" errors="0" timestamp="2021-04-02T20:24:53" hostname="DESKTOP-5G2C5JO" time="0.015">
  <properties/>
  <testcase name="profile은_인증없이_호출된다" classname="com.alone.my.springboot.web.ProfileControllerTest" time="0.015"/>
  <system-out><![CDATA[2021-04-03 05:24:53.234  INFO 11780 --- [    Test worker] .b.t.c.SpringBootTestContextBootstrapper : Neither @ContextConfiguration nor @ContextHierarchy found for test class [com.alone.my.springboot.web.ProfileControllerTest], using SpringBootContextLoader
2021-04-03 05:24:53.234  INFO 11780 --- [    Test worker] o.s.t.c.support.AbstractContextLoader    : Could not detect default resource locations for test class [com.alone.my.springboot.web.ProfileControllerTest]: no resource found for suffixes {-context.xml, Context.groovy}.
2021-04-03 05:24:53.234  INFO 11780 --- [    Test worker] t.c.s.AnnotationConfigContextLoaderUtils : Could not detect default configuration classes for test class [com.alone.my.springboot.web.ProfileControllerTest]: ProfileControllerTest does not declare any static, non-private, non-final, nested classes annotated with @Configuration.
2021-04-03 05:24:53.234  INFO 11780 --- [    Test worker] .b.t.c.SpringBootTestContextBootstrapper : Found @SpringBootConfiguration com.alone.my.springboot.Application for test class com.alone.my.springboot.web.ProfileControllerTest
2021-04-03 05:24:53.234  INFO 11780 --- [    Test worker] .b.t.c.SpringBootTestContextBootstrapper : Loaded default TestExecutionListener class names from location [META-INF/spring.factories]: [org.springframework.security.test.context.support.WithSecurityContextTestExecutionListener, org.springframework.security.test.context.support.ReactorContextTestExecutionListener, org.springframework.boot.test.autoconfigure.restdocs.RestDocsTestExecutionListener, org.springframework.boot.test.autoconfigure.web.client.MockRestServiceServerResetTestExecutionListener, org.springframework.boot.test.autoconfigure.web.servlet.MockMvcPrintOnlyOnFailureTestExecutionListener, org.springframework.boot.test.autoconfigure.web.servlet.WebDriverTestExecutionListener, org.springframework.boot.test.mock.mockito.MockitoTestExecutionListener, org.springframework.boot.test.mock.mockito.ResetMocksTestExecutionListener, org.springframework.test.context.web.ServletTestExecutionListener, org.springframework.test.context.support.DirtiesContextBeforeModesTestExecutionListener, org.springframework.test.context.support.DependencyInjectionTestExecutionListener, org.springframework.test.context.support.DirtiesContextTestExecutionListener, org.springframework.test.context.transaction.TransactionalTestExecutionListener, org.springframework.test.context.jdbc.SqlScriptsTestExecutionListener]
2021-04-03 05:24:53.234  INFO 11780 --- [    Test worker] .b.t.c.SpringBootTestContextBootstrapper : Using TestExecutionListeners: [org.springframework.test.context.web.ServletTestExecutionListener@19433df9, org.springframework.test.context.support.DirtiesContextBeforeModesTestExecutionListener@1a46b35f, org.springframework.boot.test.mock.mockito.MockitoTestExecutionListener@285efd8a, org.springframework.boot.test.autoconfigure.SpringBootDependencyInjectionTestExecutionListener@7e2dbaa8, org.springframework.test.context.support.DirtiesContextTestExecutionListener@7e81ec61, org.springframework.test.context.transaction.TransactionalTestExecutionListener@517274a5, org.springframework.test.context.jdbc.SqlScriptsTestExecutionListener@e9f61ac, org.springframework.security.test.context.support.WithSecurityContextTestExecutionListener@1d74622d, org.springframework.security.test.context.support.ReactorContextTestExecutionListener@6ce76706, org.springframework.boot.test.autoconfigure.restdocs.RestDocsTestExecutionListener@2ef2e163, org.springframework.boot.test.autoconfigure.web.client.MockRestServiceServerResetTestExecutionListener@5b956710, org.springframework.boot.test.autoconfigure.web.servlet.MockMvcPrintOnlyOnFailureTestExecutionListener@654e0345, org.springframework.boot.test.autoconfigure.web.servlet.WebDriverTestExecutionListener@32c697bd, org.springframework.boot.test.mock.mockito.ResetMocksTestExecutionListener@b06817f]
]]></system-out>
  <system-err><![CDATA[]]></system-err>
</testsuite>
