<?xml version="1.0" encoding="UTF-8"?>
<testsuite name="com.alone.my.springboot.web.HelloControllerTest" tests="2" skipped="0" failures="0" errors="0" timestamp="2021-03-31T05:14:23" hostname="DESKTOP-5G2C5JO" time="0.403">
  <properties/>
  <testcase name="hello가_리턴된다" classname="com.alone.my.springboot.web.HelloControllerTest" time="0.206"/>
  <testcase name="helloDto가_리턴된다" classname="com.alone.my.springboot.web.HelloControllerTest" time="0.196"/>
  <system-out><![CDATA[2021-03-31 14:14:22.058  INFO 8228 --- [    Test worker] .b.t.a.w.s.WebMvcTestContextBootstrapper : Neither @ContextConfiguration nor @ContextHierarchy found for test class [com.alone.my.springboot.web.HelloControllerTest], using SpringBootContextLoader
2021-03-31 14:14:22.059  INFO 8228 --- [    Test worker] o.s.t.c.support.AbstractContextLoader    : Could not detect default resource locations for test class [com.alone.my.springboot.web.HelloControllerTest]: no resource found for suffixes {-context.xml, Context.groovy}.
2021-03-31 14:14:22.059  INFO 8228 --- [    Test worker] t.c.s.AnnotationConfigContextLoaderUtils : Could not detect default configuration classes for test class [com.alone.my.springboot.web.HelloControllerTest]: HelloControllerTest does not declare any static, non-private, non-final, nested classes annotated with @Configuration.
2021-03-31 14:14:22.106  INFO 8228 --- [    Test worker] .b.t.c.SpringBootTestContextBootstrapper : Found @SpringBootConfiguration com.alone.my.springboot.Application for test class com.alone.my.springboot.web.HelloControllerTest
2021-03-31 14:14:22.107  INFO 8228 --- [    Test worker] .b.t.a.w.s.WebMvcTestContextBootstrapper : Loaded default TestExecutionListener class names from location [META-INF/spring.factories]: [org.springframework.security.test.context.support.WithSecurityContextTestExecutionListener, org.springframework.security.test.context.support.ReactorContextTestExecutionListener, org.springframework.boot.test.autoconfigure.restdocs.RestDocsTestExecutionListener, org.springframework.boot.test.autoconfigure.web.client.MockRestServiceServerResetTestExecutionListener, org.springframework.boot.test.autoconfigure.web.servlet.MockMvcPrintOnlyOnFailureTestExecutionListener, org.springframework.boot.test.autoconfigure.web.servlet.WebDriverTestExecutionListener, org.springframework.boot.test.mock.mockito.MockitoTestExecutionListener, org.springframework.boot.test.mock.mockito.ResetMocksTestExecutionListener, org.springframework.test.context.web.ServletTestExecutionListener, org.springframework.test.context.support.DirtiesContextBeforeModesTestExecutionListener, org.springframework.test.context.support.DependencyInjectionTestExecutionListener, org.springframework.test.context.support.DirtiesContextTestExecutionListener, org.springframework.test.context.transaction.TransactionalTestExecutionListener, org.springframework.test.context.jdbc.SqlScriptsTestExecutionListener]
2021-03-31 14:14:22.108  INFO 8228 --- [    Test worker] .b.t.a.w.s.WebMvcTestContextBootstrapper : Using TestExecutionListeners: [org.springframework.test.context.web.ServletTestExecutionListener@5c0580b6, org.springframework.test.context.support.DirtiesContextBeforeModesTestExecutionListener@44bcb399, org.springframework.boot.test.mock.mockito.MockitoTestExecutionListener@6bbc3399, org.springframework.boot.test.autoconfigure.SpringBootDependencyInjectionTestExecutionListener@2dc7dd2d, org.springframework.test.context.support.DirtiesContextTestExecutionListener@5db7e813, org.springframework.test.context.transaction.TransactionalTestExecutionListener@7cb6b847, org.springframework.test.context.jdbc.SqlScriptsTestExecutionListener@761c6cb3, org.springframework.security.test.context.support.WithSecurityContextTestExecutionListener@6521e9e8, org.springframework.security.test.context.support.ReactorContextTestExecutionListener@734722f, org.springframework.boot.test.autoconfigure.restdocs.RestDocsTestExecutionListener@4e89860e, org.springframework.boot.test.autoconfigure.web.client.MockRestServiceServerResetTestExecutionListener@5be51298, org.springframework.boot.test.autoconfigure.web.servlet.MockMvcPrintOnlyOnFailureTestExecutionListener@3161cea5, org.springframework.boot.test.autoconfigure.web.servlet.WebDriverTestExecutionListener@156067ac, org.springframework.boot.test.mock.mockito.ResetMocksTestExecutionListener@175b3af8]

  .   ____          _            __ _ _
 /\\ / ___'_ __ _ _(_)_ __  __ _ \ \ \ \
( ( )\___ | '_ | '_| | '_ \/ _` | \ \ \ \
 \\/  ___)| |_)| | | | | || (_| |  ) ) ) )
  '  |____| .__|_| |_|_| |_\__, | / / / /
 =========|_|==============|___/=/_/_/_/
 :: Spring Boot ::        (v2.1.7.RELEASE)

2021-03-31 14:14:22.171  INFO 8228 --- [    Test worker] c.a.m.s.web.HelloControllerTest          : Starting HelloControllerTest on DESKTOP-5G2C5JO with PID 8228 (started by KIMSG in C:\Users\KIMSG\Desktop\code\인텔리제이+aws\alone00)
2021-03-31 14:14:22.176  INFO 8228 --- [    Test worker] c.a.m.s.web.HelloControllerTest          : The following profiles are active: oauth
2021-03-31 14:14:22.737  INFO 8228 --- [    Test worker] o.s.s.concurrent.ThreadPoolTaskExecutor  : Initializing ExecutorService 'applicationTaskExecutor'
2021-03-31 14:14:22.768  INFO 8228 --- [    Test worker] o.s.b.a.w.s.WelcomePageHandlerMapping    : Adding welcome page template: index
2021-03-31 14:14:23.012  INFO 8228 --- [    Test worker] .s.s.UserDetailsServiceAutoConfiguration : 

Using generated security password: 40b70239-8f1f-4061-af9a-ec8686928f39

2021-03-31 14:14:23.168  INFO 8228 --- [    Test worker] o.s.s.web.DefaultSecurityFilterChain     : Creating filter chain: any request, [org.springframework.security.web.context.request.async.WebAsyncManagerIntegrationFilter@33d45869, org.springframework.security.web.context.SecurityContextPersistenceFilter@45519b1d, org.springframework.security.web.header.HeaderWriterFilter@b3f7b58, org.springframework.security.web.csrf.CsrfFilter@22e73263, org.springframework.security.web.authentication.logout.LogoutFilter@42ad45f5, org.springframework.security.web.authentication.UsernamePasswordAuthenticationFilter@5d07eb0d, org.springframework.security.web.authentication.ui.DefaultLoginPageGeneratingFilter@51652394, org.springframework.security.web.authentication.ui.DefaultLogoutPageGeneratingFilter@350d6e0d, org.springframework.security.web.authentication.www.BasicAuthenticationFilter@4759bf53, org.springframework.security.web.savedrequest.RequestCacheAwareFilter@30920497, org.springframework.security.web.servletapi.SecurityContextHolderAwareRequestFilter@40874c66, org.springframework.security.web.authentication.AnonymousAuthenticationFilter@3f24ecd8, org.springframework.security.web.session.SessionManagementFilter@10d02476, org.springframework.security.web.access.ExceptionTranslationFilter@7eb911, org.springframework.security.web.access.intercept.FilterSecurityInterceptor@249e5fc]
2021-03-31 14:14:23.237  INFO 8228 --- [    Test worker] o.s.b.t.m.w.SpringBootMockServletContext : Initializing Spring TestDispatcherServlet ''
2021-03-31 14:14:23.237  INFO 8228 --- [    Test worker] o.s.t.web.servlet.TestDispatcherServlet  : Initializing Servlet ''
2021-03-31 14:14:23.321  INFO 8228 --- [    Test worker] o.s.t.web.servlet.TestDispatcherServlet  : Completed initialization in 84 ms
2021-03-31 14:14:23.428  INFO 8228 --- [    Test worker] c.a.m.s.web.HelloControllerTest          : Started HelloControllerTest in 1.312 seconds (JVM running for 12.603)
악....시바라루짱시바라루짱시바라루짱시바라루짱
]]></system-out>
  <system-err><![CDATA[]]></system-err>
</testsuite>
