<?xml version="1.0" encoding="UTF-8"?>
<testsuite name="com.alone.my.springboot.web.HelloControllerTest" tests="2" skipped="0" failures="0" errors="0" timestamp="2021-04-02T21:15:47" hostname="DESKTOP-5G2C5JO" time="0.159">
  <properties/>
  <testcase name="hello가_리턴된다" classname="com.alone.my.springboot.web.HelloControllerTest" time="0.068"/>
  <testcase name="helloDto가_리턴된다" classname="com.alone.my.springboot.web.HelloControllerTest" time="0.09"/>
  <system-out><![CDATA[2021-04-03 06:15:46.365  INFO 14968 --- [    Test worker] .b.t.a.w.s.WebMvcTestContextBootstrapper : Neither @ContextConfiguration nor @ContextHierarchy found for test class [com.alone.my.springboot.web.HelloControllerTest], using SpringBootContextLoader
2021-04-03 06:15:46.381  INFO 14968 --- [    Test worker] o.s.t.c.support.AbstractContextLoader    : Could not detect default resource locations for test class [com.alone.my.springboot.web.HelloControllerTest]: no resource found for suffixes {-context.xml, Context.groovy}.
2021-04-03 06:15:46.381  INFO 14968 --- [    Test worker] t.c.s.AnnotationConfigContextLoaderUtils : Could not detect default configuration classes for test class [com.alone.my.springboot.web.HelloControllerTest]: HelloControllerTest does not declare any static, non-private, non-final, nested classes annotated with @Configuration.
2021-04-03 06:15:46.428  INFO 14968 --- [    Test worker] .b.t.c.SpringBootTestContextBootstrapper : Found @SpringBootConfiguration com.alone.my.springboot.Application for test class com.alone.my.springboot.web.HelloControllerTest
2021-04-03 06:15:46.428  INFO 14968 --- [    Test worker] .b.t.a.w.s.WebMvcTestContextBootstrapper : Loaded default TestExecutionListener class names from location [META-INF/spring.factories]: [org.springframework.security.test.context.support.WithSecurityContextTestExecutionListener, org.springframework.security.test.context.support.ReactorContextTestExecutionListener, org.springframework.boot.test.autoconfigure.restdocs.RestDocsTestExecutionListener, org.springframework.boot.test.autoconfigure.web.client.MockRestServiceServerResetTestExecutionListener, org.springframework.boot.test.autoconfigure.web.servlet.MockMvcPrintOnlyOnFailureTestExecutionListener, org.springframework.boot.test.autoconfigure.web.servlet.WebDriverTestExecutionListener, org.springframework.boot.test.mock.mockito.MockitoTestExecutionListener, org.springframework.boot.test.mock.mockito.ResetMocksTestExecutionListener, org.springframework.test.context.web.ServletTestExecutionListener, org.springframework.test.context.support.DirtiesContextBeforeModesTestExecutionListener, org.springframework.test.context.support.DependencyInjectionTestExecutionListener, org.springframework.test.context.support.DirtiesContextTestExecutionListener, org.springframework.test.context.transaction.TransactionalTestExecutionListener, org.springframework.test.context.jdbc.SqlScriptsTestExecutionListener]
2021-04-03 06:15:46.428  INFO 14968 --- [    Test worker] .b.t.a.w.s.WebMvcTestContextBootstrapper : Using TestExecutionListeners: [org.springframework.test.context.web.ServletTestExecutionListener@5398a9b5, org.springframework.test.context.support.DirtiesContextBeforeModesTestExecutionListener@33e25e54, org.springframework.boot.test.mock.mockito.MockitoTestExecutionListener@cdd2fce, org.springframework.boot.test.autoconfigure.SpringBootDependencyInjectionTestExecutionListener@10d592a1, org.springframework.test.context.support.DirtiesContextTestExecutionListener@616440f, org.springframework.test.context.transaction.TransactionalTestExecutionListener@2727aa67, org.springframework.test.context.jdbc.SqlScriptsTestExecutionListener@42615212, org.springframework.security.test.context.support.WithSecurityContextTestExecutionListener@7e9d9065, org.springframework.security.test.context.support.ReactorContextTestExecutionListener@4a1f9585, org.springframework.boot.test.autoconfigure.restdocs.RestDocsTestExecutionListener@50716a33, org.springframework.boot.test.autoconfigure.web.client.MockRestServiceServerResetTestExecutionListener@184843ed, org.springframework.boot.test.autoconfigure.web.servlet.MockMvcPrintOnlyOnFailureTestExecutionListener@ac4e639, org.springframework.boot.test.autoconfigure.web.servlet.WebDriverTestExecutionListener@3c41f959, org.springframework.boot.test.mock.mockito.ResetMocksTestExecutionListener@673a3c10]

  .   ____          _            __ _ _
 /\\ / ___'_ __ _ _(_)_ __  __ _ \ \ \ \
( ( )\___ | '_ | '_| | '_ \/ _` | \ \ \ \
 \\/  ___)| |_)| | | | | || (_| |  ) ) ) )
  '  |____| .__|_| |_|_| |_\__, | / / / /
 =========|_|==============|___/=/_/_/_/
 :: Spring Boot ::        (v2.1.7.RELEASE)

2021-04-03 06:15:46.490  INFO 14968 --- [    Test worker] c.a.m.s.web.HelloControllerTest          : Starting HelloControllerTest on DESKTOP-5G2C5JO with PID 14968 (started by KIMSG in C:\Users\KIMSG\Desktop\code\인텔리제이+aws\alone00)
2021-04-03 06:15:46.490  INFO 14968 --- [    Test worker] c.a.m.s.web.HelloControllerTest          : The following profiles are active: oauth
2021-04-03 06:15:47.240  INFO 14968 --- [    Test worker] o.s.s.concurrent.ThreadPoolTaskExecutor  : Initializing ExecutorService 'applicationTaskExecutor'
2021-04-03 06:15:47.271  INFO 14968 --- [    Test worker] o.s.b.a.w.s.WelcomePageHandlerMapping    : Adding welcome page template: index
2021-04-03 06:15:47.506  INFO 14968 --- [    Test worker] .s.s.UserDetailsServiceAutoConfiguration : 

Using generated security password: 3620581e-d259-4e35-a96d-fdca7b23ce1e

2021-04-03 06:15:47.646  INFO 14968 --- [    Test worker] o.s.s.web.DefaultSecurityFilterChain     : Creating filter chain: any request, [org.springframework.security.web.context.request.async.WebAsyncManagerIntegrationFilter@5416d0e3, org.springframework.security.web.context.SecurityContextPersistenceFilter@1a8bc0bb, org.springframework.security.web.header.HeaderWriterFilter@63da2738, org.springframework.security.web.csrf.CsrfFilter@34417f19, org.springframework.security.web.authentication.logout.LogoutFilter@37fd18c0, org.springframework.security.web.authentication.UsernamePasswordAuthenticationFilter@2cf119e1, org.springframework.security.web.authentication.ui.DefaultLoginPageGeneratingFilter@49bc7981, org.springframework.security.web.authentication.ui.DefaultLogoutPageGeneratingFilter@4fcfb443, org.springframework.security.web.authentication.www.BasicAuthenticationFilter@93cf6da, org.springframework.security.web.savedrequest.RequestCacheAwareFilter@46a355b4, org.springframework.security.web.servletapi.SecurityContextHolderAwareRequestFilter@747259bf, org.springframework.security.web.authentication.AnonymousAuthenticationFilter@21ab1146, org.springframework.security.web.session.SessionManagementFilter@5cdc35ed, org.springframework.security.web.access.ExceptionTranslationFilter@7465122c, org.springframework.security.web.access.intercept.FilterSecurityInterceptor@98db668]
2021-04-03 06:15:47.678  INFO 14968 --- [    Test worker] o.s.b.t.m.w.SpringBootMockServletContext : Initializing Spring TestDispatcherServlet ''
2021-04-03 06:15:47.678  INFO 14968 --- [    Test worker] o.s.t.web.servlet.TestDispatcherServlet  : Initializing Servlet ''
2021-04-03 06:15:47.693  INFO 14968 --- [    Test worker] o.s.t.web.servlet.TestDispatcherServlet  : Completed initialization in 15 ms
2021-04-03 06:15:47.725  INFO 14968 --- [    Test worker] c.a.m.s.web.HelloControllerTest          : Started HelloControllerTest in 1.297 seconds (JVM running for 8.798)
악....시바라루짱시바라루짱시바라루짱시바라루짱
]]></system-out>
  <system-err><![CDATA[]]></system-err>
</testsuite>
