<?xml version="1.0" encoding="UTF-8"?>
<testsuite name="com.alone.my.springboot.domain.posts.PostsRepositoryTest" tests="2" skipped="0" failures="0" errors="0" timestamp="2021-04-02T21:28:49" hostname="DESKTOP-5G2C5JO" time="0.269">
  <properties/>
  <testcase name="게시글저장_불러오기" classname="com.alone.my.springboot.domain.posts.PostsRepositoryTest" time="0.259"/>
  <testcase name="BaseTimeEntity_등록" classname="com.alone.my.springboot.domain.posts.PostsRepositoryTest" time="0.009"/>
  <system-out><![CDATA[06:28:43.099 [Test worker] DEBUG org.springframework.test.context.junit4.SpringJUnit4ClassRunner - SpringJUnit4ClassRunner constructor called with [class com.alone.my.springboot.domain.posts.PostsRepositoryTest]
06:28:43.099 [Test worker] DEBUG org.springframework.test.context.BootstrapUtils - Instantiating CacheAwareContextLoaderDelegate from class [org.springframework.test.context.cache.DefaultCacheAwareContextLoaderDelegate]
06:28:43.114 [Test worker] DEBUG org.springframework.test.context.BootstrapUtils - Instantiating BootstrapContext using constructor [public org.springframework.test.context.support.DefaultBootstrapContext(java.lang.Class,org.springframework.test.context.CacheAwareContextLoaderDelegate)]
06:28:43.146 [Test worker] DEBUG org.springframework.test.context.BootstrapUtils - Instantiating TestContextBootstrapper for test class [com.alone.my.springboot.domain.posts.PostsRepositoryTest] from class [org.springframework.boot.test.context.SpringBootTestContextBootstrapper]
06:28:43.146 [Test worker] INFO org.springframework.boot.test.context.SpringBootTestContextBootstrapper - Neither @ContextConfiguration nor @ContextHierarchy found for test class [com.alone.my.springboot.domain.posts.PostsRepositoryTest], using SpringBootContextLoader
06:28:43.161 [Test worker] DEBUG org.springframework.test.context.support.AbstractContextLoader - Did not detect default resource location for test class [com.alone.my.springboot.domain.posts.PostsRepositoryTest]: class path resource [com/alone/my/springboot/domain/posts/PostsRepositoryTest-context.xml] does not exist
06:28:43.161 [Test worker] DEBUG org.springframework.test.context.support.AbstractContextLoader - Did not detect default resource location for test class [com.alone.my.springboot.domain.posts.PostsRepositoryTest]: class path resource [com/alone/my/springboot/domain/posts/PostsRepositoryTestContext.groovy] does not exist
06:28:43.161 [Test worker] INFO org.springframework.test.context.support.AbstractContextLoader - Could not detect default resource locations for test class [com.alone.my.springboot.domain.posts.PostsRepositoryTest]: no resource found for suffixes {-context.xml, Context.groovy}.
06:28:43.161 [Test worker] INFO org.springframework.test.context.support.AnnotationConfigContextLoaderUtils - Could not detect default configuration classes for test class [com.alone.my.springboot.domain.posts.PostsRepositoryTest]: PostsRepositoryTest does not declare any static, non-private, non-final, nested classes annotated with @Configuration.
06:28:43.193 [Test worker] DEBUG org.springframework.test.context.support.ActiveProfilesUtils - Could not find an 'annotation declaring class' for annotation type [org.springframework.test.context.ActiveProfiles] and class [com.alone.my.springboot.domain.posts.PostsRepositoryTest]
06:28:43.271 [Test worker] DEBUG org.springframework.context.annotation.ClassPathScanningCandidateComponentProvider - Identified candidate component class: file [C:\Users\KIMSG\Desktop\code\인텔리제이+aws\alone00\build\classes\java\main\com\alone\my\springboot\Application.class]
06:28:43.271 [Test worker] INFO org.springframework.boot.test.context.SpringBootTestContextBootstrapper - Found @SpringBootConfiguration com.alone.my.springboot.Application for test class com.alone.my.springboot.domain.posts.PostsRepositoryTest
06:28:43.380 [Test worker] DEBUG org.springframework.boot.test.context.SpringBootTestContextBootstrapper - @TestExecutionListeners is not present for class [com.alone.my.springboot.domain.posts.PostsRepositoryTest]: using defaults.
06:28:43.380 [Test worker] INFO org.springframework.boot.test.context.SpringBootTestContextBootstrapper - Loaded default TestExecutionListener class names from location [META-INF/spring.factories]: [org.springframework.security.test.context.support.WithSecurityContextTestExecutionListener, org.springframework.security.test.context.support.ReactorContextTestExecutionListener, org.springframework.boot.test.autoconfigure.restdocs.RestDocsTestExecutionListener, org.springframework.boot.test.autoconfigure.web.client.MockRestServiceServerResetTestExecutionListener, org.springframework.boot.test.autoconfigure.web.servlet.MockMvcPrintOnlyOnFailureTestExecutionListener, org.springframework.boot.test.autoconfigure.web.servlet.WebDriverTestExecutionListener, org.springframework.boot.test.mock.mockito.MockitoTestExecutionListener, org.springframework.boot.test.mock.mockito.ResetMocksTestExecutionListener, org.springframework.test.context.web.ServletTestExecutionListener, org.springframework.test.context.support.DirtiesContextBeforeModesTestExecutionListener, org.springframework.test.context.support.DependencyInjectionTestExecutionListener, org.springframework.test.context.support.DirtiesContextTestExecutionListener, org.springframework.test.context.transaction.TransactionalTestExecutionListener, org.springframework.test.context.jdbc.SqlScriptsTestExecutionListener]
06:28:43.396 [Test worker] INFO org.springframework.boot.test.context.SpringBootTestContextBootstrapper - Using TestExecutionListeners: [org.springframework.test.context.web.ServletTestExecutionListener@973fa79, org.springframework.test.context.support.DirtiesContextBeforeModesTestExecutionListener@ca32c26, org.springframework.boot.test.mock.mockito.MockitoTestExecutionListener@42d21589, org.springframework.boot.test.autoconfigure.SpringBootDependencyInjectionTestExecutionListener@da564d7, org.springframework.test.context.support.DirtiesContextTestExecutionListener@1b93e728, org.springframework.test.context.transaction.TransactionalTestExecutionListener@e443a60, org.springframework.test.context.jdbc.SqlScriptsTestExecutionListener@5ce8187c, org.springframework.security.test.context.support.WithSecurityContextTestExecutionListener@7acd5cea, org.springframework.security.test.context.support.ReactorContextTestExecutionListener@7ee35e3c, org.springframework.boot.test.autoconfigure.restdocs.RestDocsTestExecutionListener@515becba, org.springframework.boot.test.autoconfigure.web.client.MockRestServiceServerResetTestExecutionListener@4dec2515, org.springframework.boot.test.autoconfigure.web.servlet.MockMvcPrintOnlyOnFailureTestExecutionListener@5dd60a4e, org.springframework.boot.test.autoconfigure.web.servlet.WebDriverTestExecutionListener@3920ad76, org.springframework.boot.test.mock.mockito.ResetMocksTestExecutionListener@3710b8d4]
06:28:43.396 [Test worker] DEBUG org.springframework.test.annotation.ProfileValueUtils - Retrieved @ProfileValueSourceConfiguration [null] for test class [com.alone.my.springboot.domain.posts.PostsRepositoryTest]
06:28:43.411 [Test worker] DEBUG org.springframework.test.annotation.ProfileValueUtils - Retrieved ProfileValueSource type [class org.springframework.test.annotation.SystemProfileValueSource] for class [com.alone.my.springboot.domain.posts.PostsRepositoryTest]
06:28:43.411 [Test worker] DEBUG org.springframework.test.annotation.ProfileValueUtils - Retrieved @ProfileValueSourceConfiguration [null] for test class [com.alone.my.springboot.domain.posts.PostsRepositoryTest]
06:28:43.411 [Test worker] DEBUG org.springframework.test.annotation.ProfileValueUtils - Retrieved ProfileValueSource type [class org.springframework.test.annotation.SystemProfileValueSource] for class [com.alone.my.springboot.domain.posts.PostsRepositoryTest]
06:28:43.411 [Test worker] DEBUG org.springframework.test.context.support.AbstractDirtiesContextTestExecutionListener - Before test class: context [DefaultTestContext@41a21a8b testClass = PostsRepositoryTest, testInstance = [null], testMethod = [null], testException = [null], mergedContextConfiguration = [WebMergedContextConfiguration@5d3b63f6 testClass = PostsRepositoryTest, locations = '{}', classes = '{class com.alone.my.springboot.Application}', contextInitializerClasses = '[]', activeProfiles = '{}', propertySourceLocations = '{}', propertySourceProperties = '{org.springframework.boot.test.context.SpringBootTestContextBootstrapper=true}', contextCustomizers = set[org.springframework.boot.test.autoconfigure.properties.PropertyMappingContextCustomizer@0, org.springframework.boot.test.autoconfigure.web.servlet.WebDriverContextCustomizerFactory$Customizer@153489ee, org.springframework.boot.test.context.filter.ExcludeFilterContextCustomizer@428c0077, org.springframework.boot.test.json.DuplicateJsonObjectContextCustomizerFactory$DuplicateJsonObjectContextCustomizer@55ca012d, org.springframework.boot.test.mock.mockito.MockitoContextCustomizer@0, org.springframework.boot.test.web.client.TestRestTemplateContextCustomizer@78814c50], resourceBasePath = 'src/main/webapp', contextLoader = 'org.springframework.boot.test.context.SpringBootContextLoader', parent = [null]], attributes = map['org.springframework.test.context.web.ServletTestExecutionListener.activateListener' -> true]], class annotated with @DirtiesContext [false] with mode [null].
06:28:43.411 [Test worker] DEBUG org.springframework.test.annotation.ProfileValueUtils - Retrieved @ProfileValueSourceConfiguration [null] for test class [com.alone.my.springboot.domain.posts.PostsRepositoryTest]
06:28:43.411 [Test worker] DEBUG org.springframework.test.annotation.ProfileValueUtils - Retrieved ProfileValueSource type [class org.springframework.test.annotation.SystemProfileValueSource] for class [com.alone.my.springboot.domain.posts.PostsRepositoryTest]
06:28:43.442 [Test worker] DEBUG org.springframework.test.context.support.TestPropertySourceUtils - Adding inlined properties to environment: {spring.jmx.enabled=false, org.springframework.boot.test.context.SpringBootTestContextBootstrapper=true, server.port=-1}

  .   ____          _            __ _ _
 /\\ / ___'_ __ _ _(_)_ __  __ _ \ \ \ \
( ( )\___ | '_ | '_| | '_ \/ _` | \ \ \ \
 \\/  ___)| |_)| | | | | || (_| |  ) ) ) )
  '  |____| .__|_| |_|_| |_\__, | / / / /
 =========|_|==============|___/=/_/_/_/
 :: Spring Boot ::        (v2.1.7.RELEASE)

2021-04-03 06:28:43.739  INFO 3904 --- [    Test worker] c.a.m.s.d.posts.PostsRepositoryTest      : Starting PostsRepositoryTest on DESKTOP-5G2C5JO with PID 3904 (started by KIMSG in C:\Users\KIMSG\Desktop\code\인텔리제이+aws\alone00)
2021-04-03 06:28:43.739  INFO 3904 --- [    Test worker] c.a.m.s.d.posts.PostsRepositoryTest      : The following profiles are active: oauth
2021-04-03 06:28:44.771  INFO 3904 --- [    Test worker] .s.d.r.c.RepositoryConfigurationDelegate : Bootstrapping Spring Data repositories in DEFAULT mode.
2021-04-03 06:28:44.864  INFO 3904 --- [    Test worker] .s.d.r.c.RepositoryConfigurationDelegate : Finished Spring Data repository scanning in 78ms. Found 2 repository interfaces.
2021-04-03 06:28:45.349  INFO 3904 --- [    Test worker] trationDelegate$BeanPostProcessorChecker : Bean 'org.springframework.transaction.annotation.ProxyTransactionManagementConfiguration' of type [org.springframework.transaction.annotation.ProxyTransactionManagementConfiguration$$EnhancerBySpringCGLIB$$f409cfe6] is not eligible for getting processed by all BeanPostProcessors (for example: not eligible for auto-proxying)
2021-04-03 06:28:45.583  INFO 3904 --- [    Test worker] com.zaxxer.hikari.HikariDataSource       : HikariPool-1 - Starting...
2021-04-03 06:28:45.755  INFO 3904 --- [    Test worker] com.zaxxer.hikari.HikariDataSource       : HikariPool-1 - Start completed.
2021-04-03 06:28:45.849  INFO 3904 --- [    Test worker] o.hibernate.jpa.internal.util.LogHelper  : HHH000204: Processing PersistenceUnitInfo [
	name: default
	...]
2021-04-03 06:28:45.927  INFO 3904 --- [    Test worker] org.hibernate.Version                    : HHH000412: Hibernate Core {5.3.10.Final}
2021-04-03 06:28:45.927  INFO 3904 --- [    Test worker] org.hibernate.cfg.Environment            : HHH000206: hibernate.properties not found
2021-04-03 06:28:46.099  INFO 3904 --- [    Test worker] o.hibernate.annotations.common.Version   : HCANN000001: Hibernate Commons Annotations {5.0.4.Final}
2021-04-03 06:28:46.286  INFO 3904 --- [    Test worker] org.hibernate.dialect.Dialect            : HHH000400: Using dialect: org.hibernate.dialect.MySQL5InnoDBDialect
Hibernate: drop table if exists posts
Hibernate: drop table if exists user
Hibernate: create table posts (id bigint not null auto_increment, created_date datetime, modified_date datetime, author varchar(255), content TEXT not null, title varchar(500) not null, primary key (id)) engine=InnoDB
Hibernate: create table user (id bigint not null auto_increment, created_date datetime, modified_date datetime, email varchar(255) not null, name varchar(255) not null, picture varchar(255), role varchar(255) not null, primary key (id)) engine=InnoDB
2021-04-03 06:28:47.052  INFO 3904 --- [    Test worker] o.h.t.schema.internal.SchemaCreatorImpl  : HHH000476: Executing import script 'org.hibernate.tool.schema.internal.exec.ScriptSourceInputNonExistentImpl@232b72ee'
2021-04-03 06:28:47.052  INFO 3904 --- [    Test worker] j.LocalContainerEntityManagerFactoryBean : Initialized JPA EntityManagerFactory for persistence unit 'default'
2021-04-03 06:28:47.645  INFO 3904 --- [    Test worker] o.h.h.i.QueryTranslatorFactoryInitiator  : HHH000397: Using ASTQueryTranslatorFactory
2021-04-03 06:28:48.223  INFO 3904 --- [    Test worker] o.s.s.web.DefaultSecurityFilterChain     : Creating filter chain: any request, [org.springframework.security.web.context.request.async.WebAsyncManagerIntegrationFilter@70a74b94, org.springframework.security.web.context.SecurityContextPersistenceFilter@d3a03f4, org.springframework.security.web.header.HeaderWriterFilter@1f58bcc9, org.springframework.security.web.authentication.logout.LogoutFilter@5c7d8369, org.springframework.security.oauth2.client.web.OAuth2AuthorizationRequestRedirectFilter@517ea00d, org.springframework.security.oauth2.client.web.OAuth2LoginAuthenticationFilter@25558d7b, org.springframework.security.web.authentication.ui.DefaultLoginPageGeneratingFilter@5fdfe3d1, org.springframework.security.web.authentication.ui.DefaultLogoutPageGeneratingFilter@57b30818, org.springframework.security.web.savedrequest.RequestCacheAwareFilter@769830da, org.springframework.security.web.servletapi.SecurityContextHolderAwareRequestFilter@5ed59f7e, org.springframework.security.web.authentication.AnonymousAuthenticationFilter@468f3cad, org.springframework.security.web.session.SessionManagementFilter@717e9ab4, org.springframework.security.web.access.ExceptionTranslationFilter@8decb4b, org.springframework.security.web.access.intercept.FilterSecurityInterceptor@3ac80d52]
2021-04-03 06:28:48.822  INFO 3904 --- [    Test worker] o.s.s.concurrent.ThreadPoolTaskExecutor  : Initializing ExecutorService 'applicationTaskExecutor'
2021-04-03 06:28:48.885  WARN 3904 --- [    Test worker] aWebConfiguration$JpaWebMvcConfiguration : spring.jpa.open-in-view is enabled by default. Therefore, database queries may be performed during view rendering. Explicitly configure spring.jpa.open-in-view to disable this warning
2021-04-03 06:28:48.932  INFO 3904 --- [    Test worker] o.s.b.a.w.s.WelcomePageHandlerMapping    : Adding welcome page template: index
2021-04-03 06:28:49.479  INFO 3904 --- [    Test worker] s.a.ScheduledAnnotationBeanPostProcessor : No TaskScheduler/ScheduledExecutorService bean found for scheduled processing
2021-04-03 06:28:49.479  INFO 3904 --- [    Test worker] c.a.m.s.d.posts.PostsRepositoryTest      : Started PostsRepositoryTest in 6.037 seconds (JVM running for 6.974)
Hibernate: insert into posts (created_date, modified_date, author, content, title) values (?, ?, ?, ?, ?)
Hibernate: select posts0_.id as id1_0_, posts0_.created_date as created_2_0_, posts0_.modified_date as modified3_0_, posts0_.author as author4_0_, posts0_.content as content5_0_, posts0_.title as title6_0_ from posts posts0_
Hibernate: select posts0_.id as id1_0_, posts0_.created_date as created_2_0_, posts0_.modified_date as modified3_0_, posts0_.author as author4_0_, posts0_.content as content5_0_, posts0_.title as title6_0_ from posts posts0_
Hibernate: delete from posts where id=?
Hibernate: insert into posts (created_date, modified_date, author, content, title) values (?, ?, ?, ?, ?)
Hibernate: select posts0_.id as id1_0_, posts0_.created_date as created_2_0_, posts0_.modified_date as modified3_0_, posts0_.author as author4_0_, posts0_.content as content5_0_, posts0_.title as title6_0_ from posts posts0_
>>>>>>>>> createDate=2021-04-03T06:28:49.775, modifiedDate=2021-04-03T06:28:49.775
Hibernate: select posts0_.id as id1_0_, posts0_.created_date as created_2_0_, posts0_.modified_date as modified3_0_, posts0_.author as author4_0_, posts0_.content as content5_0_, posts0_.title as title6_0_ from posts posts0_
Hibernate: delete from posts where id=?
]]></system-out>
  <system-err><![CDATA[]]></system-err>
</testsuite>
