<?xml version="1.0" encoding="UTF-8"?>
<testsuite name="com.alone.my.springboot.web.IndexControllerTest" tests="1" skipped="0" failures="0" errors="0" timestamp="2021-04-02T20:03:31" hostname="DESKTOP-5G2C5JO" time="0.08">
  <properties/>
  <testcase name="메인페이지_로딩" classname="com.alone.my.springboot.web.IndexControllerTest" time="0.08"/>
  <system-out><![CDATA[2021-04-03 05:03:31.919  INFO 9504 --- [    Test worker] .b.t.c.SpringBootTestContextBootstrapper : Neither @ContextConfiguration nor @ContextHierarchy found for test class [com.alone.my.springboot.web.IndexControllerTest], using SpringBootContextLoader
2021-04-03 05:03:31.920  INFO 9504 --- [    Test worker] o.s.t.c.support.AbstractContextLoader    : Could not detect default resource locations for test class [com.alone.my.springboot.web.IndexControllerTest]: no resource found for suffixes {-context.xml, Context.groovy}.
2021-04-03 05:03:31.920  INFO 9504 --- [    Test worker] t.c.s.AnnotationConfigContextLoaderUtils : Could not detect default configuration classes for test class [com.alone.my.springboot.web.IndexControllerTest]: IndexControllerTest does not declare any static, non-private, non-final, nested classes annotated with @Configuration.
2021-04-03 05:03:31.922  INFO 9504 --- [    Test worker] .b.t.c.SpringBootTestContextBootstrapper : Found @SpringBootConfiguration com.alone.my.springboot.Application for test class com.alone.my.springboot.web.IndexControllerTest
2021-04-03 05:03:31.924  INFO 9504 --- [    Test worker] .b.t.c.SpringBootTestContextBootstrapper : Loaded default TestExecutionListener class names from location [META-INF/spring.factories]: [org.springframework.security.test.context.support.WithSecurityContextTestExecutionListener, org.springframework.security.test.context.support.ReactorContextTestExecutionListener, org.springframework.boot.test.autoconfigure.restdocs.RestDocsTestExecutionListener, org.springframework.boot.test.autoconfigure.web.client.MockRestServiceServerResetTestExecutionListener, org.springframework.boot.test.autoconfigure.web.servlet.MockMvcPrintOnlyOnFailureTestExecutionListener, org.springframework.boot.test.autoconfigure.web.servlet.WebDriverTestExecutionListener, org.springframework.boot.test.mock.mockito.MockitoTestExecutionListener, org.springframework.boot.test.mock.mockito.ResetMocksTestExecutionListener, org.springframework.test.context.web.ServletTestExecutionListener, org.springframework.test.context.support.DirtiesContextBeforeModesTestExecutionListener, org.springframework.test.context.support.DependencyInjectionTestExecutionListener, org.springframework.test.context.support.DirtiesContextTestExecutionListener, org.springframework.test.context.transaction.TransactionalTestExecutionListener, org.springframework.test.context.jdbc.SqlScriptsTestExecutionListener]
2021-04-03 05:03:31.925  INFO 9504 --- [    Test worker] .b.t.c.SpringBootTestContextBootstrapper : Using TestExecutionListeners: [org.springframework.test.context.web.ServletTestExecutionListener@326f0955, org.springframework.test.context.support.DirtiesContextBeforeModesTestExecutionListener@44e26416, org.springframework.boot.test.mock.mockito.MockitoTestExecutionListener@462dbbe2, org.springframework.boot.test.autoconfigure.SpringBootDependencyInjectionTestExecutionListener@1a02af09, org.springframework.test.context.support.DirtiesContextTestExecutionListener@506d38bd, org.springframework.test.context.transaction.TransactionalTestExecutionListener@7783472, org.springframework.test.context.jdbc.SqlScriptsTestExecutionListener@2ca16dd4, org.springframework.security.test.context.support.WithSecurityContextTestExecutionListener@2354f5ae, org.springframework.security.test.context.support.ReactorContextTestExecutionListener@1a4599a9, org.springframework.boot.test.autoconfigure.restdocs.RestDocsTestExecutionListener@5c58e537, org.springframework.boot.test.autoconfigure.web.client.MockRestServiceServerResetTestExecutionListener@7bb0fca5, org.springframework.boot.test.autoconfigure.web.servlet.MockMvcPrintOnlyOnFailureTestExecutionListener@7f4d9ff8, org.springframework.boot.test.autoconfigure.web.servlet.WebDriverTestExecutionListener@49f3d969, org.springframework.boot.test.mock.mockito.ResetMocksTestExecutionListener@5299ec3d]
Hibernate: select posts0_.id as id1_0_, posts0_.created_date as created_2_0_, posts0_.modified_date as modified3_0_, posts0_.author as author4_0_, posts0_.content as content5_0_, posts0_.title as title6_0_ from posts posts0_ order by posts0_.id DESC
]]></system-out>
  <system-err><![CDATA[]]></system-err>
</testsuite>
