<?xml version="1.0" encoding="UTF-8"?>
<testsuite name="com.alone.my.springboot.web.HelloControllerTest" tests="2" skipped="0" failures="0" errors="0" timestamp="2021-04-02T22:10:46" hostname="DESKTOP-5G2C5JO" time="0.175">
  <properties/>
  <testcase name="hello가_리턴된다" classname="com.alone.my.springboot.web.HelloControllerTest" time="0.074"/>
  <testcase name="helloDto가_리턴된다" classname="com.alone.my.springboot.web.HelloControllerTest" time="0.1"/>
  <system-out><![CDATA[2021-04-03 07:10:45.357  INFO 12140 --- [    Test worker] .b.t.a.w.s.WebMvcTestContextBootstrapper : Neither @ContextConfiguration nor @ContextHierarchy found for test class [com.alone.my.springboot.web.HelloControllerTest], using SpringBootContextLoader
2021-04-03 07:10:45.360  INFO 12140 --- [    Test worker] o.s.t.c.support.AbstractContextLoader    : Could not detect default resource locations for test class [com.alone.my.springboot.web.HelloControllerTest]: no resource found for suffixes {-context.xml, Context.groovy}.
2021-04-03 07:10:45.361  INFO 12140 --- [    Test worker] t.c.s.AnnotationConfigContextLoaderUtils : Could not detect default configuration classes for test class [com.alone.my.springboot.web.HelloControllerTest]: HelloControllerTest does not declare any static, non-private, non-final, nested classes annotated with @Configuration.
2021-04-03 07:10:45.384  INFO 12140 --- [    Test worker] .b.t.c.SpringBootTestContextBootstrapper : Found @SpringBootConfiguration com.alone.my.springboot.Application for test class com.alone.my.springboot.web.HelloControllerTest
2021-04-03 07:10:45.384  INFO 12140 --- [    Test worker] .b.t.a.w.s.WebMvcTestContextBootstrapper : Loaded default TestExecutionListener class names from location [META-INF/spring.factories]: [org.springframework.security.test.context.support.WithSecurityContextTestExecutionListener, org.springframework.security.test.context.support.ReactorContextTestExecutionListener, org.springframework.boot.test.autoconfigure.restdocs.RestDocsTestExecutionListener, org.springframework.boot.test.autoconfigure.web.client.MockRestServiceServerResetTestExecutionListener, org.springframework.boot.test.autoconfigure.web.servlet.MockMvcPrintOnlyOnFailureTestExecutionListener, org.springframework.boot.test.autoconfigure.web.servlet.WebDriverTestExecutionListener, org.springframework.boot.test.mock.mockito.MockitoTestExecutionListener, org.springframework.boot.test.mock.mockito.ResetMocksTestExecutionListener, org.springframework.test.context.web.ServletTestExecutionListener, org.springframework.test.context.support.DirtiesContextBeforeModesTestExecutionListener, org.springframework.test.context.support.DependencyInjectionTestExecutionListener, org.springframework.test.context.support.DirtiesContextTestExecutionListener, org.springframework.test.context.transaction.TransactionalTestExecutionListener, org.springframework.test.context.jdbc.SqlScriptsTestExecutionListener]
2021-04-03 07:10:45.385  INFO 12140 --- [    Test worker] .b.t.a.w.s.WebMvcTestContextBootstrapper : Using TestExecutionListeners: [org.springframework.test.context.web.ServletTestExecutionListener@73ce0437, org.springframework.test.context.support.DirtiesContextBeforeModesTestExecutionListener@4572ab19, org.springframework.boot.test.mock.mockito.MockitoTestExecutionListener@790a58c2, org.springframework.boot.test.autoconfigure.SpringBootDependencyInjectionTestExecutionListener@167e7fec, org.springframework.test.context.support.DirtiesContextTestExecutionListener@15123ea8, org.springframework.test.context.transaction.TransactionalTestExecutionListener@45687570, org.springframework.test.context.jdbc.SqlScriptsTestExecutionListener@6e0ff957, org.springframework.security.test.context.support.WithSecurityContextTestExecutionListener@beb7a65, org.springframework.security.test.context.support.ReactorContextTestExecutionListener@f88f2ce, org.springframework.boot.test.autoconfigure.restdocs.RestDocsTestExecutionListener@94dc5ba, org.springframework.boot.test.autoconfigure.web.client.MockRestServiceServerResetTestExecutionListener@18194085, org.springframework.boot.test.autoconfigure.web.servlet.MockMvcPrintOnlyOnFailureTestExecutionListener@48f139b1, org.springframework.boot.test.autoconfigure.web.servlet.WebDriverTestExecutionListener@a7ace3, org.springframework.boot.test.mock.mockito.ResetMocksTestExecutionListener@67a0d958]

  .   ____          _            __ _ _
 /\\ / ___'_ __ _ _(_)_ __  __ _ \ \ \ \
( ( )\___ | '_ | '_| | '_ \/ _` | \ \ \ \
 \\/  ___)| |_)| | | | | || (_| |  ) ) ) )
  '  |____| .__|_| |_|_| |_\__, | / / / /
 =========|_|==============|___/=/_/_/_/
 :: Spring Boot ::        (v2.1.7.RELEASE)

2021-04-03 07:10:45.434  INFO 12140 --- [    Test worker] c.a.m.s.web.HelloControllerTest          : Starting HelloControllerTest on DESKTOP-5G2C5JO with PID 12140 (started by KIMSG in C:\Users\KIMSG\Desktop\code\인텔리제이+aws\alone00)
2021-04-03 07:10:45.434  INFO 12140 --- [    Test worker] c.a.m.s.web.HelloControllerTest          : The following profiles are active: oauth
2021-04-03 07:10:45.914  INFO 12140 --- [    Test worker] o.s.s.concurrent.ThreadPoolTaskExecutor  : Initializing ExecutorService 'applicationTaskExecutor'
2021-04-03 07:10:45.951  INFO 12140 --- [    Test worker] o.s.b.a.w.s.WelcomePageHandlerMapping    : Adding welcome page template: index
2021-04-03 07:10:46.183  INFO 12140 --- [    Test worker] .s.s.UserDetailsServiceAutoConfiguration : 

Using generated security password: a355ee3a-d4a9-40e3-91ab-4635e52b529b

2021-04-03 07:10:46.355  INFO 12140 --- [    Test worker] o.s.s.web.DefaultSecurityFilterChain     : Creating filter chain: any request, [org.springframework.security.web.context.request.async.WebAsyncManagerIntegrationFilter@45656ca5, org.springframework.security.web.context.SecurityContextPersistenceFilter@92f3750, org.springframework.security.web.header.HeaderWriterFilter@241afe68, org.springframework.security.web.csrf.CsrfFilter@4b80116f, org.springframework.security.web.authentication.logout.LogoutFilter@20a771e5, org.springframework.security.web.authentication.UsernamePasswordAuthenticationFilter@2c86fcae, org.springframework.security.web.authentication.ui.DefaultLoginPageGeneratingFilter@71fef59f, org.springframework.security.web.authentication.ui.DefaultLogoutPageGeneratingFilter@398ad05e, org.springframework.security.web.authentication.www.BasicAuthenticationFilter@22d04f67, org.springframework.security.web.savedrequest.RequestCacheAwareFilter@39c25137, org.springframework.security.web.servletapi.SecurityContextHolderAwareRequestFilter@4ad801d9, org.springframework.security.web.authentication.AnonymousAuthenticationFilter@19810b7f, org.springframework.security.web.session.SessionManagementFilter@6fda98ed, org.springframework.security.web.access.ExceptionTranslationFilter@630a7af8, org.springframework.security.web.access.intercept.FilterSecurityInterceptor@1399fc9c]
2021-04-03 07:10:46.396  INFO 12140 --- [    Test worker] o.s.b.t.m.w.SpringBootMockServletContext : Initializing Spring TestDispatcherServlet ''
2021-04-03 07:10:46.397  INFO 12140 --- [    Test worker] o.s.t.web.servlet.TestDispatcherServlet  : Initializing Servlet ''
2021-04-03 07:10:46.411  INFO 12140 --- [    Test worker] o.s.t.web.servlet.TestDispatcherServlet  : Completed initialization in 14 ms
2021-04-03 07:10:46.444  INFO 12140 --- [    Test worker] c.a.m.s.web.HelloControllerTest          : Started HelloControllerTest in 1.057 seconds (JVM running for 9.641)
악....시바라루짱시바라루짱시바라루짱시바라루짱
]]></system-out>
  <system-err><![CDATA[]]></system-err>
</testsuite>
