<?xml version="1.0" encoding="UTF-8"?>
<testsuite name="com.alone.my.springboot.web.HelloControllerTest" tests="2" skipped="0" failures="0" errors="0" timestamp="2021-04-03T04:16:22" hostname="DESKTOP-5G2C5JO" time="1.031">
  <properties/>
  <testcase name="hello가_리턴된다" classname="com.alone.my.springboot.web.HelloControllerTest" time="0.318"/>
  <testcase name="helloDto가_리턴된다" classname="com.alone.my.springboot.web.HelloControllerTest" time="0.712"/>
  <system-out><![CDATA[2021-04-03 13:16:21.312  INFO 13780 --- [    Test worker] .b.t.a.w.s.WebMvcTestContextBootstrapper : Neither @ContextConfiguration nor @ContextHierarchy found for test class [com.alone.my.springboot.web.HelloControllerTest], using SpringBootContextLoader
2021-04-03 13:16:21.313  INFO 13780 --- [    Test worker] o.s.t.c.support.AbstractContextLoader    : Could not detect default resource locations for test class [com.alone.my.springboot.web.HelloControllerTest]: no resource found for suffixes {-context.xml, Context.groovy}.
2021-04-03 13:16:21.314  INFO 13780 --- [    Test worker] t.c.s.AnnotationConfigContextLoaderUtils : Could not detect default configuration classes for test class [com.alone.my.springboot.web.HelloControllerTest]: HelloControllerTest does not declare any static, non-private, non-final, nested classes annotated with @Configuration.
2021-04-03 13:16:21.359  INFO 13780 --- [    Test worker] .b.t.c.SpringBootTestContextBootstrapper : Found @SpringBootConfiguration com.alone.my.springboot.Application for test class com.alone.my.springboot.web.HelloControllerTest
2021-04-03 13:16:21.359  INFO 13780 --- [    Test worker] .b.t.a.w.s.WebMvcTestContextBootstrapper : Loaded default TestExecutionListener class names from location [META-INF/spring.factories]: [org.springframework.security.test.context.support.WithSecurityContextTestExecutionListener, org.springframework.security.test.context.support.ReactorContextTestExecutionListener, org.springframework.boot.test.autoconfigure.restdocs.RestDocsTestExecutionListener, org.springframework.boot.test.autoconfigure.web.client.MockRestServiceServerResetTestExecutionListener, org.springframework.boot.test.autoconfigure.web.servlet.MockMvcPrintOnlyOnFailureTestExecutionListener, org.springframework.boot.test.autoconfigure.web.servlet.WebDriverTestExecutionListener, org.springframework.boot.test.mock.mockito.MockitoTestExecutionListener, org.springframework.boot.test.mock.mockito.ResetMocksTestExecutionListener, org.springframework.test.context.web.ServletTestExecutionListener, org.springframework.test.context.support.DirtiesContextBeforeModesTestExecutionListener, org.springframework.test.context.support.DependencyInjectionTestExecutionListener, org.springframework.test.context.support.DirtiesContextTestExecutionListener, org.springframework.test.context.transaction.TransactionalTestExecutionListener, org.springframework.test.context.jdbc.SqlScriptsTestExecutionListener]
2021-04-03 13:16:21.361  INFO 13780 --- [    Test worker] .b.t.a.w.s.WebMvcTestContextBootstrapper : Using TestExecutionListeners: [org.springframework.test.context.web.ServletTestExecutionListener@63e2f0eb, org.springframework.test.context.support.DirtiesContextBeforeModesTestExecutionListener@401c3fa6, org.springframework.boot.test.mock.mockito.MockitoTestExecutionListener@599ed3bd, org.springframework.boot.test.autoconfigure.SpringBootDependencyInjectionTestExecutionListener@2e067649, org.springframework.test.context.support.DirtiesContextTestExecutionListener@5a17beca, org.springframework.test.context.transaction.TransactionalTestExecutionListener@7bd75b21, org.springframework.test.context.jdbc.SqlScriptsTestExecutionListener@547b6cdd, org.springframework.security.test.context.support.WithSecurityContextTestExecutionListener@49d2fc25, org.springframework.security.test.context.support.ReactorContextTestExecutionListener@2ed4ea3b, org.springframework.boot.test.autoconfigure.restdocs.RestDocsTestExecutionListener@6f1bb293, org.springframework.boot.test.autoconfigure.web.client.MockRestServiceServerResetTestExecutionListener@60093629, org.springframework.boot.test.autoconfigure.web.servlet.MockMvcPrintOnlyOnFailureTestExecutionListener@3e64cdd9, org.springframework.boot.test.autoconfigure.web.servlet.WebDriverTestExecutionListener@37686d1c, org.springframework.boot.test.mock.mockito.ResetMocksTestExecutionListener@5d5ce48]

  .   ____          _            __ _ _
 /\\ / ___'_ __ _ _(_)_ __  __ _ \ \ \ \
( ( )\___ | '_ | '_| | '_ \/ _` | \ \ \ \
 \\/  ___)| |_)| | | | | || (_| |  ) ) ) )
  '  |____| .__|_| |_|_| |_\__, | / / / /
 =========|_|==============|___/=/_/_/_/
 :: Spring Boot ::        (v2.1.7.RELEASE)

2021-04-03 13:16:21.414  INFO 13780 --- [    Test worker] c.a.m.s.web.HelloControllerTest          : Starting HelloControllerTest on DESKTOP-5G2C5JO with PID 13780 (started by KIMSG in C:\Users\KIMSG\Desktop\code\인텔리제이+aws\alone00)
2021-04-03 13:16:21.415  INFO 13780 --- [    Test worker] c.a.m.s.web.HelloControllerTest          : The following profiles are active: oauth
2021-04-03 13:16:21.918  INFO 13780 --- [    Test worker] o.s.s.concurrent.ThreadPoolTaskExecutor  : Initializing ExecutorService 'applicationTaskExecutor'
2021-04-03 13:16:21.955  INFO 13780 --- [    Test worker] o.s.b.a.w.s.WelcomePageHandlerMapping    : Adding welcome page template: index
2021-04-03 13:16:22.204  INFO 13780 --- [    Test worker] .s.s.UserDetailsServiceAutoConfiguration : 

Using generated security password: 5bdcffbf-ed40-4149-b804-49fa62e8175b

2021-04-03 13:16:22.599  INFO 13780 --- [    Test worker] o.s.s.web.DefaultSecurityFilterChain     : Creating filter chain: any request, [org.springframework.security.web.context.request.async.WebAsyncManagerIntegrationFilter@5e534ce6, org.springframework.security.web.context.SecurityContextPersistenceFilter@4f85ec16, org.springframework.security.web.header.HeaderWriterFilter@19101955, org.springframework.security.web.csrf.CsrfFilter@278fd5fc, org.springframework.security.web.authentication.logout.LogoutFilter@758a2623, org.springframework.security.web.authentication.UsernamePasswordAuthenticationFilter@62066f42, org.springframework.security.web.authentication.ui.DefaultLoginPageGeneratingFilter@17971c7b, org.springframework.security.web.authentication.ui.DefaultLogoutPageGeneratingFilter@3155d72d, org.springframework.security.web.authentication.www.BasicAuthenticationFilter@2f0f3581, org.springframework.security.web.savedrequest.RequestCacheAwareFilter@6480ff6, org.springframework.security.web.servletapi.SecurityContextHolderAwareRequestFilter@1f8b64db, org.springframework.security.web.authentication.AnonymousAuthenticationFilter@67a04fbb, org.springframework.security.web.session.SessionManagementFilter@40691fbe, org.springframework.security.web.access.ExceptionTranslationFilter@75779e7e, org.springframework.security.web.access.intercept.FilterSecurityInterceptor@34c00917]
2021-04-03 13:16:22.807  INFO 13780 --- [    Test worker] o.s.b.t.m.w.SpringBootMockServletContext : Initializing Spring TestDispatcherServlet ''
2021-04-03 13:16:22.807  INFO 13780 --- [    Test worker] o.s.t.web.servlet.TestDispatcherServlet  : Initializing Servlet ''
2021-04-03 13:16:22.905  INFO 13780 --- [    Test worker] o.s.t.web.servlet.TestDispatcherServlet  : Completed initialization in 98 ms
2021-04-03 13:16:22.939  INFO 13780 --- [    Test worker] c.a.m.s.web.HelloControllerTest          : Started HelloControllerTest in 1.576 seconds (JVM running for 10.14)
악....시바라루짱시바라루짱시바라루짱시바라루짱
]]></system-out>
  <system-err><![CDATA[]]></system-err>
</testsuite>
