<?xml version="1.0" encoding="UTF-8"?>
<testsuite name="com.alone.my.springboot.web.HelloControllerTest" tests="2" skipped="0" failures="0" errors="0" timestamp="2021-04-01T09:31:25" hostname="DESKTOP-5G2C5JO" time="0.206">
  <properties/>
  <testcase name="hello가_리턴된다" classname="com.alone.my.springboot.web.HelloControllerTest" time="0.085"/>
  <testcase name="helloDto가_리턴된다" classname="com.alone.my.springboot.web.HelloControllerTest" time="0.118"/>
  <system-out><![CDATA[2021-04-01 18:31:24.810  INFO 12148 --- [    Test worker] .b.t.a.w.s.WebMvcTestContextBootstrapper : Neither @ContextConfiguration nor @ContextHierarchy found for test class [com.alone.my.springboot.web.HelloControllerTest], using SpringBootContextLoader
2021-04-01 18:31:24.812  INFO 12148 --- [    Test worker] o.s.t.c.support.AbstractContextLoader    : Could not detect default resource locations for test class [com.alone.my.springboot.web.HelloControllerTest]: no resource found for suffixes {-context.xml, Context.groovy}.
2021-04-01 18:31:24.813  INFO 12148 --- [    Test worker] t.c.s.AnnotationConfigContextLoaderUtils : Could not detect default configuration classes for test class [com.alone.my.springboot.web.HelloControllerTest]: HelloControllerTest does not declare any static, non-private, non-final, nested classes annotated with @Configuration.
2021-04-01 18:31:24.837  INFO 12148 --- [    Test worker] .b.t.c.SpringBootTestContextBootstrapper : Found @SpringBootConfiguration com.alone.my.springboot.Application for test class com.alone.my.springboot.web.HelloControllerTest
2021-04-01 18:31:24.838  INFO 12148 --- [    Test worker] .b.t.a.w.s.WebMvcTestContextBootstrapper : Loaded default TestExecutionListener class names from location [META-INF/spring.factories]: [org.springframework.security.test.context.support.WithSecurityContextTestExecutionListener, org.springframework.security.test.context.support.ReactorContextTestExecutionListener, org.springframework.boot.test.autoconfigure.restdocs.RestDocsTestExecutionListener, org.springframework.boot.test.autoconfigure.web.client.MockRestServiceServerResetTestExecutionListener, org.springframework.boot.test.autoconfigure.web.servlet.MockMvcPrintOnlyOnFailureTestExecutionListener, org.springframework.boot.test.autoconfigure.web.servlet.WebDriverTestExecutionListener, org.springframework.boot.test.mock.mockito.MockitoTestExecutionListener, org.springframework.boot.test.mock.mockito.ResetMocksTestExecutionListener, org.springframework.test.context.web.ServletTestExecutionListener, org.springframework.test.context.support.DirtiesContextBeforeModesTestExecutionListener, org.springframework.test.context.support.DependencyInjectionTestExecutionListener, org.springframework.test.context.support.DirtiesContextTestExecutionListener, org.springframework.test.context.transaction.TransactionalTestExecutionListener, org.springframework.test.context.jdbc.SqlScriptsTestExecutionListener]
2021-04-01 18:31:24.839  INFO 12148 --- [    Test worker] .b.t.a.w.s.WebMvcTestContextBootstrapper : Using TestExecutionListeners: [org.springframework.test.context.web.ServletTestExecutionListener@9d076da, org.springframework.test.context.support.DirtiesContextBeforeModesTestExecutionListener@1611ff75, org.springframework.boot.test.mock.mockito.MockitoTestExecutionListener@2596df0a, org.springframework.boot.test.autoconfigure.SpringBootDependencyInjectionTestExecutionListener@4c4ff0b5, org.springframework.test.context.support.DirtiesContextTestExecutionListener@46233940, org.springframework.test.context.transaction.TransactionalTestExecutionListener@5f508ca6, org.springframework.test.context.jdbc.SqlScriptsTestExecutionListener@4cad76c9, org.springframework.security.test.context.support.WithSecurityContextTestExecutionListener@7f54edb1, org.springframework.security.test.context.support.ReactorContextTestExecutionListener@20e23222, org.springframework.boot.test.autoconfigure.restdocs.RestDocsTestExecutionListener@7b8cbf24, org.springframework.boot.test.autoconfigure.web.client.MockRestServiceServerResetTestExecutionListener@5cb095a2, org.springframework.boot.test.autoconfigure.web.servlet.MockMvcPrintOnlyOnFailureTestExecutionListener@451c2e0, org.springframework.boot.test.autoconfigure.web.servlet.WebDriverTestExecutionListener@3513836a, org.springframework.boot.test.mock.mockito.ResetMocksTestExecutionListener@2b787f73]

  .   ____          _            __ _ _
 /\\ / ___'_ __ _ _(_)_ __  __ _ \ \ \ \
( ( )\___ | '_ | '_| | '_ \/ _` | \ \ \ \
 \\/  ___)| |_)| | | | | || (_| |  ) ) ) )
  '  |____| .__|_| |_|_| |_\__, | / / / /
 =========|_|==============|___/=/_/_/_/
 :: Spring Boot ::        (v2.1.7.RELEASE)

2021-04-01 18:31:24.967  INFO 12148 --- [    Test worker] c.a.m.s.web.HelloControllerTest          : Starting HelloControllerTest on DESKTOP-5G2C5JO with PID 12148 (started by KIMSG in C:\Users\KIMSG\Desktop\code\인텔리제이+aws\alone00)
2021-04-01 18:31:24.968  INFO 12148 --- [    Test worker] c.a.m.s.web.HelloControllerTest          : The following profiles are active: oauth
2021-04-01 18:31:25.480  INFO 12148 --- [    Test worker] o.s.s.concurrent.ThreadPoolTaskExecutor  : Initializing ExecutorService 'applicationTaskExecutor'
2021-04-01 18:31:25.513  INFO 12148 --- [    Test worker] o.s.b.a.w.s.WelcomePageHandlerMapping    : Adding welcome page template: index
2021-04-01 18:31:25.723  INFO 12148 --- [    Test worker] .s.s.UserDetailsServiceAutoConfiguration : 

Using generated security password: 7a7b9f0a-3dac-4713-934e-7e858782f12e

2021-04-01 18:31:25.873  INFO 12148 --- [    Test worker] o.s.s.web.DefaultSecurityFilterChain     : Creating filter chain: any request, [org.springframework.security.web.context.request.async.WebAsyncManagerIntegrationFilter@186ce592, org.springframework.security.web.context.SecurityContextPersistenceFilter@43a96240, org.springframework.security.web.header.HeaderWriterFilter@66b0777, org.springframework.security.web.csrf.CsrfFilter@23be595b, org.springframework.security.web.authentication.logout.LogoutFilter@3f21fff4, org.springframework.security.web.authentication.UsernamePasswordAuthenticationFilter@6204affd, org.springframework.security.web.authentication.ui.DefaultLoginPageGeneratingFilter@1eabda35, org.springframework.security.web.authentication.ui.DefaultLogoutPageGeneratingFilter@75b462fc, org.springframework.security.web.authentication.www.BasicAuthenticationFilter@57038fff, org.springframework.security.web.savedrequest.RequestCacheAwareFilter@605811ae, org.springframework.security.web.servletapi.SecurityContextHolderAwareRequestFilter@3e56f26d, org.springframework.security.web.authentication.AnonymousAuthenticationFilter@3e8367c2, org.springframework.security.web.session.SessionManagementFilter@574ef260, org.springframework.security.web.access.ExceptionTranslationFilter@7a1b3932, org.springframework.security.web.access.intercept.FilterSecurityInterceptor@423d76a5]
2021-04-01 18:31:25.928  INFO 12148 --- [    Test worker] o.s.b.t.m.w.SpringBootMockServletContext : Initializing Spring TestDispatcherServlet ''
2021-04-01 18:31:25.929  INFO 12148 --- [    Test worker] o.s.t.web.servlet.TestDispatcherServlet  : Initializing Servlet ''
2021-04-01 18:31:25.943  INFO 12148 --- [    Test worker] o.s.t.web.servlet.TestDispatcherServlet  : Completed initialization in 14 ms
2021-04-01 18:31:25.970  INFO 12148 --- [    Test worker] c.a.m.s.web.HelloControllerTest          : Started HelloControllerTest in 1.127 seconds (JVM running for 10.128)
악....시바라루짱시바라루짱시바라루짱시바라루짱
]]></system-out>
  <system-err><![CDATA[]]></system-err>
</testsuite>
