<?xml version="1.0" encoding="UTF-8"?>
<testsuite name="com.alone.my.springboot.web.IndexControllerTest" tests="1" skipped="0" failures="0" errors="0" timestamp="2021-04-04T22:59:24" hostname="DESKTOP-5G2C5JO" time="0.076">
  <properties/>
  <testcase name="메인페이지_로딩" classname="com.alone.my.springboot.web.IndexControllerTest" time="0.076"/>
  <system-out><![CDATA[2021-04-05 07:59:24.944  INFO 16172 --- [    Test worker] .b.t.c.SpringBootTestContextBootstrapper : Neither @ContextConfiguration nor @ContextHierarchy found for test class [com.alone.my.springboot.web.IndexControllerTest], using SpringBootContextLoader
2021-04-05 07:59:24.948  INFO 16172 --- [    Test worker] o.s.t.c.support.AbstractContextLoader    : Could not detect default resource locations for test class [com.alone.my.springboot.web.IndexControllerTest]: no resource found for suffixes {-context.xml, Context.groovy}.
2021-04-05 07:59:24.952  INFO 16172 --- [    Test worker] t.c.s.AnnotationConfigContextLoaderUtils : Could not detect default configuration classes for test class [com.alone.my.springboot.web.IndexControllerTest]: IndexControllerTest does not declare any static, non-private, non-final, nested classes annotated with @Configuration.
2021-04-05 07:59:24.954  INFO 16172 --- [    Test worker] .b.t.c.SpringBootTestContextBootstrapper : Found @SpringBootConfiguration com.alone.my.springboot.Application for test class com.alone.my.springboot.web.IndexControllerTest
2021-04-05 07:59:24.959  INFO 16172 --- [    Test worker] .b.t.c.SpringBootTestContextBootstrapper : Loaded default TestExecutionListener class names from location [META-INF/spring.factories]: [org.springframework.security.test.context.support.WithSecurityContextTestExecutionListener, org.springframework.security.test.context.support.ReactorContextTestExecutionListener, org.springframework.boot.test.autoconfigure.restdocs.RestDocsTestExecutionListener, org.springframework.boot.test.autoconfigure.web.client.MockRestServiceServerResetTestExecutionListener, org.springframework.boot.test.autoconfigure.web.servlet.MockMvcPrintOnlyOnFailureTestExecutionListener, org.springframework.boot.test.autoconfigure.web.servlet.WebDriverTestExecutionListener, org.springframework.boot.test.mock.mockito.MockitoTestExecutionListener, org.springframework.boot.test.mock.mockito.ResetMocksTestExecutionListener, org.springframework.test.context.web.ServletTestExecutionListener, org.springframework.test.context.support.DirtiesContextBeforeModesTestExecutionListener, org.springframework.test.context.support.DependencyInjectionTestExecutionListener, org.springframework.test.context.support.DirtiesContextTestExecutionListener, org.springframework.test.context.transaction.TransactionalTestExecutionListener, org.springframework.test.context.jdbc.SqlScriptsTestExecutionListener]
2021-04-05 07:59:24.959  INFO 16172 --- [    Test worker] .b.t.c.SpringBootTestContextBootstrapper : Using TestExecutionListeners: [org.springframework.test.context.web.ServletTestExecutionListener@2bd18119, org.springframework.test.context.support.DirtiesContextBeforeModesTestExecutionListener@44d9db92, org.springframework.boot.test.mock.mockito.MockitoTestExecutionListener@769c43b3, org.springframework.boot.test.autoconfigure.SpringBootDependencyInjectionTestExecutionListener@40d224d0, org.springframework.test.context.support.DirtiesContextTestExecutionListener@672cbc9a, org.springframework.test.context.transaction.TransactionalTestExecutionListener@6da3fea6, org.springframework.test.context.jdbc.SqlScriptsTestExecutionListener@79b6b97a, org.springframework.security.test.context.support.WithSecurityContextTestExecutionListener@2893e638, org.springframework.security.test.context.support.ReactorContextTestExecutionListener@2a5957dc, org.springframework.boot.test.autoconfigure.restdocs.RestDocsTestExecutionListener@58fddaff, org.springframework.boot.test.autoconfigure.web.client.MockRestServiceServerResetTestExecutionListener@144cc5f3, org.springframework.boot.test.autoconfigure.web.servlet.MockMvcPrintOnlyOnFailureTestExecutionListener@23d95364, org.springframework.boot.test.autoconfigure.web.servlet.WebDriverTestExecutionListener@435e1774, org.springframework.boot.test.mock.mockito.ResetMocksTestExecutionListener@75c207c2]
Hibernate: select posts0_.id as id1_0_, posts0_.created_date as created_2_0_, posts0_.modified_date as modified3_0_, posts0_.author as author4_0_, posts0_.content as content5_0_, posts0_.title as title6_0_ from posts posts0_ order by posts0_.id DESC
]]></system-out>
  <system-err><![CDATA[]]></system-err>
</testsuite>
