<?xml version="1.0" encoding="UTF-8"?>
<testsuite name="com.alone.my.springboot.web.IndexControllerTest" tests="1" skipped="0" failures="0" errors="0" timestamp="2021-04-01T09:20:57" hostname="DESKTOP-5G2C5JO" time="0.352">
  <properties/>
  <testcase name="메인페이지_로딩" classname="com.alone.my.springboot.web.IndexControllerTest" time="0.352"/>
  <system-out><![CDATA[2021-04-01 18:20:53.936  INFO 9852 --- [    Test worker] .b.t.c.SpringBootTestContextBootstrapper : Neither @ContextConfiguration nor @ContextHierarchy found for test class [com.alone.my.springboot.web.IndexControllerTest], using SpringBootContextLoader
2021-04-01 18:20:53.937  INFO 9852 --- [    Test worker] o.s.t.c.support.AbstractContextLoader    : Could not detect default resource locations for test class [com.alone.my.springboot.web.IndexControllerTest]: no resource found for suffixes {-context.xml, Context.groovy}.
2021-04-01 18:20:53.938  INFO 9852 --- [    Test worker] t.c.s.AnnotationConfigContextLoaderUtils : Could not detect default configuration classes for test class [com.alone.my.springboot.web.IndexControllerTest]: IndexControllerTest does not declare any static, non-private, non-final, nested classes annotated with @Configuration.
2021-04-01 18:20:53.941  INFO 9852 --- [    Test worker] .b.t.c.SpringBootTestContextBootstrapper : Found @SpringBootConfiguration com.alone.my.springboot.Application for test class com.alone.my.springboot.web.IndexControllerTest
2021-04-01 18:20:53.944  INFO 9852 --- [    Test worker] .b.t.c.SpringBootTestContextBootstrapper : Loaded default TestExecutionListener class names from location [META-INF/spring.factories]: [org.springframework.security.test.context.support.WithSecurityContextTestExecutionListener, org.springframework.security.test.context.support.ReactorContextTestExecutionListener, org.springframework.boot.test.autoconfigure.restdocs.RestDocsTestExecutionListener, org.springframework.boot.test.autoconfigure.web.client.MockRestServiceServerResetTestExecutionListener, org.springframework.boot.test.autoconfigure.web.servlet.MockMvcPrintOnlyOnFailureTestExecutionListener, org.springframework.boot.test.autoconfigure.web.servlet.WebDriverTestExecutionListener, org.springframework.boot.test.mock.mockito.MockitoTestExecutionListener, org.springframework.boot.test.mock.mockito.ResetMocksTestExecutionListener, org.springframework.test.context.web.ServletTestExecutionListener, org.springframework.test.context.support.DirtiesContextBeforeModesTestExecutionListener, org.springframework.test.context.support.DependencyInjectionTestExecutionListener, org.springframework.test.context.support.DirtiesContextTestExecutionListener, org.springframework.test.context.transaction.TransactionalTestExecutionListener, org.springframework.test.context.jdbc.SqlScriptsTestExecutionListener]
2021-04-01 18:20:53.946  INFO 9852 --- [    Test worker] .b.t.c.SpringBootTestContextBootstrapper : Using TestExecutionListeners: [org.springframework.test.context.web.ServletTestExecutionListener@2e6c0640, org.springframework.test.context.support.DirtiesContextBeforeModesTestExecutionListener@32d2b34c, org.springframework.boot.test.mock.mockito.MockitoTestExecutionListener@1b168b91, org.springframework.boot.test.autoconfigure.SpringBootDependencyInjectionTestExecutionListener@196e5f20, org.springframework.test.context.support.DirtiesContextTestExecutionListener@577e144b, org.springframework.test.context.transaction.TransactionalTestExecutionListener@7011953b, org.springframework.test.context.jdbc.SqlScriptsTestExecutionListener@5ff4c2ab, org.springframework.security.test.context.support.WithSecurityContextTestExecutionListener@3488012a, org.springframework.security.test.context.support.ReactorContextTestExecutionListener@137387bc, org.springframework.boot.test.autoconfigure.restdocs.RestDocsTestExecutionListener@6fb760a4, org.springframework.boot.test.autoconfigure.web.client.MockRestServiceServerResetTestExecutionListener@16af0663, org.springframework.boot.test.autoconfigure.web.servlet.MockMvcPrintOnlyOnFailureTestExecutionListener@62dad4cd, org.springframework.boot.test.autoconfigure.web.servlet.WebDriverTestExecutionListener@6d9be14d, org.springframework.boot.test.mock.mockito.ResetMocksTestExecutionListener@397d0e1a]

  .   ____          _            __ _ _
 /\\ / ___'_ __ _ _(_)_ __  __ _ \ \ \ \
( ( )\___ | '_ | '_| | '_ \/ _` | \ \ \ \
 \\/  ___)| |_)| | | | | || (_| |  ) ) ) )
  '  |____| .__|_| |_|_| |_\__, | / / / /
 =========|_|==============|___/=/_/_/_/
 :: Spring Boot ::        (v2.1.7.RELEASE)

2021-04-01 18:20:53.996  INFO 9852 --- [    Test worker] c.a.m.s.web.IndexControllerTest          : Starting IndexControllerTest on DESKTOP-5G2C5JO with PID 9852 (started by KIMSG in C:\Users\KIMSG\Desktop\code\인텔리제이+aws\alone00)
2021-04-01 18:20:53.996  INFO 9852 --- [    Test worker] c.a.m.s.web.IndexControllerTest          : The following profiles are active: oauth
2021-04-01 18:20:54.198  INFO 9852 --- [    Test worker] .s.d.r.c.RepositoryConfigurationDelegate : Bootstrapping Spring Data repositories in DEFAULT mode.
2021-04-01 18:20:54.221  INFO 9852 --- [    Test worker] .s.d.r.c.RepositoryConfigurationDelegate : Finished Spring Data repository scanning in 23ms. Found 2 repository interfaces.
2021-04-01 18:20:54.314  INFO 9852 --- [    Test worker] trationDelegate$BeanPostProcessorChecker : Bean 'org.springframework.transaction.annotation.ProxyTransactionManagementConfiguration' of type [org.springframework.transaction.annotation.ProxyTransactionManagementConfiguration$$EnhancerBySpringCGLIB$$47d985cf] is not eligible for getting processed by all BeanPostProcessors (for example: not eligible for auto-proxying)
2021-04-01 18:20:54.709  INFO 9852 --- [    Test worker] o.s.b.w.embedded.tomcat.TomcatWebServer  : Tomcat initialized with port(s): 0 (http)
2021-04-01 18:20:54.792  INFO 9852 --- [    Test worker] o.apache.catalina.core.StandardService   : Starting service [Tomcat]
2021-04-01 18:20:54.792  INFO 9852 --- [    Test worker] org.apache.catalina.core.StandardEngine  : Starting Servlet engine: [Apache Tomcat/9.0.22]
2021-04-01 18:20:54.804  INFO 9852 --- [    Test worker] o.a.catalina.core.AprLifecycleListener   : An older version [1.2.14] of the APR based Apache Tomcat Native library is installed, while Tomcat recommends a minimum version of [1.2.23]
2021-04-01 18:20:54.804  INFO 9852 --- [    Test worker] o.a.catalina.core.AprLifecycleListener   : Loaded APR based Apache Tomcat Native library [1.2.14] using APR version [1.6.2].
2021-04-01 18:20:54.805  INFO 9852 --- [    Test worker] o.a.catalina.core.AprLifecycleListener   : APR capabilities: IPv6 [true], sendfile [true], accept filters [false], random [true].
2021-04-01 18:20:54.805  INFO 9852 --- [    Test worker] o.a.catalina.core.AprLifecycleListener   : APR/OpenSSL configuration: useAprConnector [false], useOpenSSL [true]
2021-04-01 18:20:55.921  INFO 9852 --- [    Test worker] o.a.catalina.core.AprLifecycleListener   : OpenSSL successfully initialized [OpenSSL 1.0.2l  25 May 2017]
2021-04-01 18:20:56.152  INFO 9852 --- [    Test worker] o.a.c.c.C.[Tomcat].[localhost].[/]       : Initializing Spring embedded WebApplicationContext
2021-04-01 18:20:56.160  INFO 9852 --- [    Test worker] o.s.web.context.ContextLoader            : Root WebApplicationContext: initialization completed in 2162 ms
2021-04-01 18:20:56.377  INFO 9852 --- [    Test worker] com.zaxxer.hikari.HikariDataSource       : HikariPool-2 - Starting...
2021-04-01 18:20:56.378  INFO 9852 --- [    Test worker] com.zaxxer.hikari.HikariDataSource       : HikariPool-2 - Start completed.
2021-04-01 18:20:56.416  INFO 9852 --- [    Test worker] o.hibernate.jpa.internal.util.LogHelper  : HHH000204: Processing PersistenceUnitInfo [
	name: default
	...]
2021-04-01 18:20:56.427  INFO 9852 --- [    Test worker] org.hibernate.dialect.Dialect            : HHH000400: Using dialect: org.hibernate.dialect.MySQL5InnoDBDialect
Hibernate: drop table if exists posts
Hibernate: drop table if exists user
Hibernate: create table posts (id bigint not null auto_increment, created_date datetime, modified_date datetime, author varchar(255), content TEXT not null, title varchar(500) not null, primary key (id)) engine=InnoDB
Hibernate: create table user (id bigint not null auto_increment, created_date datetime, modified_date datetime, email varchar(255) not null, name varchar(255) not null, picture varchar(255), role varchar(255) not null, primary key (id)) engine=InnoDB
2021-04-01 18:20:56.490  INFO 9852 --- [    Test worker] o.h.t.schema.internal.SchemaCreatorImpl  : HHH000476: Executing import script 'org.hibernate.tool.schema.internal.exec.ScriptSourceInputNonExistentImpl@36e83557'
2021-04-01 18:20:56.490  INFO 9852 --- [    Test worker] j.LocalContainerEntityManagerFactoryBean : Initialized JPA EntityManagerFactory for persistence unit 'default'
2021-04-01 18:20:56.828  INFO 9852 --- [    Test worker] o.h.h.i.QueryTranslatorFactoryInitiator  : HHH000397: Using ASTQueryTranslatorFactory
2021-04-01 18:20:56.994  INFO 9852 --- [    Test worker] o.s.s.web.DefaultSecurityFilterChain     : Creating filter chain: any request, [org.springframework.security.web.context.request.async.WebAsyncManagerIntegrationFilter@2059b277, org.springframework.security.web.context.SecurityContextPersistenceFilter@1a334382, org.springframework.security.web.header.HeaderWriterFilter@42a091cc, org.springframework.security.web.authentication.logout.LogoutFilter@cf5d12a, org.springframework.security.oauth2.client.web.OAuth2AuthorizationRequestRedirectFilter@6bf42aac, org.springframework.security.oauth2.client.web.OAuth2LoginAuthenticationFilter@50b27340, org.springframework.security.web.authentication.ui.DefaultLoginPageGeneratingFilter@cdaac60, org.springframework.security.web.authentication.ui.DefaultLogoutPageGeneratingFilter@11b18369, org.springframework.security.web.savedrequest.RequestCacheAwareFilter@4c33ce2a, org.springframework.security.web.servletapi.SecurityContextHolderAwareRequestFilter@adb0891, org.springframework.security.web.authentication.AnonymousAuthenticationFilter@5bda7ab9, org.springframework.security.web.session.SessionManagementFilter@3917e208, org.springframework.security.web.access.ExceptionTranslationFilter@6997f826, org.springframework.security.web.access.intercept.FilterSecurityInterceptor@447eb4e9]
2021-04-01 18:20:57.197  INFO 9852 --- [    Test worker] o.s.s.concurrent.ThreadPoolTaskExecutor  : Initializing ExecutorService 'applicationTaskExecutor'
2021-04-01 18:20:57.210  WARN 9852 --- [    Test worker] aWebConfiguration$JpaWebMvcConfiguration : spring.jpa.open-in-view is enabled by default. Therefore, database queries may be performed during view rendering. Explicitly configure spring.jpa.open-in-view to disable this warning
2021-04-01 18:20:57.237  INFO 9852 --- [    Test worker] o.s.b.a.w.s.WelcomePageHandlerMapping    : Adding welcome page template: index
2021-04-01 18:20:57.514  INFO 9852 --- [    Test worker] s.a.ScheduledAnnotationBeanPostProcessor : No TaskScheduler/ScheduledExecutorService bean found for scheduled processing
2021-04-01 18:20:57.561  INFO 9852 --- [    Test worker] o.s.b.w.embedded.tomcat.TomcatWebServer  : Tomcat started on port(s): 7119 (http) with context path ''
2021-04-01 18:20:57.562  INFO 9852 --- [    Test worker] c.a.m.s.web.IndexControllerTest          : Started IndexControllerTest in 3.614 seconds (JVM running for 15.284)
2021-04-01 18:20:57.648  INFO 9852 --- [o-auto-1-exec-1] o.a.c.c.C.[Tomcat].[localhost].[/]       : Initializing Spring DispatcherServlet 'dispatcherServlet'
2021-04-01 18:20:57.648  INFO 9852 --- [o-auto-1-exec-1] o.s.web.servlet.DispatcherServlet        : Initializing Servlet 'dispatcherServlet'
2021-04-01 18:20:57.672  INFO 9852 --- [o-auto-1-exec-1] o.s.web.servlet.DispatcherServlet        : Completed initialization in 24 ms
Hibernate: select posts0_.id as id1_0_, posts0_.created_date as created_2_0_, posts0_.modified_date as modified3_0_, posts0_.author as author4_0_, posts0_.content as content5_0_, posts0_.title as title6_0_ from posts posts0_ order by posts0_.id DESC
]]></system-out>
  <system-err><![CDATA[]]></system-err>
</testsuite>
