<?xml version="1.0" encoding="UTF-8"?>
<testsuite name="com.alone.my.springboot.web.HelloControllerTest" tests="2" skipped="0" failures="0" errors="0" timestamp="2021-04-04T19:23:06" hostname="DESKTOP-5G2C5JO" time="0.133">
  <properties/>
  <testcase name="hello가_리턴된다" classname="com.alone.my.springboot.web.HelloControllerTest" time="0.03"/>
  <testcase name="helloDto가_리턴된다" classname="com.alone.my.springboot.web.HelloControllerTest" time="0.102"/>
  <system-out><![CDATA[2021-04-05 04:23:05.734  INFO 3680 --- [    Test worker] .b.t.a.w.s.WebMvcTestContextBootstrapper : Neither @ContextConfiguration nor @ContextHierarchy found for test class [com.alone.my.springboot.web.HelloControllerTest], using SpringBootContextLoader
2021-04-05 04:23:05.736  INFO 3680 --- [    Test worker] o.s.t.c.support.AbstractContextLoader    : Could not detect default resource locations for test class [com.alone.my.springboot.web.HelloControllerTest]: no resource found for suffixes {-context.xml, Context.groovy}.
2021-04-05 04:23:05.736  INFO 3680 --- [    Test worker] t.c.s.AnnotationConfigContextLoaderUtils : Could not detect default configuration classes for test class [com.alone.my.springboot.web.HelloControllerTest]: HelloControllerTest does not declare any static, non-private, non-final, nested classes annotated with @Configuration.
2021-04-05 04:23:05.767  INFO 3680 --- [    Test worker] .b.t.c.SpringBootTestContextBootstrapper : Found @SpringBootConfiguration com.alone.my.springboot.Application for test class com.alone.my.springboot.web.HelloControllerTest
2021-04-05 04:23:05.770  INFO 3680 --- [    Test worker] .b.t.a.w.s.WebMvcTestContextBootstrapper : Loaded default TestExecutionListener class names from location [META-INF/spring.factories]: [org.springframework.security.test.context.support.WithSecurityContextTestExecutionListener, org.springframework.security.test.context.support.ReactorContextTestExecutionListener, org.springframework.boot.test.autoconfigure.restdocs.RestDocsTestExecutionListener, org.springframework.boot.test.autoconfigure.web.client.MockRestServiceServerResetTestExecutionListener, org.springframework.boot.test.autoconfigure.web.servlet.MockMvcPrintOnlyOnFailureTestExecutionListener, org.springframework.boot.test.autoconfigure.web.servlet.WebDriverTestExecutionListener, org.springframework.boot.test.mock.mockito.MockitoTestExecutionListener, org.springframework.boot.test.mock.mockito.ResetMocksTestExecutionListener, org.springframework.test.context.web.ServletTestExecutionListener, org.springframework.test.context.support.DirtiesContextBeforeModesTestExecutionListener, org.springframework.test.context.support.DependencyInjectionTestExecutionListener, org.springframework.test.context.support.DirtiesContextTestExecutionListener, org.springframework.test.context.transaction.TransactionalTestExecutionListener, org.springframework.test.context.jdbc.SqlScriptsTestExecutionListener]
2021-04-05 04:23:05.772  INFO 3680 --- [    Test worker] .b.t.a.w.s.WebMvcTestContextBootstrapper : Using TestExecutionListeners: [org.springframework.test.context.web.ServletTestExecutionListener@b5507f, org.springframework.test.context.support.DirtiesContextBeforeModesTestExecutionListener@36428f59, org.springframework.boot.test.mock.mockito.MockitoTestExecutionListener@44b64892, org.springframework.boot.test.autoconfigure.SpringBootDependencyInjectionTestExecutionListener@be46c71, org.springframework.test.context.support.DirtiesContextTestExecutionListener@2178f3da, org.springframework.test.context.transaction.TransactionalTestExecutionListener@3e298eb, org.springframework.test.context.jdbc.SqlScriptsTestExecutionListener@75e6b2dd, org.springframework.security.test.context.support.WithSecurityContextTestExecutionListener@5d49cff4, org.springframework.security.test.context.support.ReactorContextTestExecutionListener@3bc911a4, org.springframework.boot.test.autoconfigure.restdocs.RestDocsTestExecutionListener@2cfbe3f6, org.springframework.boot.test.autoconfigure.web.client.MockRestServiceServerResetTestExecutionListener@6c4bdcee, org.springframework.boot.test.autoconfigure.web.servlet.MockMvcPrintOnlyOnFailureTestExecutionListener@7fee88fc, org.springframework.boot.test.autoconfigure.web.servlet.WebDriverTestExecutionListener@c59e294, org.springframework.boot.test.mock.mockito.ResetMocksTestExecutionListener@7fce54ba]

  .   ____          _            __ _ _
 /\\ / ___'_ __ _ _(_)_ __  __ _ \ \ \ \
( ( )\___ | '_ | '_| | '_ \/ _` | \ \ \ \
 \\/  ___)| |_)| | | | | || (_| |  ) ) ) )
  '  |____| .__|_| |_|_| |_\__, | / / / /
 =========|_|==============|___/=/_/_/_/
 :: Spring Boot ::        (v2.1.7.RELEASE)

2021-04-05 04:23:05.853  INFO 3680 --- [    Test worker] c.a.m.s.web.HelloControllerTest          : Starting HelloControllerTest on DESKTOP-5G2C5JO with PID 3680 (started by KIMSG in C:\Users\KIMSG\Desktop\code\인텔리제이+aws\alone00)
2021-04-05 04:23:05.854  INFO 3680 --- [    Test worker] c.a.m.s.web.HelloControllerTest          : The following profiles are active: oauth
2021-04-05 04:23:06.362  INFO 3680 --- [    Test worker] o.s.s.concurrent.ThreadPoolTaskExecutor  : Initializing ExecutorService 'applicationTaskExecutor'
2021-04-05 04:23:06.413  INFO 3680 --- [    Test worker] o.s.b.a.w.s.WelcomePageHandlerMapping    : Adding welcome page template: index
2021-04-05 04:23:06.673  INFO 3680 --- [    Test worker] .s.s.UserDetailsServiceAutoConfiguration : 

Using generated security password: b327f64d-4dbd-473a-9c34-04b65836969d

2021-04-05 04:23:06.819  INFO 3680 --- [    Test worker] o.s.s.web.DefaultSecurityFilterChain     : Creating filter chain: any request, [org.springframework.security.web.context.request.async.WebAsyncManagerIntegrationFilter@6d0d3b09, org.springframework.security.web.context.SecurityContextPersistenceFilter@3f0f4d6c, org.springframework.security.web.header.HeaderWriterFilter@8db40f2, org.springframework.security.web.csrf.CsrfFilter@6b1e88b, org.springframework.security.web.authentication.logout.LogoutFilter@7eebe424, org.springframework.security.web.authentication.UsernamePasswordAuthenticationFilter@3343699b, org.springframework.security.web.authentication.ui.DefaultLoginPageGeneratingFilter@19756cd9, org.springframework.security.web.authentication.ui.DefaultLogoutPageGeneratingFilter@4c231d57, org.springframework.security.web.authentication.www.BasicAuthenticationFilter@62cadb3c, org.springframework.security.web.savedrequest.RequestCacheAwareFilter@72c36ffc, org.springframework.security.web.servletapi.SecurityContextHolderAwareRequestFilter@204d7d86, org.springframework.security.web.authentication.AnonymousAuthenticationFilter@78042cd4, org.springframework.security.web.session.SessionManagementFilter@12714d2, org.springframework.security.web.access.ExceptionTranslationFilter@71679cc5, org.springframework.security.web.access.intercept.FilterSecurityInterceptor@2d733edd]
2021-04-05 04:23:06.841  INFO 3680 --- [    Test worker] o.s.b.t.m.w.SpringBootMockServletContext : Initializing Spring TestDispatcherServlet ''
2021-04-05 04:23:06.842  INFO 3680 --- [    Test worker] o.s.t.web.servlet.TestDispatcherServlet  : Initializing Servlet ''
2021-04-05 04:23:06.852  INFO 3680 --- [    Test worker] o.s.t.web.servlet.TestDispatcherServlet  : Completed initialization in 10 ms
2021-04-05 04:23:06.880  INFO 3680 --- [    Test worker] c.a.m.s.web.HelloControllerTest          : Started HelloControllerTest in 1.105 seconds (JVM running for 15.995)
악....시바라루짱시바라루짱시바라루짱시바라루짱
]]></system-out>
  <system-err><![CDATA[]]></system-err>
</testsuite>
