<?xml version="1.0" encoding="UTF-8"?>
<testsuite name="com.alone.my.springboot.web.HelloControllerTest" tests="2" skipped="0" failures="0" errors="0" timestamp="2021-04-04T22:59:24" hostname="DESKTOP-5G2C5JO" time="0.136">
  <properties/>
  <testcase name="hello가_리턴된다" classname="com.alone.my.springboot.web.HelloControllerTest" time="0.026"/>
  <testcase name="helloDto가_리턴된다" classname="com.alone.my.springboot.web.HelloControllerTest" time="0.109"/>
  <system-out><![CDATA[2021-04-05 07:59:23.443  INFO 16172 --- [    Test worker] .b.t.a.w.s.WebMvcTestContextBootstrapper : Neither @ContextConfiguration nor @ContextHierarchy found for test class [com.alone.my.springboot.web.HelloControllerTest], using SpringBootContextLoader
2021-04-05 07:59:23.444  INFO 16172 --- [    Test worker] o.s.t.c.support.AbstractContextLoader    : Could not detect default resource locations for test class [com.alone.my.springboot.web.HelloControllerTest]: no resource found for suffixes {-context.xml, Context.groovy}.
2021-04-05 07:59:23.445  INFO 16172 --- [    Test worker] t.c.s.AnnotationConfigContextLoaderUtils : Could not detect default configuration classes for test class [com.alone.my.springboot.web.HelloControllerTest]: HelloControllerTest does not declare any static, non-private, non-final, nested classes annotated with @Configuration.
2021-04-05 07:59:23.464  INFO 16172 --- [    Test worker] .b.t.c.SpringBootTestContextBootstrapper : Found @SpringBootConfiguration com.alone.my.springboot.Application for test class com.alone.my.springboot.web.HelloControllerTest
2021-04-05 07:59:23.466  INFO 16172 --- [    Test worker] .b.t.a.w.s.WebMvcTestContextBootstrapper : Loaded default TestExecutionListener class names from location [META-INF/spring.factories]: [org.springframework.security.test.context.support.WithSecurityContextTestExecutionListener, org.springframework.security.test.context.support.ReactorContextTestExecutionListener, org.springframework.boot.test.autoconfigure.restdocs.RestDocsTestExecutionListener, org.springframework.boot.test.autoconfigure.web.client.MockRestServiceServerResetTestExecutionListener, org.springframework.boot.test.autoconfigure.web.servlet.MockMvcPrintOnlyOnFailureTestExecutionListener, org.springframework.boot.test.autoconfigure.web.servlet.WebDriverTestExecutionListener, org.springframework.boot.test.mock.mockito.MockitoTestExecutionListener, org.springframework.boot.test.mock.mockito.ResetMocksTestExecutionListener, org.springframework.test.context.web.ServletTestExecutionListener, org.springframework.test.context.support.DirtiesContextBeforeModesTestExecutionListener, org.springframework.test.context.support.DependencyInjectionTestExecutionListener, org.springframework.test.context.support.DirtiesContextTestExecutionListener, org.springframework.test.context.transaction.TransactionalTestExecutionListener, org.springframework.test.context.jdbc.SqlScriptsTestExecutionListener]
2021-04-05 07:59:23.468  INFO 16172 --- [    Test worker] .b.t.a.w.s.WebMvcTestContextBootstrapper : Using TestExecutionListeners: [org.springframework.test.context.web.ServletTestExecutionListener@73665ab7, org.springframework.test.context.support.DirtiesContextBeforeModesTestExecutionListener@72aa15fb, org.springframework.boot.test.mock.mockito.MockitoTestExecutionListener@7880cbef, org.springframework.boot.test.autoconfigure.SpringBootDependencyInjectionTestExecutionListener@10237232, org.springframework.test.context.support.DirtiesContextTestExecutionListener@51513163, org.springframework.test.context.transaction.TransactionalTestExecutionListener@7376f37f, org.springframework.test.context.jdbc.SqlScriptsTestExecutionListener@d57914d, org.springframework.security.test.context.support.WithSecurityContextTestExecutionListener@66ed037, org.springframework.security.test.context.support.ReactorContextTestExecutionListener@5e6c23b0, org.springframework.boot.test.autoconfigure.restdocs.RestDocsTestExecutionListener@1a45de09, org.springframework.boot.test.autoconfigure.web.client.MockRestServiceServerResetTestExecutionListener@2ba9f9f5, org.springframework.boot.test.autoconfigure.web.servlet.MockMvcPrintOnlyOnFailureTestExecutionListener@5b367bdf, org.springframework.boot.test.autoconfigure.web.servlet.WebDriverTestExecutionListener@64f8a2aa, org.springframework.boot.test.mock.mockito.ResetMocksTestExecutionListener@50799daa]

  .   ____          _            __ _ _
 /\\ / ___'_ __ _ _(_)_ __  __ _ \ \ \ \
( ( )\___ | '_ | '_| | '_ \/ _` | \ \ \ \
 \\/  ___)| |_)| | | | | || (_| |  ) ) ) )
  '  |____| .__|_| |_|_| |_\__, | / / / /
 =========|_|==============|___/=/_/_/_/
 :: Spring Boot ::        (v2.1.7.RELEASE)

2021-04-05 07:59:23.542  INFO 16172 --- [    Test worker] c.a.m.s.web.HelloControllerTest          : Starting HelloControllerTest on DESKTOP-5G2C5JO with PID 16172 (started by KIMSG in C:\Users\KIMSG\Desktop\code\인텔리제이+aws\alone00)
2021-04-05 07:59:23.542  INFO 16172 --- [    Test worker] c.a.m.s.web.HelloControllerTest          : The following profiles are active: oauth
2021-04-05 07:59:24.285  INFO 16172 --- [    Test worker] o.s.s.concurrent.ThreadPoolTaskExecutor  : Initializing ExecutorService 'applicationTaskExecutor'
2021-04-05 07:59:24.324  INFO 16172 --- [    Test worker] o.s.b.a.w.s.WelcomePageHandlerMapping    : Adding welcome page template: index
2021-04-05 07:59:24.592  INFO 16172 --- [    Test worker] .s.s.UserDetailsServiceAutoConfiguration : 

Using generated security password: 4a301ad6-87e4-48d6-8433-b0836a922232

2021-04-05 07:59:24.741  INFO 16172 --- [    Test worker] o.s.s.web.DefaultSecurityFilterChain     : Creating filter chain: any request, [org.springframework.security.web.context.request.async.WebAsyncManagerIntegrationFilter@17e6e338, org.springframework.security.web.context.SecurityContextPersistenceFilter@66195b84, org.springframework.security.web.header.HeaderWriterFilter@1ba717a6, org.springframework.security.web.csrf.CsrfFilter@5c060b7e, org.springframework.security.web.authentication.logout.LogoutFilter@402a88b7, org.springframework.security.web.authentication.UsernamePasswordAuthenticationFilter@75732cec, org.springframework.security.web.authentication.ui.DefaultLoginPageGeneratingFilter@61bc5a9, org.springframework.security.web.authentication.ui.DefaultLogoutPageGeneratingFilter@35fd7bcb, org.springframework.security.web.authentication.www.BasicAuthenticationFilter@6c5c0b08, org.springframework.security.web.savedrequest.RequestCacheAwareFilter@67e47212, org.springframework.security.web.servletapi.SecurityContextHolderAwareRequestFilter@44dd536f, org.springframework.security.web.authentication.AnonymousAuthenticationFilter@39f52237, org.springframework.security.web.session.SessionManagementFilter@7716b257, org.springframework.security.web.access.ExceptionTranslationFilter@b0299c, org.springframework.security.web.access.intercept.FilterSecurityInterceptor@4cd2366b]
2021-04-05 07:59:24.761  INFO 16172 --- [    Test worker] o.s.b.t.m.w.SpringBootMockServletContext : Initializing Spring TestDispatcherServlet ''
2021-04-05 07:59:24.761  INFO 16172 --- [    Test worker] o.s.t.web.servlet.TestDispatcherServlet  : Initializing Servlet ''
2021-04-05 07:59:24.771  INFO 16172 --- [    Test worker] o.s.t.web.servlet.TestDispatcherServlet  : Completed initialization in 10 ms
2021-04-05 07:59:24.799  INFO 16172 --- [    Test worker] c.a.m.s.web.HelloControllerTest          : Started HelloControllerTest in 1.326 seconds (JVM running for 15.257)
악....시바라루짱시바라루짱시바라루짱시바라루짱
]]></system-out>
  <system-err><![CDATA[]]></system-err>
</testsuite>
