<?xml version="1.0" encoding="UTF-8"?>
<testsuite name="com.alone.my.springboot.web.HelloControllerTest" tests="2" skipped="0" failures="0" errors="0" timestamp="2021-04-02T20:03:31" hostname="DESKTOP-5G2C5JO" time="0.117">
  <properties/>
  <testcase name="hello가_리턴된다" classname="com.alone.my.springboot.web.HelloControllerTest" time="0.026"/>
  <testcase name="helloDto가_리턴된다" classname="com.alone.my.springboot.web.HelloControllerTest" time="0.09"/>
  <system-out><![CDATA[2021-04-03 05:03:30.818  INFO 9504 --- [    Test worker] .b.t.a.w.s.WebMvcTestContextBootstrapper : Neither @ContextConfiguration nor @ContextHierarchy found for test class [com.alone.my.springboot.web.HelloControllerTest], using SpringBootContextLoader
2021-04-03 05:03:30.819  INFO 9504 --- [    Test worker] o.s.t.c.support.AbstractContextLoader    : Could not detect default resource locations for test class [com.alone.my.springboot.web.HelloControllerTest]: no resource found for suffixes {-context.xml, Context.groovy}.
2021-04-03 05:03:30.819  INFO 9504 --- [    Test worker] t.c.s.AnnotationConfigContextLoaderUtils : Could not detect default configuration classes for test class [com.alone.my.springboot.web.HelloControllerTest]: HelloControllerTest does not declare any static, non-private, non-final, nested classes annotated with @Configuration.
2021-04-03 05:03:30.835  INFO 9504 --- [    Test worker] .b.t.c.SpringBootTestContextBootstrapper : Found @SpringBootConfiguration com.alone.my.springboot.Application for test class com.alone.my.springboot.web.HelloControllerTest
2021-04-03 05:03:30.836  INFO 9504 --- [    Test worker] .b.t.a.w.s.WebMvcTestContextBootstrapper : Loaded default TestExecutionListener class names from location [META-INF/spring.factories]: [org.springframework.security.test.context.support.WithSecurityContextTestExecutionListener, org.springframework.security.test.context.support.ReactorContextTestExecutionListener, org.springframework.boot.test.autoconfigure.restdocs.RestDocsTestExecutionListener, org.springframework.boot.test.autoconfigure.web.client.MockRestServiceServerResetTestExecutionListener, org.springframework.boot.test.autoconfigure.web.servlet.MockMvcPrintOnlyOnFailureTestExecutionListener, org.springframework.boot.test.autoconfigure.web.servlet.WebDriverTestExecutionListener, org.springframework.boot.test.mock.mockito.MockitoTestExecutionListener, org.springframework.boot.test.mock.mockito.ResetMocksTestExecutionListener, org.springframework.test.context.web.ServletTestExecutionListener, org.springframework.test.context.support.DirtiesContextBeforeModesTestExecutionListener, org.springframework.test.context.support.DependencyInjectionTestExecutionListener, org.springframework.test.context.support.DirtiesContextTestExecutionListener, org.springframework.test.context.transaction.TransactionalTestExecutionListener, org.springframework.test.context.jdbc.SqlScriptsTestExecutionListener]
2021-04-03 05:03:30.838  INFO 9504 --- [    Test worker] .b.t.a.w.s.WebMvcTestContextBootstrapper : Using TestExecutionListeners: [org.springframework.test.context.web.ServletTestExecutionListener@631d01cc, org.springframework.test.context.support.DirtiesContextBeforeModesTestExecutionListener@64866bce, org.springframework.boot.test.mock.mockito.MockitoTestExecutionListener@6517acff, org.springframework.boot.test.autoconfigure.SpringBootDependencyInjectionTestExecutionListener@5868690e, org.springframework.test.context.support.DirtiesContextTestExecutionListener@53f000ae, org.springframework.test.context.transaction.TransactionalTestExecutionListener@47fc905, org.springframework.test.context.jdbc.SqlScriptsTestExecutionListener@5cd7ed21, org.springframework.security.test.context.support.WithSecurityContextTestExecutionListener@476ccfac, org.springframework.security.test.context.support.ReactorContextTestExecutionListener@144a429f, org.springframework.boot.test.autoconfigure.restdocs.RestDocsTestExecutionListener@6e8786f2, org.springframework.boot.test.autoconfigure.web.client.MockRestServiceServerResetTestExecutionListener@d5ad0e6, org.springframework.boot.test.autoconfigure.web.servlet.MockMvcPrintOnlyOnFailureTestExecutionListener@2c6a6f4e, org.springframework.boot.test.autoconfigure.web.servlet.WebDriverTestExecutionListener@6af28ee6, org.springframework.boot.test.mock.mockito.ResetMocksTestExecutionListener@3810355c]

  .   ____          _            __ _ _
 /\\ / ___'_ __ _ _(_)_ __  __ _ \ \ \ \
( ( )\___ | '_ | '_| | '_ \/ _` | \ \ \ \
 \\/  ___)| |_)| | | | | || (_| |  ) ) ) )
  '  |____| .__|_| |_|_| |_\__, | / / / /
 =========|_|==============|___/=/_/_/_/
 :: Spring Boot ::        (v2.1.7.RELEASE)

2021-04-03 05:03:30.884  INFO 9504 --- [    Test worker] c.a.m.s.web.HelloControllerTest          : Starting HelloControllerTest on DESKTOP-5G2C5JO with PID 9504 (started by KIMSG in C:\Users\KIMSG\Desktop\code\인텔리제이+aws\alone00)
2021-04-03 05:03:30.885  INFO 9504 --- [    Test worker] c.a.m.s.web.HelloControllerTest          : The following profiles are active: default
2021-04-03 05:03:31.295  INFO 9504 --- [    Test worker] o.s.s.concurrent.ThreadPoolTaskExecutor  : Initializing ExecutorService 'applicationTaskExecutor'
2021-04-03 05:03:31.327  INFO 9504 --- [    Test worker] o.s.b.a.w.s.WelcomePageHandlerMapping    : Adding welcome page template: index
2021-04-03 05:03:31.548  INFO 9504 --- [    Test worker] .s.s.UserDetailsServiceAutoConfiguration : 

Using generated security password: 88833b4f-2de6-464c-9e38-0ccccb14423e

2021-04-03 05:03:31.730  INFO 9504 --- [    Test worker] o.s.s.web.DefaultSecurityFilterChain     : Creating filter chain: any request, [org.springframework.security.web.context.request.async.WebAsyncManagerIntegrationFilter@558c5cee, org.springframework.security.web.context.SecurityContextPersistenceFilter@14ca3d4e, org.springframework.security.web.header.HeaderWriterFilter@73682b18, org.springframework.security.web.csrf.CsrfFilter@6a6960ae, org.springframework.security.web.authentication.logout.LogoutFilter@7f8336e9, org.springframework.security.web.authentication.UsernamePasswordAuthenticationFilter@32e12681, org.springframework.security.web.authentication.ui.DefaultLoginPageGeneratingFilter@1e4b40a6, org.springframework.security.web.authentication.ui.DefaultLogoutPageGeneratingFilter@6e2c0892, org.springframework.security.web.authentication.www.BasicAuthenticationFilter@185dfad1, org.springframework.security.web.savedrequest.RequestCacheAwareFilter@545a77df, org.springframework.security.web.servletapi.SecurityContextHolderAwareRequestFilter@66d8a6a7, org.springframework.security.web.authentication.AnonymousAuthenticationFilter@1950ecf4, org.springframework.security.web.session.SessionManagementFilter@52a549cb, org.springframework.security.web.access.ExceptionTranslationFilter@60141890, org.springframework.security.web.access.intercept.FilterSecurityInterceptor@41256615]
2021-04-03 05:03:31.752  INFO 9504 --- [    Test worker] o.s.b.t.m.w.SpringBootMockServletContext : Initializing Spring TestDispatcherServlet ''
2021-04-03 05:03:31.752  INFO 9504 --- [    Test worker] o.s.t.web.servlet.TestDispatcherServlet  : Initializing Servlet ''
2021-04-03 05:03:31.763  INFO 9504 --- [    Test worker] o.s.t.web.servlet.TestDispatcherServlet  : Completed initialization in 11 ms
2021-04-03 05:03:31.793  INFO 9504 --- [    Test worker] c.a.m.s.web.HelloControllerTest          : Started HelloControllerTest in 0.953 seconds (JVM running for 13.566)
악....시바라루짱시바라루짱시바라루짱시바라루짱
]]></system-out>
  <system-err><![CDATA[]]></system-err>
</testsuite>
