<?xml version="1.0" encoding="UTF-8"?>
<testsuite name="com.alone.my.springboot.web.IndexControllerTest" tests="1" skipped="0" failures="0" errors="0" timestamp="2021-03-31T05:14:28" hostname="DESKTOP-5G2C5JO" time="0.245">
  <properties/>
  <testcase name="메인페이지_로딩" classname="com.alone.my.springboot.web.IndexControllerTest" time="0.245"/>
  <system-out><![CDATA[2021-03-31 14:14:23.852  INFO 8228 --- [    Test worker] .b.t.c.SpringBootTestContextBootstrapper : Neither @ContextConfiguration nor @ContextHierarchy found for test class [com.alone.my.springboot.web.IndexControllerTest], using SpringBootContextLoader
2021-03-31 14:14:23.853  INFO 8228 --- [    Test worker] o.s.t.c.support.AbstractContextLoader    : Could not detect default resource locations for test class [com.alone.my.springboot.web.IndexControllerTest]: no resource found for suffixes {-context.xml, Context.groovy}.
2021-03-31 14:14:23.853  INFO 8228 --- [    Test worker] t.c.s.AnnotationConfigContextLoaderUtils : Could not detect default configuration classes for test class [com.alone.my.springboot.web.IndexControllerTest]: IndexControllerTest does not declare any static, non-private, non-final, nested classes annotated with @Configuration.
2021-03-31 14:14:23.856  INFO 8228 --- [    Test worker] .b.t.c.SpringBootTestContextBootstrapper : Found @SpringBootConfiguration com.alone.my.springboot.Application for test class com.alone.my.springboot.web.IndexControllerTest
2021-03-31 14:14:23.857  INFO 8228 --- [    Test worker] .b.t.c.SpringBootTestContextBootstrapper : Loaded default TestExecutionListener class names from location [META-INF/spring.factories]: [org.springframework.security.test.context.support.WithSecurityContextTestExecutionListener, org.springframework.security.test.context.support.ReactorContextTestExecutionListener, org.springframework.boot.test.autoconfigure.restdocs.RestDocsTestExecutionListener, org.springframework.boot.test.autoconfigure.web.client.MockRestServiceServerResetTestExecutionListener, org.springframework.boot.test.autoconfigure.web.servlet.MockMvcPrintOnlyOnFailureTestExecutionListener, org.springframework.boot.test.autoconfigure.web.servlet.WebDriverTestExecutionListener, org.springframework.boot.test.mock.mockito.MockitoTestExecutionListener, org.springframework.boot.test.mock.mockito.ResetMocksTestExecutionListener, org.springframework.test.context.web.ServletTestExecutionListener, org.springframework.test.context.support.DirtiesContextBeforeModesTestExecutionListener, org.springframework.test.context.support.DependencyInjectionTestExecutionListener, org.springframework.test.context.support.DirtiesContextTestExecutionListener, org.springframework.test.context.transaction.TransactionalTestExecutionListener, org.springframework.test.context.jdbc.SqlScriptsTestExecutionListener]
2021-03-31 14:14:23.858  INFO 8228 --- [    Test worker] .b.t.c.SpringBootTestContextBootstrapper : Using TestExecutionListeners: [org.springframework.test.context.web.ServletTestExecutionListener@327363c4, org.springframework.test.context.support.DirtiesContextBeforeModesTestExecutionListener@2c15ddfe, org.springframework.boot.test.mock.mockito.MockitoTestExecutionListener@2e6c0640, org.springframework.boot.test.autoconfigure.SpringBootDependencyInjectionTestExecutionListener@32d2b34c, org.springframework.test.context.support.DirtiesContextTestExecutionListener@1b168b91, org.springframework.test.context.transaction.TransactionalTestExecutionListener@196e5f20, org.springframework.test.context.jdbc.SqlScriptsTestExecutionListener@577e144b, org.springframework.security.test.context.support.WithSecurityContextTestExecutionListener@7011953b, org.springframework.security.test.context.support.ReactorContextTestExecutionListener@5ff4c2ab, org.springframework.boot.test.autoconfigure.restdocs.RestDocsTestExecutionListener@3488012a, org.springframework.boot.test.autoconfigure.web.client.MockRestServiceServerResetTestExecutionListener@137387bc, org.springframework.boot.test.autoconfigure.web.servlet.MockMvcPrintOnlyOnFailureTestExecutionListener@6fb760a4, org.springframework.boot.test.autoconfigure.web.servlet.WebDriverTestExecutionListener@16af0663, org.springframework.boot.test.mock.mockito.ResetMocksTestExecutionListener@62dad4cd]

  .   ____          _            __ _ _
 /\\ / ___'_ __ _ _(_)_ __  __ _ \ \ \ \
( ( )\___ | '_ | '_| | '_ \/ _` | \ \ \ \
 \\/  ___)| |_)| | | | | || (_| |  ) ) ) )
  '  |____| .__|_| |_|_| |_\__, | / / / /
 =========|_|==============|___/=/_/_/_/
 :: Spring Boot ::        (v2.1.7.RELEASE)

2021-03-31 14:14:23.978  INFO 8228 --- [    Test worker] c.a.m.s.web.IndexControllerTest          : Starting IndexControllerTest on DESKTOP-5G2C5JO with PID 8228 (started by KIMSG in C:\Users\KIMSG\Desktop\code\인텔리제이+aws\alone00)
2021-03-31 14:14:23.978  INFO 8228 --- [    Test worker] c.a.m.s.web.IndexControllerTest          : The following profiles are active: oauth
2021-03-31 14:14:24.387  INFO 8228 --- [    Test worker] .s.d.r.c.RepositoryConfigurationDelegate : Bootstrapping Spring Data repositories in DEFAULT mode.
2021-03-31 14:14:24.444  INFO 8228 --- [    Test worker] .s.d.r.c.RepositoryConfigurationDelegate : Finished Spring Data repository scanning in 56ms. Found 2 repository interfaces.
2021-03-31 14:14:24.581  INFO 8228 --- [    Test worker] trationDelegate$BeanPostProcessorChecker : Bean 'org.springframework.transaction.annotation.ProxyTransactionManagementConfiguration' of type [org.springframework.transaction.annotation.ProxyTransactionManagementConfiguration$$EnhancerBySpringCGLIB$$8045fc01] is not eligible for getting processed by all BeanPostProcessors (for example: not eligible for auto-proxying)
2021-03-31 14:14:24.932  INFO 8228 --- [    Test worker] o.s.b.w.embedded.tomcat.TomcatWebServer  : Tomcat initialized with port(s): 0 (http)
2021-03-31 14:14:24.962  INFO 8228 --- [    Test worker] o.apache.catalina.core.StandardService   : Starting service [Tomcat]
2021-03-31 14:14:24.963  INFO 8228 --- [    Test worker] org.apache.catalina.core.StandardEngine  : Starting Servlet engine: [Apache Tomcat/9.0.22]
2021-03-31 14:14:24.975  INFO 8228 --- [    Test worker] o.a.catalina.core.AprLifecycleListener   : An older version [1.2.14] of the APR based Apache Tomcat Native library is installed, while Tomcat recommends a minimum version of [1.2.23]
2021-03-31 14:14:24.976  INFO 8228 --- [    Test worker] o.a.catalina.core.AprLifecycleListener   : Loaded APR based Apache Tomcat Native library [1.2.14] using APR version [1.6.2].
2021-03-31 14:14:24.976  INFO 8228 --- [    Test worker] o.a.catalina.core.AprLifecycleListener   : APR capabilities: IPv6 [true], sendfile [true], accept filters [false], random [true].
2021-03-31 14:14:24.976  INFO 8228 --- [    Test worker] o.a.catalina.core.AprLifecycleListener   : APR/OpenSSL configuration: useAprConnector [false], useOpenSSL [true]
2021-03-31 14:14:26.124  INFO 8228 --- [    Test worker] o.a.catalina.core.AprLifecycleListener   : OpenSSL successfully initialized [OpenSSL 1.0.2l  25 May 2017]
2021-03-31 14:14:26.289  INFO 8228 --- [    Test worker] o.a.c.c.C.[Tomcat].[localhost].[/]       : Initializing Spring embedded WebApplicationContext
2021-03-31 14:14:26.289  INFO 8228 --- [    Test worker] o.s.web.context.ContextLoader            : Root WebApplicationContext: initialization completed in 2309 ms
2021-03-31 14:14:26.464  INFO 8228 --- [    Test worker] com.zaxxer.hikari.HikariDataSource       : HikariPool-2 - Starting...
2021-03-31 14:14:26.467  INFO 8228 --- [    Test worker] com.zaxxer.hikari.HikariDataSource       : HikariPool-2 - Start completed.
2021-03-31 14:14:26.509  INFO 8228 --- [    Test worker] o.hibernate.jpa.internal.util.LogHelper  : HHH000204: Processing PersistenceUnitInfo [
	name: default
	...]
2021-03-31 14:14:26.524  INFO 8228 --- [    Test worker] org.hibernate.dialect.Dialect            : HHH000400: Using dialect: org.hibernate.dialect.MySQL5InnoDBDialect
Hibernate: drop table if exists posts
Hibernate: drop table if exists user
Hibernate: create table posts (id bigint not null auto_increment, created_date datetime, modified_date datetime, author varchar(255), content TEXT not null, title varchar(500) not null, primary key (id)) engine=InnoDB
Hibernate: create table user (id bigint not null auto_increment, created_date datetime, modified_date datetime, email varchar(255) not null, name varchar(255) not null, picture varchar(255), role varchar(255) not null, primary key (id)) engine=InnoDB
2021-03-31 14:14:26.616  INFO 8228 --- [    Test worker] o.h.t.schema.internal.SchemaCreatorImpl  : HHH000476: Executing import script 'org.hibernate.tool.schema.internal.exec.ScriptSourceInputNonExistentImpl@6468baa2'
2021-03-31 14:14:26.619  INFO 8228 --- [    Test worker] j.LocalContainerEntityManagerFactoryBean : Initialized JPA EntityManagerFactory for persistence unit 'default'
2021-03-31 14:14:26.948  INFO 8228 --- [    Test worker] o.h.h.i.QueryTranslatorFactoryInitiator  : HHH000397: Using ASTQueryTranslatorFactory
2021-03-31 14:14:27.117  INFO 8228 --- [    Test worker] o.s.s.web.DefaultSecurityFilterChain     : Creating filter chain: any request, [org.springframework.security.web.context.request.async.WebAsyncManagerIntegrationFilter@6bf42aac, org.springframework.security.web.context.SecurityContextPersistenceFilter@42a091cc, org.springframework.security.web.header.HeaderWriterFilter@58cf7919, org.springframework.security.web.authentication.logout.LogoutFilter@adb0891, org.springframework.security.oauth2.client.web.OAuth2AuthorizationRequestRedirectFilter@32d84861, org.springframework.security.oauth2.client.web.OAuth2LoginAuthenticationFilter@447eb4e9, org.springframework.security.web.authentication.ui.DefaultLoginPageGeneratingFilter@4c33ce2a, org.springframework.security.web.authentication.ui.DefaultLogoutPageGeneratingFilter@50b27340, org.springframework.security.web.savedrequest.RequestCacheAwareFilter@3917e208, org.springframework.security.web.servletapi.SecurityContextHolderAwareRequestFilter@1a334382, org.springframework.security.web.authentication.AnonymousAuthenticationFilter@2059b277, org.springframework.security.web.session.SessionManagementFilter@6997f826, org.springframework.security.web.access.ExceptionTranslationFilter@53351f37, org.springframework.security.web.access.intercept.FilterSecurityInterceptor@1874713b]
2021-03-31 14:14:27.477  INFO 8228 --- [    Test worker] o.s.s.concurrent.ThreadPoolTaskExecutor  : Initializing ExecutorService 'applicationTaskExecutor'
2021-03-31 14:14:27.518  WARN 8228 --- [    Test worker] aWebConfiguration$JpaWebMvcConfiguration : spring.jpa.open-in-view is enabled by default. Therefore, database queries may be performed during view rendering. Explicitly configure spring.jpa.open-in-view to disable this warning
2021-03-31 14:14:27.556  INFO 8228 --- [    Test worker] o.s.b.a.w.s.WelcomePageHandlerMapping    : Adding welcome page template: index
2021-03-31 14:14:27.985  INFO 8228 --- [    Test worker] s.a.ScheduledAnnotationBeanPostProcessor : No TaskScheduler/ScheduledExecutorService bean found for scheduled processing
2021-03-31 14:14:28.005  INFO 8228 --- [    Test worker] o.s.b.w.embedded.tomcat.TomcatWebServer  : Tomcat started on port(s): 4895 (http) with context path ''
2021-03-31 14:14:28.006  INFO 8228 --- [    Test worker] c.a.m.s.web.IndexControllerTest          : Started IndexControllerTest in 4.146 seconds (JVM running for 17.181)
2021-03-31 14:14:28.111  INFO 8228 --- [o-auto-1-exec-1] o.a.c.c.C.[Tomcat].[localhost].[/]       : Initializing Spring DispatcherServlet 'dispatcherServlet'
2021-03-31 14:14:28.112  INFO 8228 --- [o-auto-1-exec-1] o.s.web.servlet.DispatcherServlet        : Initializing Servlet 'dispatcherServlet'
2021-03-31 14:14:28.130  INFO 8228 --- [o-auto-1-exec-1] o.s.web.servlet.DispatcherServlet        : Completed initialization in 18 ms
Hibernate: select posts0_.id as id1_0_, posts0_.created_date as created_2_0_, posts0_.modified_date as modified3_0_, posts0_.author as author4_0_, posts0_.content as content5_0_, posts0_.title as title6_0_ from posts posts0_ order by posts0_.id DESC
]]></system-out>
  <system-err><![CDATA[]]></system-err>
</testsuite>
