<?xml version="1.0" encoding="UTF-8"?>
<testsuite name="com.alone.my.springboot.web.HelloControllerTest" tests="2" skipped="0" failures="0" errors="0" timestamp="2021-04-01T09:20:53" hostname="DESKTOP-5G2C5JO" time="0.281">
  <properties/>
  <testcase name="hello가_리턴된다" classname="com.alone.my.springboot.web.HelloControllerTest" time="0.083"/>
  <testcase name="helloDto가_리턴된다" classname="com.alone.my.springboot.web.HelloControllerTest" time="0.197"/>
  <system-out><![CDATA[2021-04-01 18:20:52.474  INFO 9852 --- [    Test worker] .b.t.a.w.s.WebMvcTestContextBootstrapper : Neither @ContextConfiguration nor @ContextHierarchy found for test class [com.alone.my.springboot.web.HelloControllerTest], using SpringBootContextLoader
2021-04-01 18:20:52.475  INFO 9852 --- [    Test worker] o.s.t.c.support.AbstractContextLoader    : Could not detect default resource locations for test class [com.alone.my.springboot.web.HelloControllerTest]: no resource found for suffixes {-context.xml, Context.groovy}.
2021-04-01 18:20:52.475  INFO 9852 --- [    Test worker] t.c.s.AnnotationConfigContextLoaderUtils : Could not detect default configuration classes for test class [com.alone.my.springboot.web.HelloControllerTest]: HelloControllerTest does not declare any static, non-private, non-final, nested classes annotated with @Configuration.
2021-04-01 18:20:52.502  INFO 9852 --- [    Test worker] .b.t.c.SpringBootTestContextBootstrapper : Found @SpringBootConfiguration com.alone.my.springboot.Application for test class com.alone.my.springboot.web.HelloControllerTest
2021-04-01 18:20:52.514  INFO 9852 --- [    Test worker] .b.t.a.w.s.WebMvcTestContextBootstrapper : Loaded default TestExecutionListener class names from location [META-INF/spring.factories]: [org.springframework.security.test.context.support.WithSecurityContextTestExecutionListener, org.springframework.security.test.context.support.ReactorContextTestExecutionListener, org.springframework.boot.test.autoconfigure.restdocs.RestDocsTestExecutionListener, org.springframework.boot.test.autoconfigure.web.client.MockRestServiceServerResetTestExecutionListener, org.springframework.boot.test.autoconfigure.web.servlet.MockMvcPrintOnlyOnFailureTestExecutionListener, org.springframework.boot.test.autoconfigure.web.servlet.WebDriverTestExecutionListener, org.springframework.boot.test.mock.mockito.MockitoTestExecutionListener, org.springframework.boot.test.mock.mockito.ResetMocksTestExecutionListener, org.springframework.test.context.web.ServletTestExecutionListener, org.springframework.test.context.support.DirtiesContextBeforeModesTestExecutionListener, org.springframework.test.context.support.DependencyInjectionTestExecutionListener, org.springframework.test.context.support.DirtiesContextTestExecutionListener, org.springframework.test.context.transaction.TransactionalTestExecutionListener, org.springframework.test.context.jdbc.SqlScriptsTestExecutionListener]
2021-04-01 18:20:52.516  INFO 9852 --- [    Test worker] .b.t.a.w.s.WebMvcTestContextBootstrapper : Using TestExecutionListeners: [org.springframework.test.context.web.ServletTestExecutionListener@6bbc3399, org.springframework.test.context.support.DirtiesContextBeforeModesTestExecutionListener@2dc7dd2d, org.springframework.boot.test.mock.mockito.MockitoTestExecutionListener@5db7e813, org.springframework.boot.test.autoconfigure.SpringBootDependencyInjectionTestExecutionListener@7cb6b847, org.springframework.test.context.support.DirtiesContextTestExecutionListener@761c6cb3, org.springframework.test.context.transaction.TransactionalTestExecutionListener@6521e9e8, org.springframework.test.context.jdbc.SqlScriptsTestExecutionListener@734722f, org.springframework.security.test.context.support.WithSecurityContextTestExecutionListener@4e89860e, org.springframework.security.test.context.support.ReactorContextTestExecutionListener@5be51298, org.springframework.boot.test.autoconfigure.restdocs.RestDocsTestExecutionListener@3161cea5, org.springframework.boot.test.autoconfigure.web.client.MockRestServiceServerResetTestExecutionListener@156067ac, org.springframework.boot.test.autoconfigure.web.servlet.MockMvcPrintOnlyOnFailureTestExecutionListener@175b3af8, org.springframework.boot.test.autoconfigure.web.servlet.WebDriverTestExecutionListener@64d99b59, org.springframework.boot.test.mock.mockito.ResetMocksTestExecutionListener@5bf27581]

  .   ____          _            __ _ _
 /\\ / ___'_ __ _ _(_)_ __  __ _ \ \ \ \
( ( )\___ | '_ | '_| | '_ \/ _` | \ \ \ \
 \\/  ___)| |_)| | | | | || (_| |  ) ) ) )
  '  |____| .__|_| |_|_| |_\__, | / / / /
 =========|_|==============|___/=/_/_/_/
 :: Spring Boot ::        (v2.1.7.RELEASE)

2021-04-01 18:20:52.562  INFO 9852 --- [    Test worker] c.a.m.s.web.HelloControllerTest          : Starting HelloControllerTest on DESKTOP-5G2C5JO with PID 9852 (started by KIMSG in C:\Users\KIMSG\Desktop\code\인텔리제이+aws\alone00)
2021-04-01 18:20:52.562  INFO 9852 --- [    Test worker] c.a.m.s.web.HelloControllerTest          : The following profiles are active: oauth
2021-04-01 18:20:53.159  INFO 9852 --- [    Test worker] o.s.s.concurrent.ThreadPoolTaskExecutor  : Initializing ExecutorService 'applicationTaskExecutor'
2021-04-01 18:20:53.190  INFO 9852 --- [    Test worker] o.s.b.a.w.s.WelcomePageHandlerMapping    : Adding welcome page template: index
2021-04-01 18:20:53.419  INFO 9852 --- [    Test worker] .s.s.UserDetailsServiceAutoConfiguration : 

Using generated security password: be84d9f7-ba90-4bde-bbe2-7e8971551d22

2021-04-01 18:20:53.562  INFO 9852 --- [    Test worker] o.s.s.web.DefaultSecurityFilterChain     : Creating filter chain: any request, [org.springframework.security.web.context.request.async.WebAsyncManagerIntegrationFilter@3f24ecd8, org.springframework.security.web.context.SecurityContextPersistenceFilter@40874c66, org.springframework.security.web.header.HeaderWriterFilter@45519b1d, org.springframework.security.web.csrf.CsrfFilter@7eb911, org.springframework.security.web.authentication.logout.LogoutFilter@ca1e857, org.springframework.security.web.authentication.UsernamePasswordAuthenticationFilter@684f1991, org.springframework.security.web.authentication.ui.DefaultLoginPageGeneratingFilter@3833dae9, org.springframework.security.web.authentication.ui.DefaultLogoutPageGeneratingFilter@260a1a6b, org.springframework.security.web.authentication.www.BasicAuthenticationFilter@33d45869, org.springframework.security.web.savedrequest.RequestCacheAwareFilter@51652394, org.springframework.security.web.servletapi.SecurityContextHolderAwareRequestFilter@18a5d3d6, org.springframework.security.web.authentication.AnonymousAuthenticationFilter@370c19d3, org.springframework.security.web.session.SessionManagementFilter@30920497, org.springframework.security.web.access.ExceptionTranslationFilter@10d02476, org.springframework.security.web.access.intercept.FilterSecurityInterceptor@5ee743aa]
2021-04-01 18:20:53.608  INFO 9852 --- [    Test worker] o.s.b.t.m.w.SpringBootMockServletContext : Initializing Spring TestDispatcherServlet ''
2021-04-01 18:20:53.608  INFO 9852 --- [    Test worker] o.s.t.web.servlet.TestDispatcherServlet  : Initializing Servlet ''
2021-04-01 18:20:53.621  INFO 9852 --- [    Test worker] o.s.t.web.servlet.TestDispatcherServlet  : Completed initialization in 13 ms
2021-04-01 18:20:53.650  INFO 9852 --- [    Test worker] c.a.m.s.web.HelloControllerTest          : Started HelloControllerTest in 1.131 seconds (JVM running for 11.372)
악....시바라루짱시바라루짱시바라루짱시바라루짱
]]></system-out>
  <system-err><![CDATA[]]></system-err>
</testsuite>
