<?xml version="1.0" encoding="UTF-8"?>
<testsuite name="com.alone.my.springboot.web.HelloControllerTest" tests="2" skipped="0" failures="0" errors="0" timestamp="2021-04-02T21:28:50" hostname="DESKTOP-5G2C5JO" time="0.164">
  <properties/>
  <testcase name="hello가_리턴된다" classname="com.alone.my.springboot.web.HelloControllerTest" time="0.07"/>
  <testcase name="helloDto가_리턴된다" classname="com.alone.my.springboot.web.HelloControllerTest" time="0.093"/>
  <system-out><![CDATA[2021-04-03 06:28:49.791  INFO 3904 --- [    Test worker] .b.t.a.w.s.WebMvcTestContextBootstrapper : Neither @ContextConfiguration nor @ContextHierarchy found for test class [com.alone.my.springboot.web.HelloControllerTest], using SpringBootContextLoader
2021-04-03 06:28:49.791  INFO 3904 --- [    Test worker] o.s.t.c.support.AbstractContextLoader    : Could not detect default resource locations for test class [com.alone.my.springboot.web.HelloControllerTest]: no resource found for suffixes {-context.xml, Context.groovy}.
2021-04-03 06:28:49.791  INFO 3904 --- [    Test worker] t.c.s.AnnotationConfigContextLoaderUtils : Could not detect default configuration classes for test class [com.alone.my.springboot.web.HelloControllerTest]: HelloControllerTest does not declare any static, non-private, non-final, nested classes annotated with @Configuration.
2021-04-03 06:28:49.807  INFO 3904 --- [    Test worker] .b.t.c.SpringBootTestContextBootstrapper : Found @SpringBootConfiguration com.alone.my.springboot.Application for test class com.alone.my.springboot.web.HelloControllerTest
2021-04-03 06:28:49.807  INFO 3904 --- [    Test worker] .b.t.a.w.s.WebMvcTestContextBootstrapper : Loaded default TestExecutionListener class names from location [META-INF/spring.factories]: [org.springframework.security.test.context.support.WithSecurityContextTestExecutionListener, org.springframework.security.test.context.support.ReactorContextTestExecutionListener, org.springframework.boot.test.autoconfigure.restdocs.RestDocsTestExecutionListener, org.springframework.boot.test.autoconfigure.web.client.MockRestServiceServerResetTestExecutionListener, org.springframework.boot.test.autoconfigure.web.servlet.MockMvcPrintOnlyOnFailureTestExecutionListener, org.springframework.boot.test.autoconfigure.web.servlet.WebDriverTestExecutionListener, org.springframework.boot.test.mock.mockito.MockitoTestExecutionListener, org.springframework.boot.test.mock.mockito.ResetMocksTestExecutionListener, org.springframework.test.context.web.ServletTestExecutionListener, org.springframework.test.context.support.DirtiesContextBeforeModesTestExecutionListener, org.springframework.test.context.support.DependencyInjectionTestExecutionListener, org.springframework.test.context.support.DirtiesContextTestExecutionListener, org.springframework.test.context.transaction.TransactionalTestExecutionListener, org.springframework.test.context.jdbc.SqlScriptsTestExecutionListener]
2021-04-03 06:28:49.807  INFO 3904 --- [    Test worker] .b.t.a.w.s.WebMvcTestContextBootstrapper : Using TestExecutionListeners: [org.springframework.test.context.web.ServletTestExecutionListener@6468e6af, org.springframework.test.context.support.DirtiesContextBeforeModesTestExecutionListener@3ba457f7, org.springframework.boot.test.mock.mockito.MockitoTestExecutionListener@6c637186, org.springframework.boot.test.autoconfigure.SpringBootDependencyInjectionTestExecutionListener@63e2f0eb, org.springframework.test.context.support.DirtiesContextTestExecutionListener@401c3fa6, org.springframework.test.context.transaction.TransactionalTestExecutionListener@599ed3bd, org.springframework.test.context.jdbc.SqlScriptsTestExecutionListener@2e067649, org.springframework.security.test.context.support.WithSecurityContextTestExecutionListener@5a17beca, org.springframework.security.test.context.support.ReactorContextTestExecutionListener@7bd75b21, org.springframework.boot.test.autoconfigure.restdocs.RestDocsTestExecutionListener@547b6cdd, org.springframework.boot.test.autoconfigure.web.client.MockRestServiceServerResetTestExecutionListener@49d2fc25, org.springframework.boot.test.autoconfigure.web.servlet.MockMvcPrintOnlyOnFailureTestExecutionListener@2ed4ea3b, org.springframework.boot.test.autoconfigure.web.servlet.WebDriverTestExecutionListener@6f1bb293, org.springframework.boot.test.mock.mockito.ResetMocksTestExecutionListener@60093629]

  .   ____          _            __ _ _
 /\\ / ___'_ __ _ _(_)_ __  __ _ \ \ \ \
( ( )\___ | '_ | '_| | '_ \/ _` | \ \ \ \
 \\/  ___)| |_)| | | | | || (_| |  ) ) ) )
  '  |____| .__|_| |_|_| |_\__, | / / / /
 =========|_|==============|___/=/_/_/_/
 :: Spring Boot ::        (v2.1.7.RELEASE)

2021-04-03 06:28:49.854  INFO 3904 --- [    Test worker] c.a.m.s.web.HelloControllerTest          : Starting HelloControllerTest on DESKTOP-5G2C5JO with PID 3904 (started by KIMSG in C:\Users\KIMSG\Desktop\code\인텔리제이+aws\alone00)
2021-04-03 06:28:49.854  INFO 3904 --- [    Test worker] c.a.m.s.web.HelloControllerTest          : The following profiles are active: oauth
2021-04-03 06:28:50.323  INFO 3904 --- [    Test worker] o.s.s.concurrent.ThreadPoolTaskExecutor  : Initializing ExecutorService 'applicationTaskExecutor'
2021-04-03 06:28:50.355  INFO 3904 --- [    Test worker] o.s.b.a.w.s.WelcomePageHandlerMapping    : Adding welcome page template: index
2021-04-03 06:28:50.589  INFO 3904 --- [    Test worker] .s.s.UserDetailsServiceAutoConfiguration : 

Using generated security password: d5cea96d-8de2-40cd-8319-17c09bf9972a

2021-04-03 06:28:50.730  INFO 3904 --- [    Test worker] o.s.s.web.DefaultSecurityFilterChain     : Creating filter chain: any request, [org.springframework.security.web.context.request.async.WebAsyncManagerIntegrationFilter@7ea22968, org.springframework.security.web.context.SecurityContextPersistenceFilter@75779e7e, org.springframework.security.web.header.HeaderWriterFilter@278fd5fc, org.springframework.security.web.csrf.CsrfFilter@7c887b43, org.springframework.security.web.authentication.logout.LogoutFilter@17971c7b, org.springframework.security.web.authentication.UsernamePasswordAuthenticationFilter@381f901b, org.springframework.security.web.authentication.ui.DefaultLoginPageGeneratingFilter@4f85ec16, org.springframework.security.web.authentication.ui.DefaultLogoutPageGeneratingFilter@2f0f3581, org.springframework.security.web.authentication.www.BasicAuthenticationFilter@26dda451, org.springframework.security.web.savedrequest.RequestCacheAwareFilter@19101955, org.springframework.security.web.servletapi.SecurityContextHolderAwareRequestFilter@40691fbe, org.springframework.security.web.authentication.AnonymousAuthenticationFilter@64bbe31d, org.springframework.security.web.session.SessionManagementFilter@1862e02d, org.springframework.security.web.access.ExceptionTranslationFilter@355b2a17, org.springframework.security.web.access.intercept.FilterSecurityInterceptor@5ad1882d]
2021-04-03 06:28:50.761  INFO 3904 --- [    Test worker] o.s.b.t.m.w.SpringBootMockServletContext : Initializing Spring TestDispatcherServlet ''
2021-04-03 06:28:50.761  INFO 3904 --- [    Test worker] o.s.t.web.servlet.TestDispatcherServlet  : Initializing Servlet ''
2021-04-03 06:28:50.777  INFO 3904 --- [    Test worker] o.s.t.web.servlet.TestDispatcherServlet  : Completed initialization in 16 ms
2021-04-03 06:28:50.808  INFO 3904 --- [    Test worker] c.a.m.s.web.HelloControllerTest          : Started HelloControllerTest in 1.001 seconds (JVM running for 8.292)
악....시바라루짱시바라루짱시바라루짱시바라루짱
]]></system-out>
  <system-err><![CDATA[]]></system-err>
</testsuite>
