<?xml version="1.0" encoding="UTF-8"?>
<testsuite name="com.alone.my.springboot.web.PostsApiControllerTest" tests="2" skipped="0" failures="0" errors="0" timestamp="2021-04-02T20:35:59" hostname="DESKTOP-5G2C5JO" time="0.142">
  <properties/>
  <testcase name="Posts_등록된다" classname="com.alone.my.springboot.web.PostsApiControllerTest" time="0.114"/>
  <testcase name="Posts_수정된다" classname="com.alone.my.springboot.web.PostsApiControllerTest" time="0.027"/>
  <system-out><![CDATA[2021-04-03 05:35:59.955  INFO 14732 --- [    Test worker] .b.t.c.SpringBootTestContextBootstrapper : Neither @ContextConfiguration nor @ContextHierarchy found for test class [com.alone.my.springboot.web.PostsApiControllerTest], using SpringBootContextLoader
2021-04-03 05:35:59.955  INFO 14732 --- [    Test worker] o.s.t.c.support.AbstractContextLoader    : Could not detect default resource locations for test class [com.alone.my.springboot.web.PostsApiControllerTest]: no resource found for suffixes {-context.xml, Context.groovy}.
2021-04-03 05:35:59.955  INFO 14732 --- [    Test worker] t.c.s.AnnotationConfigContextLoaderUtils : Could not detect default configuration classes for test class [com.alone.my.springboot.web.PostsApiControllerTest]: PostsApiControllerTest does not declare any static, non-private, non-final, nested classes annotated with @Configuration.
2021-04-03 05:35:59.955  INFO 14732 --- [    Test worker] .b.t.c.SpringBootTestContextBootstrapper : Found @SpringBootConfiguration com.alone.my.springboot.Application for test class com.alone.my.springboot.web.PostsApiControllerTest
2021-04-03 05:35:59.955  INFO 14732 --- [    Test worker] .b.t.c.SpringBootTestContextBootstrapper : Loaded default TestExecutionListener class names from location [META-INF/spring.factories]: [org.springframework.security.test.context.support.WithSecurityContextTestExecutionListener, org.springframework.security.test.context.support.ReactorContextTestExecutionListener, org.springframework.boot.test.autoconfigure.restdocs.RestDocsTestExecutionListener, org.springframework.boot.test.autoconfigure.web.client.MockRestServiceServerResetTestExecutionListener, org.springframework.boot.test.autoconfigure.web.servlet.MockMvcPrintOnlyOnFailureTestExecutionListener, org.springframework.boot.test.autoconfigure.web.servlet.WebDriverTestExecutionListener, org.springframework.boot.test.mock.mockito.MockitoTestExecutionListener, org.springframework.boot.test.mock.mockito.ResetMocksTestExecutionListener, org.springframework.test.context.web.ServletTestExecutionListener, org.springframework.test.context.support.DirtiesContextBeforeModesTestExecutionListener, org.springframework.test.context.support.DependencyInjectionTestExecutionListener, org.springframework.test.context.support.DirtiesContextTestExecutionListener, org.springframework.test.context.transaction.TransactionalTestExecutionListener, org.springframework.test.context.jdbc.SqlScriptsTestExecutionListener]
2021-04-03 05:35:59.955  INFO 14732 --- [    Test worker] .b.t.c.SpringBootTestContextBootstrapper : Using TestExecutionListeners: [org.springframework.test.context.web.ServletTestExecutionListener@375fe0bc, org.springframework.test.context.support.DirtiesContextBeforeModesTestExecutionListener@2f9ffc3b, org.springframework.boot.test.mock.mockito.MockitoTestExecutionListener@16b6c88a, org.springframework.boot.test.autoconfigure.SpringBootDependencyInjectionTestExecutionListener@18dcaf8b, org.springframework.test.context.support.DirtiesContextTestExecutionListener@504ee62c, org.springframework.test.context.transaction.TransactionalTestExecutionListener@60b63a, org.springframework.test.context.jdbc.SqlScriptsTestExecutionListener@20b2dc24, org.springframework.security.test.context.support.WithSecurityContextTestExecutionListener@5d6f8f4e, org.springframework.security.test.context.support.ReactorContextTestExecutionListener@7a377d49, org.springframework.boot.test.autoconfigure.restdocs.RestDocsTestExecutionListener@7fe3c553, org.springframework.boot.test.autoconfigure.web.client.MockRestServiceServerResetTestExecutionListener@49066577, org.springframework.boot.test.autoconfigure.web.servlet.MockMvcPrintOnlyOnFailureTestExecutionListener@683296e6, org.springframework.boot.test.autoconfigure.web.servlet.WebDriverTestExecutionListener@292e639c, org.springframework.boot.test.mock.mockito.ResetMocksTestExecutionListener@4886f2b7]
2021-04-03 05:35:59.971  INFO 14732 --- [    Test worker] o.a.c.c.C.[Tomcat].[localhost].[/]       : Initializing Spring TestDispatcherServlet ''
2021-04-03 05:35:59.971  INFO 14732 --- [    Test worker] o.s.t.web.servlet.TestDispatcherServlet  : Initializing Servlet ''
2021-04-03 05:35:59.971  INFO 14732 --- [    Test worker] o.s.t.web.servlet.TestDispatcherServlet  : Completed initialization in 0 ms
Hibernate: insert into posts (created_date, modified_date, author, content, title) values (?, ?, ?, ?, ?)
Hibernate: select posts0_.id as id1_0_, posts0_.created_date as created_2_0_, posts0_.modified_date as modified3_0_, posts0_.author as author4_0_, posts0_.content as content5_0_, posts0_.title as title6_0_ from posts posts0_
Hibernate: select posts0_.id as id1_0_, posts0_.created_date as created_2_0_, posts0_.modified_date as modified3_0_, posts0_.author as author4_0_, posts0_.content as content5_0_, posts0_.title as title6_0_ from posts posts0_
Hibernate: delete from posts where id=?
2021-04-03 05:36:00.080  INFO 14732 --- [    Test worker] o.a.c.c.C.[Tomcat].[localhost].[/]       : Initializing Spring TestDispatcherServlet ''
2021-04-03 05:36:00.080  INFO 14732 --- [    Test worker] o.s.t.web.servlet.TestDispatcherServlet  : Initializing Servlet ''
2021-04-03 05:36:00.080  INFO 14732 --- [    Test worker] o.s.t.web.servlet.TestDispatcherServlet  : Completed initialization in 0 ms
Hibernate: insert into posts (created_date, modified_date, author, content, title) values (?, ?, ?, ?, ?)
Hibernate: select posts0_.id as id1_0_0_, posts0_.created_date as created_2_0_0_, posts0_.modified_date as modified3_0_0_, posts0_.author as author4_0_0_, posts0_.content as content5_0_0_, posts0_.title as title6_0_0_ from posts posts0_ where posts0_.id=?
Hibernate: update posts set created_date=?, modified_date=?, author=?, content=?, title=? where id=?
Hibernate: select posts0_.id as id1_0_, posts0_.created_date as created_2_0_, posts0_.modified_date as modified3_0_, posts0_.author as author4_0_, posts0_.content as content5_0_, posts0_.title as title6_0_ from posts posts0_
Hibernate: select posts0_.id as id1_0_, posts0_.created_date as created_2_0_, posts0_.modified_date as modified3_0_, posts0_.author as author4_0_, posts0_.content as content5_0_, posts0_.title as title6_0_ from posts posts0_
Hibernate: delete from posts where id=?
]]></system-out>
  <system-err><![CDATA[]]></system-err>
</testsuite>
