<?xml version="1.0" encoding="UTF-8"?>
<testsuite name="com.alone.my.springboot.web.IndexControllerTest" tests="1" skipped="0" failures="0" errors="0" timestamp="2021-04-02T21:15:51" hostname="DESKTOP-5G2C5JO" time="0.225">
  <properties/>
  <testcase name="메인페이지_로딩" classname="com.alone.my.springboot.web.IndexControllerTest" time="0.225"/>
  <system-out><![CDATA[2021-04-03 06:15:47.896  INFO 14968 --- [    Test worker] .b.t.c.SpringBootTestContextBootstrapper : Neither @ContextConfiguration nor @ContextHierarchy found for test class [com.alone.my.springboot.web.IndexControllerTest], using SpringBootContextLoader
2021-04-03 06:15:47.896  INFO 14968 --- [    Test worker] o.s.t.c.support.AbstractContextLoader    : Could not detect default resource locations for test class [com.alone.my.springboot.web.IndexControllerTest]: no resource found for suffixes {-context.xml, Context.groovy}.
2021-04-03 06:15:47.896  INFO 14968 --- [    Test worker] t.c.s.AnnotationConfigContextLoaderUtils : Could not detect default configuration classes for test class [com.alone.my.springboot.web.IndexControllerTest]: IndexControllerTest does not declare any static, non-private, non-final, nested classes annotated with @Configuration.
2021-04-03 06:15:47.896  INFO 14968 --- [    Test worker] .b.t.c.SpringBootTestContextBootstrapper : Found @SpringBootConfiguration com.alone.my.springboot.Application for test class com.alone.my.springboot.web.IndexControllerTest
2021-04-03 06:15:47.896  INFO 14968 --- [    Test worker] .b.t.c.SpringBootTestContextBootstrapper : Loaded default TestExecutionListener class names from location [META-INF/spring.factories]: [org.springframework.security.test.context.support.WithSecurityContextTestExecutionListener, org.springframework.security.test.context.support.ReactorContextTestExecutionListener, org.springframework.boot.test.autoconfigure.restdocs.RestDocsTestExecutionListener, org.springframework.boot.test.autoconfigure.web.client.MockRestServiceServerResetTestExecutionListener, org.springframework.boot.test.autoconfigure.web.servlet.MockMvcPrintOnlyOnFailureTestExecutionListener, org.springframework.boot.test.autoconfigure.web.servlet.WebDriverTestExecutionListener, org.springframework.boot.test.mock.mockito.MockitoTestExecutionListener, org.springframework.boot.test.mock.mockito.ResetMocksTestExecutionListener, org.springframework.test.context.web.ServletTestExecutionListener, org.springframework.test.context.support.DirtiesContextBeforeModesTestExecutionListener, org.springframework.test.context.support.DependencyInjectionTestExecutionListener, org.springframework.test.context.support.DirtiesContextTestExecutionListener, org.springframework.test.context.transaction.TransactionalTestExecutionListener, org.springframework.test.context.jdbc.SqlScriptsTestExecutionListener]
2021-04-03 06:15:47.896  INFO 14968 --- [    Test worker] .b.t.c.SpringBootTestContextBootstrapper : Using TestExecutionListeners: [org.springframework.test.context.web.ServletTestExecutionListener@5e74b950, org.springframework.test.context.support.DirtiesContextBeforeModesTestExecutionListener@b5a7aa3, org.springframework.boot.test.mock.mockito.MockitoTestExecutionListener@39e273e0, org.springframework.boot.test.autoconfigure.SpringBootDependencyInjectionTestExecutionListener@3d9148ce, org.springframework.test.context.support.DirtiesContextTestExecutionListener@46d4d815, org.springframework.test.context.transaction.TransactionalTestExecutionListener@1e033d0e, org.springframework.test.context.jdbc.SqlScriptsTestExecutionListener@34d4305d, org.springframework.security.test.context.support.WithSecurityContextTestExecutionListener@334c931, org.springframework.security.test.context.support.ReactorContextTestExecutionListener@63c0bd32, org.springframework.boot.test.autoconfigure.restdocs.RestDocsTestExecutionListener@642c1709, org.springframework.boot.test.autoconfigure.web.client.MockRestServiceServerResetTestExecutionListener@716f9509, org.springframework.boot.test.autoconfigure.web.servlet.MockMvcPrintOnlyOnFailureTestExecutionListener@5437a754, org.springframework.boot.test.autoconfigure.web.servlet.WebDriverTestExecutionListener@3278a9cd, org.springframework.boot.test.mock.mockito.ResetMocksTestExecutionListener@36e864d4]

  .   ____          _            __ _ _
 /\\ / ___'_ __ _ _(_)_ __  __ _ \ \ \ \
( ( )\___ | '_ | '_| | '_ \/ _` | \ \ \ \
 \\/  ___)| |_)| | | | | || (_| |  ) ) ) )
  '  |____| .__|_| |_|_| |_\__, | / / / /
 =========|_|==============|___/=/_/_/_/
 :: Spring Boot ::        (v2.1.7.RELEASE)

2021-04-03 06:15:47.943  INFO 14968 --- [    Test worker] c.a.m.s.web.IndexControllerTest          : Starting IndexControllerTest on DESKTOP-5G2C5JO with PID 14968 (started by KIMSG in C:\Users\KIMSG\Desktop\code\인텔리제이+aws\alone00)
2021-04-03 06:15:47.943  INFO 14968 --- [    Test worker] c.a.m.s.web.IndexControllerTest          : The following profiles are active: oauth
2021-04-03 06:15:48.178  INFO 14968 --- [    Test worker] .s.d.r.c.RepositoryConfigurationDelegate : Bootstrapping Spring Data repositories in DEFAULT mode.
2021-04-03 06:15:48.193  INFO 14968 --- [    Test worker] .s.d.r.c.RepositoryConfigurationDelegate : Finished Spring Data repository scanning in 15ms. Found 2 repository interfaces.
2021-04-03 06:15:48.287  INFO 14968 --- [    Test worker] trationDelegate$BeanPostProcessorChecker : Bean 'org.springframework.transaction.annotation.ProxyTransactionManagementConfiguration' of type [org.springframework.transaction.annotation.ProxyTransactionManagementConfiguration$$EnhancerBySpringCGLIB$$53ea4b34] is not eligible for getting processed by all BeanPostProcessors (for example: not eligible for auto-proxying)
2021-04-03 06:15:48.537  INFO 14968 --- [    Test worker] o.s.b.w.embedded.tomcat.TomcatWebServer  : Tomcat initialized with port(s): 0 (http)
2021-04-03 06:15:48.568  INFO 14968 --- [    Test worker] o.apache.catalina.core.StandardService   : Starting service [Tomcat]
2021-04-03 06:15:48.568  INFO 14968 --- [    Test worker] org.apache.catalina.core.StandardEngine  : Starting Servlet engine: [Apache Tomcat/9.0.22]
2021-04-03 06:15:48.584  INFO 14968 --- [    Test worker] o.a.catalina.core.AprLifecycleListener   : An older version [1.2.14] of the APR based Apache Tomcat Native library is installed, while Tomcat recommends a minimum version of [1.2.23]
2021-04-03 06:15:48.584  INFO 14968 --- [    Test worker] o.a.catalina.core.AprLifecycleListener   : Loaded APR based Apache Tomcat Native library [1.2.14] using APR version [1.6.2].
2021-04-03 06:15:48.584  INFO 14968 --- [    Test worker] o.a.catalina.core.AprLifecycleListener   : APR capabilities: IPv6 [true], sendfile [true], accept filters [false], random [true].
2021-04-03 06:15:48.584  INFO 14968 --- [    Test worker] o.a.catalina.core.AprLifecycleListener   : APR/OpenSSL configuration: useAprConnector [false], useOpenSSL [true]
2021-04-03 06:15:49.646  INFO 14968 --- [    Test worker] o.a.catalina.core.AprLifecycleListener   : OpenSSL successfully initialized [OpenSSL 1.0.2l  25 May 2017]
2021-04-03 06:15:49.787  INFO 14968 --- [    Test worker] o.a.c.c.C.[Tomcat].[localhost].[/]       : Initializing Spring embedded WebApplicationContext
2021-04-03 06:15:49.787  INFO 14968 --- [    Test worker] o.s.web.context.ContextLoader            : Root WebApplicationContext: initialization completed in 1828 ms
2021-04-03 06:15:49.974  INFO 14968 --- [    Test worker] com.zaxxer.hikari.HikariDataSource       : HikariPool-2 - Starting...
2021-04-03 06:15:49.974  INFO 14968 --- [    Test worker] com.zaxxer.hikari.HikariDataSource       : HikariPool-2 - Start completed.
2021-04-03 06:15:50.052  INFO 14968 --- [    Test worker] o.hibernate.jpa.internal.util.LogHelper  : HHH000204: Processing PersistenceUnitInfo [
	name: default
	...]
2021-04-03 06:15:50.052  INFO 14968 --- [    Test worker] org.hibernate.dialect.Dialect            : HHH000400: Using dialect: org.hibernate.dialect.MySQL5InnoDBDialect
Hibernate: drop table if exists posts
Hibernate: drop table if exists user
Hibernate: create table posts (id bigint not null auto_increment, created_date datetime, modified_date datetime, author varchar(255), content TEXT not null, title varchar(500) not null, primary key (id)) engine=InnoDB
Hibernate: create table user (id bigint not null auto_increment, created_date datetime, modified_date datetime, email varchar(255) not null, name varchar(255) not null, picture varchar(255), role varchar(255) not null, primary key (id)) engine=InnoDB
2021-04-03 06:15:50.099  INFO 14968 --- [    Test worker] o.h.t.schema.internal.SchemaCreatorImpl  : HHH000476: Executing import script 'org.hibernate.tool.schema.internal.exec.ScriptSourceInputNonExistentImpl@1d136c18'
2021-04-03 06:15:50.099  INFO 14968 --- [    Test worker] j.LocalContainerEntityManagerFactoryBean : Initialized JPA EntityManagerFactory for persistence unit 'default'
2021-04-03 06:15:50.412  INFO 14968 --- [    Test worker] o.h.h.i.QueryTranslatorFactoryInitiator  : HHH000397: Using ASTQueryTranslatorFactory
2021-04-03 06:15:50.568  INFO 14968 --- [    Test worker] o.s.s.web.DefaultSecurityFilterChain     : Creating filter chain: any request, [org.springframework.security.web.context.request.async.WebAsyncManagerIntegrationFilter@1e3a59a1, org.springframework.security.web.context.SecurityContextPersistenceFilter@1fa14d0e, org.springframework.security.web.header.HeaderWriterFilter@304655e8, org.springframework.security.web.authentication.logout.LogoutFilter@700103e2, org.springframework.security.oauth2.client.web.OAuth2AuthorizationRequestRedirectFilter@1e18e316, org.springframework.security.oauth2.client.web.OAuth2LoginAuthenticationFilter@45eb913a, org.springframework.security.web.authentication.ui.DefaultLoginPageGeneratingFilter@655dfb7a, org.springframework.security.web.authentication.ui.DefaultLogoutPageGeneratingFilter@30de7175, org.springframework.security.web.savedrequest.RequestCacheAwareFilter@48d6a824, org.springframework.security.web.servletapi.SecurityContextHolderAwareRequestFilter@4a3d4dc3, org.springframework.security.web.authentication.AnonymousAuthenticationFilter@6987242b, org.springframework.security.web.session.SessionManagementFilter@734b909e, org.springframework.security.web.access.ExceptionTranslationFilter@53909608, org.springframework.security.web.access.intercept.FilterSecurityInterceptor@54571f2]
2021-04-03 06:15:50.756  INFO 14968 --- [    Test worker] o.s.s.concurrent.ThreadPoolTaskExecutor  : Initializing ExecutorService 'applicationTaskExecutor'
2021-04-03 06:15:50.771  WARN 14968 --- [    Test worker] aWebConfiguration$JpaWebMvcConfiguration : spring.jpa.open-in-view is enabled by default. Therefore, database queries may be performed during view rendering. Explicitly configure spring.jpa.open-in-view to disable this warning
2021-04-03 06:15:50.802  INFO 14968 --- [    Test worker] o.s.b.a.w.s.WelcomePageHandlerMapping    : Adding welcome page template: index
2021-04-03 06:15:51.084  INFO 14968 --- [    Test worker] s.a.ScheduledAnnotationBeanPostProcessor : No TaskScheduler/ScheduledExecutorService bean found for scheduled processing
2021-04-03 06:15:51.131  INFO 14968 --- [    Test worker] o.s.b.w.embedded.tomcat.TomcatWebServer  : Tomcat started on port(s): 12187 (http) with context path ''
2021-04-03 06:15:51.131  INFO 14968 --- [    Test worker] c.a.m.s.web.IndexControllerTest          : Started IndexControllerTest in 3.235 seconds (JVM running for 12.211)
2021-04-03 06:15:51.256  INFO 14968 --- [-auto-1-exec-10] o.a.c.c.C.[Tomcat].[localhost].[/]       : Initializing Spring DispatcherServlet 'dispatcherServlet'
2021-04-03 06:15:51.271  INFO 14968 --- [-auto-1-exec-10] o.s.web.servlet.DispatcherServlet        : Initializing Servlet 'dispatcherServlet'
2021-04-03 06:15:51.287  INFO 14968 --- [-auto-1-exec-10] o.s.web.servlet.DispatcherServlet        : Completed initialization in 16 ms
Hibernate: select posts0_.id as id1_0_, posts0_.created_date as created_2_0_, posts0_.modified_date as modified3_0_, posts0_.author as author4_0_, posts0_.content as content5_0_, posts0_.title as title6_0_ from posts posts0_ order by posts0_.id DESC
]]></system-out>
  <system-err><![CDATA[]]></system-err>
</testsuite>
